Log file open, 03/23/22 18:51:29
LogInit: Display: Running engine for game: SoftDesignTraining
LogPlatformFile: Not using cached read wrapper
LogTaskGraph: Started task graph with 5 named threads and 35 total threads with 3 sets of task threads.
LogStats: Stats thread started at 0.180014
LogD3D11RHI: Loaded GFSDK_Aftermath_Lib.x64.dll
LogICUInternationalization: ICU TimeZone Detection - Raw Offset: -5:00, Platform Override: ''
LogPluginManager: Mounting plugin Paper2D
LogPluginManager: Mounting plugin AISupport
LogPluginManager: Mounting plugin LightPropagationVolume
LogPluginManager: Mounting plugin CameraShakePreviewer
LogPluginManager: Mounting plugin ActorLayerUtilities
LogPluginManager: Mounting plugin AnimationSharing
LogPluginManager: Mounting plugin CLionSourceCodeAccess
LogPluginManager: Mounting plugin CodeLiteSourceCodeAccess
LogPluginManager: Mounting plugin GitSourceControl
LogPluginManager: Mounting plugin KDevelopSourceCodeAccess
LogPluginManager: Mounting plugin NullSourceCodeAccess
LogPluginManager: Mounting plugin PerforceSourceControl
LogPluginManager: Mounting plugin PlasticSourceControl
LogPluginManager: Mounting plugin RiderSourceCodeAccess
LogPluginManager: Mounting plugin SubversionSourceControl
LogPluginManager: Mounting plugin UObjectPlugin
LogPluginManager: Mounting plugin VisualStudioCodeSourceCodeAccess
LogPluginManager: Mounting plugin VisualStudioSourceCodeAccess
LogPluginManager: Mounting plugin XCodeSourceCodeAccess
LogPluginManager: Mounting plugin AssetManagerEditor
LogPluginManager: Mounting plugin CryptoKeys
LogPluginManager: Mounting plugin CurveEditorTools
LogPluginManager: Mounting plugin DataValidation
LogPluginManager: Mounting plugin EditorScriptingUtilities
LogPluginManager: Mounting plugin FacialAnimation
LogPluginManager: Mounting plugin GameplayTagsEditor
LogPluginManager: Mounting plugin GeometryMode
LogPluginManager: Mounting plugin MacGraphicsSwitching
LogPluginManager: Mounting plugin MaterialAnalyzer
LogPluginManager: Mounting plugin MobileLauncherProfileWizard
LogPluginManager: Mounting plugin PluginBrowser
LogPluginManager: Mounting plugin SpeedTreeImporter
LogPluginManager: Mounting plugin DatasmithContent
LogPluginManager: Mounting plugin VariantManagerContent
LogPluginManager: Mounting plugin AlembicImporter
LogPluginManager: Mounting plugin AutomationUtils
LogPluginManager: Mounting plugin BackChannel
LogPluginManager: Mounting plugin ChaosCloth
LogPluginManager: Mounting plugin ChaosClothEditor
LogPluginManager: Mounting plugin ChaosEditor
LogPluginManager: Mounting plugin ChaosNiagara
LogPluginManager: Mounting plugin ChaosSolverPlugin
LogPluginManager: Mounting plugin CharacterAI
LogPluginManager: Mounting plugin GeometryCache
LogPluginManager: Mounting plugin GeometryCollectionPlugin
LogPluginManager: Mounting plugin GeometryProcessing
LogPluginManager: Mounting plugin PlanarCut
LogPluginManager: Mounting plugin PlatformCrypto
LogPluginManager: Mounting plugin ProxyLODPlugin
LogPluginManager: Mounting plugin SkeletalReduction
LogPluginManager: Mounting plugin Niagara
LogPluginManager: Mounting plugin MagicLeap
LogPluginManager: Mounting plugin MagicLeapLightEstimation
LogPluginManager: Mounting plugin MagicLeapMedia
LogPluginManager: Mounting plugin MagicLeapPassableWorld
LogPluginManager: Mounting plugin MLSDK
LogPluginManager: Mounting plugin AndroidMedia
LogPluginManager: Mounting plugin AvfMedia
LogPluginManager: Mounting plugin ImgMedia
LogPluginManager: Mounting plugin MediaCompositing
LogPluginManager: Mounting plugin MediaPlayerEditor
LogPluginManager: Mounting plugin WebMMedia
LogPluginManager: Mounting plugin WmfMedia
LogPluginManager: Mounting plugin MeshPainting
LogPluginManager: Mounting plugin TcpMessaging
LogPluginManager: Mounting plugin UdpMessaging
LogPluginManager: Mounting plugin ActorSequence
LogPluginManager: Mounting plugin LevelSequenceEditor
LogPluginManager: Mounting plugin MatineeToLevelSequence
LogPluginManager: Mounting plugin MovieRenderPipeline
LogPluginManager: Mounting plugin TemplateSequence
LogPluginManager: Mounting plugin NetcodeUnitTest
LogPluginManager: Mounting plugin NUTUnrealEngine4
LogPluginManager: Mounting plugin OnlineSubsystemGooglePlay
LogPluginManager: Mounting plugin OnlineSubsystemIOS
LogPluginManager: Mounting plugin OnlineSubsystem
LogPluginManager: Mounting plugin OnlineSubsystemNull
LogPluginManager: Mounting plugin OnlineSubsystemUtils
LogPluginManager: Mounting plugin LauncherChunkInstaller
LogPluginManager: Mounting plugin AndroidDeviceProfileSelector
LogPluginManager: Mounting plugin AndroidMoviePlayer
LogPluginManager: Mounting plugin AndroidPermission
LogPluginManager: Mounting plugin AppleImageUtils
LogPluginManager: Mounting plugin AppleMoviePlayer
LogPluginManager: Mounting plugin ArchVisCharacter
LogPluginManager: Mounting plugin AssetTags
LogPluginManager: Mounting plugin AudioCapture
LogPluginManager: Mounting plugin CableComponent
LogPluginManager: Mounting plugin CustomMeshComponent
LogPluginManager: Mounting plugin EditableMesh
LogPluginManager: Mounting plugin ExampleDeviceProfileSelector
LogPluginManager: Mounting plugin GoogleCloudMessaging
LogPluginManager: Mounting plugin GooglePAD
LogPluginManager: Mounting plugin IOSDeviceProfileSelector
LogPluginManager: Mounting plugin LinuxDeviceProfileSelector
LogPluginManager: Mounting plugin LocationServicesBPLibrary
LogPluginManager: Mounting plugin MobilePatchingUtils
LogPluginManager: Mounting plugin OculusVR
LogPluginManager: Mounting plugin PhysXVehicles
LogPluginManager: Mounting plugin PostSplashScreen
LogPluginManager: Mounting plugin ProceduralMeshComponent
LogPluginManager: Mounting plugin RuntimePhysXCooking
LogPluginManager: Mounting plugin SignificanceManager
LogPluginManager: Mounting plugin SoundFields
LogPluginManager: Mounting plugin SteamVR
LogPluginManager: Mounting plugin Synthesis
LogPluginManager: Mounting plugin WebMMoviePlayer
LogPluginManager: Mounting plugin WindowsMoviePlayer
LogPluginManager: Mounting plugin ScreenshotTools
Launching UnrealBuildTool... [C:/Program Files/Epic Games/UE_4.25/Engine/Binaries/DotNET/UnrealBuildTool.exe -Mode=QueryTargets -Project="C:/Users/DNJACK/Desktop/labs/log8235-tp3/SoftDesignTraining.uproject" -Output="C:/Users/DNJACK/Desktop/labs/log8235-tp3/Intermediate/TargetInfo.json"]
LogInit: Warning: Incompatible or missing module: SoftDesignTraining
Running C:/Program Files/Epic Games/UE_4.25/Engine/Binaries/DotNET/UnrealBuildTool.exe Development Win64 -Project="C:/Users/DNJACK/Desktop/labs/log8235-tp3/SoftDesignTraining.uproject" -TargetType=Editor -Progress -NoEngineChanges -NoHotReloadFromIDE
Using 'git status' to determine working set for adaptive non-unity build (C:\Users\DNJACK\Desktop\labs\log8235-tp3).
Creating makefile for SoftDesignTrainingEditor (no existing makefile)
@progress push 5%
Parsing headers for SoftDesignTrainingEditor
  Running UnrealHeaderTool "C:\Users\DNJACK\Desktop\labs\log8235-tp3\SoftDesignTraining.uproject" "C:\Users\DNJACK\Desktop\labs\log8235-tp3\Intermediate\Build\Win64\SoftDesignTrainingEditor\Development\SoftDesignTrainingEditor.uhtmanifest" -LogCmds="loginit warning, logexit warning, logdatabase error" -Unattended -WarningsAsErrors -abslog="C:\Users\DNJACK\AppData\Local\UnrealBuildTool\Log_UHT.txt" -installed
Reflection code generated for SoftDesignTrainingEditor in 5.5188543 seconds
@progress pop
Building SoftDesignTrainingEditor...
Using Visual Studio 2019 14.29.30138 toolchain (C:\Program Files (x86)\Microsoft Visual Studio\2019\Community\VC\Tools\MSVC\14.29.30133) and Windows 10.0.18362.0 SDK (C:\Program Files (x86)\Windows Kits\10).
Building 42 actions with 12 processes...
  @progress 'Compiling C++ source code...' 0%
  @progress 'Compiling C++ source code...' 2%
  [1/42] Default.rc2
  @progress 'Compiling C++ source code...' 5%
  [2/42] SharedPCH.Engine.ShadowErrors.cpp
  @progress 'Compiling C++ source code...' 7%
  [3/42] BTService_TryDetectTarget.cpp
  @progress 'Compiling C++ source code...' 10%
  [4/42] BTService_TryGetPoweredUp.cpp
  @progress 'Compiling C++ source code...' 12%
  [5/42] SoftDesignTraining.cpp
  @progress 'Compiling C++ source code...' 14%
  [6/42] SDTFleeLocation.cpp
  @progress 'Compiling C++ source code...' 17%
  [7/42] SoftDesignTrainingMainCharacter.cpp
  @progress 'Compiling C++ source code...' 19%
  [8/42] SDTProjectile.cpp
  @progress 'Compiling C++ source code...' 21%
  [9/42] SDTProjectileSpawner.cpp
  @progress 'Compiling C++ source code...' 24%
  [10/42] SDTAnimNotify_JumpEnd.cpp
  @progress 'Compiling C++ source code...' 26%
  [11/42] SDTAnimNotify_JumpStart.cpp
  @progress 'Compiling C++ source code...' 29%
  [12/42] SDTUtils.cpp
  @progress 'Compiling C++ source code...' 31%
  [13/42] SDTBaseAIController.cpp
  @progress 'Compiling C++ source code...' 33%
  [14/42] SDTAIController.cpp
  @progress 'Compiling C++ source code...' 36%
  [15/42] FleeLocation.gen.cpp
  @progress 'Compiling C++ source code...' 38%
  [16/42] SDTAnimNotify_JumpStart.gen.cpp
  @progress 'Compiling C++ source code...' 40%
  [17/42] SDTAnimNotify_JumpEnd.gen.cpp
  @progress 'Compiling C++ source code...' 43%
  [18/42] BTService_TryDetectTarget.gen.cpp
  @progress 'Compiling C++ source code...' 45%
  [19/42] BTService_TryGetPoweredUp.gen.cpp
  @progress 'Compiling C++ source code...' 48%
  [20/42] SDTCollectible.gen.cpp
  @progress 'Compiling C++ source code...' 50%
  [21/42] SDTFleeLocation.gen.cpp
  @progress 'Compiling C++ source code...' 52%
  [22/42] SDTAIController.gen.cpp
  @progress 'Compiling C++ source code...' 55%
  [23/42] SDTBaseAIController.gen.cpp
  @progress 'Compiling C++ source code...' 57%
  [24/42] SDTNavArea_Jump.gen.cpp
  @progress 'Compiling C++ source code...' 60%
  [25/42] SDTProjectile.gen.cpp
  @progress 'Compiling C++ source code...' 62%
  [26/42] SoftDesignTraining.init.gen.cpp
  @progress 'Compiling C++ source code...' 64%
  [27/42] SDTProjectileSpawner.gen.cpp
  @progress 'Compiling C++ source code...' 67%
  [28/42] SoftDesignTrainingCharacter.gen.cpp
  @progress 'Compiling C++ source code...' 69%
  [29/42] SoftDesignTrainingGameMode.gen.cpp
  @progress 'Compiling C++ source code...' 71%
  [30/42] SoftDesignTrainingGameMode.cpp
  @progress 'Compiling C++ source code...' 74%
  [31/42] SoftDesignTrainingPlayerController.gen.cpp
  @progress 'Compiling C++ source code...' 76%
  [32/42] SoftDesignTrainingMainCharacter.gen.cpp
  @progress 'Compiling C++ source code...' 79%
  [33/42] SoftDesignTrainingCharacter.cpp
  @progress 'Compiling C++ source code...' 81%
  [34/42] SDTPathFollowingComponent.gen.cpp
  @progress 'Compiling C++ source code...' 83%
  [35/42] SDTCollectible.cpp
  @progress 'Compiling C++ source code...' 86%
  [36/42] SDTNavArea_Jump.cpp
  @progress 'Compiling C++ source code...' 88%
  [37/42] SDTPathFollowingComponent.cpp
  @progress 'Compiling C++ source code...' 90%
  [38/42] SoftDesignTrainingPlayerController.cpp
  @progress 'Compiling C++ source code...' 93%
  [39/42] FleeLocation.cpp
  @progress 'Compiling C++ source code...' 95%
  [40/42] UE4Editor-SoftDesignTraining.lib
     Creating library C:\Users\DNJACK\Desktop\labs\log8235-tp3\Intermediate\Build\Win64\UE4Editor\Development\SoftDesignTraining\UE4Editor-SoftDesignTraining.lib and object C:\Users\DNJACK\Desktop\labs\log8235-tp3\Intermediate\Build\Win64\UE4Editor\Development\SoftDesignTraining\UE4Editor-SoftDesignTraining.exp
  @progress 'Compiling C++ source code...' 98%
  [41/42] UE4Editor-SoftDesignTraining.dll
     Creating library C:\Users\DNJACK\Desktop\labs\log8235-tp3\Intermediate\Build\Win64\UE4Editor\Development\SoftDesignTraining\UE4Editor-SoftDesignTraining.suppressed.lib and object C:\Users\DNJACK\Desktop\labs\log8235-tp3\Intermediate\Build\Win64\UE4Editor\Development\SoftDesignTraining\UE4Editor-SoftDesignTraining.suppressed.exp
  @progress 'Compiling C++ source code...' 100%
  [42/42] SoftDesignTrainingEditor.target
Total time in Parallel executor: 38.80 seconds
Total execution time: 50.31 seconds
LogInit: Using libcurl 7.55.1-DEV
LogInit:  - built for x86_64-pc-win32
LogInit:  - supports SSL with OpenSSL/1.1.1
LogInit:  - supports HTTP deflate (compression) using libz 1.2.8
LogInit:  - other features:
LogInit:      CURL_VERSION_SSL
LogInit:      CURL_VERSION_LIBZ
LogInit:      CURL_VERSION_IPV6
LogInit:      CURL_VERSION_ASYNCHDNS
LogInit:      CURL_VERSION_LARGEFILE
LogInit:      CURL_VERSION_IDN
LogInit:  CurlRequestOptions (configurable via config and command line):
LogInit:  - bVerifyPeer = true  - Libcurl will verify peer certificate
LogInit:  - bUseHttpProxy = false  - Libcurl will NOT use HTTP proxy
LogInit:  - bDontReuseConnections = false  - Libcurl will reuse connections
LogInit:  - MaxHostConnections = 16  - Libcurl will limit the number of connections to a host
LogInit:  - LocalHostAddr = Default
LogInit:  - BufferSize = 65536
LogOnline: OSS: Creating online subsystem instance for: NULL
LogInit: WinSock: version 1.1 (2.2), MaxSocks=32767, MaxUdp=65467
LogOnline: OSS: TryLoadSubsystemAndSetDefault: Loaded subsystem for module [NULL]
LogInit: Build: ++UE4+Release-4.25-CL-14469661
LogInit: Engine Version: 4.25.4-14469661+++UE4+Release-4.25
LogInit: Compatible Engine Version: 4.25.0-13144385+++UE4+Release-4.25
LogInit: Net CL: 13144385
LogInit: OS: Windows 10 (Release 1909) (), CPU: AMD Ryzen 5 1600X Six-Core Processor           , GPU: NVIDIA GeForce GTX 1080
LogInit: Compiled (64-bit): Oct 11 2020 08:10:49
LogInit: Compiled with Visual C++: 19.24.28315.00
LogInit: Build Configuration: Development
LogInit: Branch Name: ++UE4+Release-4.25
LogInit: Command Line: 
LogInit: Base Directory: C:/Program Files/Epic Games/UE_4.25/Engine/Binaries/Win64/
LogInit: Allocator: TBB
LogInit: Installed Engine Build: 1
LogDevObjectVersion: Number of dev versions registered: 26
LogDevObjectVersion:   Dev-Blueprints (B0D832E4-1F89-4F0D-ACCF-7EB736FD4AA2): 10
LogDevObjectVersion:   Dev-Build (E1C64328-A22C-4D53-A36C-8E866417BD8C): 0
LogDevObjectVersion:   Dev-Core (375EC13C-06E4-48FB-B500-84F0262A717E): 4
LogDevObjectVersion:   Dev-Editor (E4B068ED-F494-42E9-A231-DA0B2E46BB41): 38
LogDevObjectVersion:   Dev-Framework (CFFC743F-43B0-4480-9391-14DF171D2073): 37
LogDevObjectVersion:   Dev-Mobile (B02B49B5-BB20-44E9-A304-32B752E40360): 2
LogDevObjectVersion:   Dev-Networking (A4E4105C-59A1-49B5-A7C5-40C4547EDFEE): 0
LogDevObjectVersion:   Dev-Online (39C831C9-5AE6-47DC-9A44-9C173E1C8E7C): 0
LogDevObjectVersion:   Dev-Physics (78F01B33-EBEA-4F98-B9B4-84EACCB95AA2): 4
LogDevObjectVersion:   Dev-Platform (6631380F-2D4D-43E0-8009-CF276956A95A): 0
LogDevObjectVersion:   Dev-Rendering (12F88B9F-8875-4AFC-A67C-D90C383ABD29): 43
LogDevObjectVersion:   Dev-Sequencer (7B5AE74C-D270-4C10-A958-57980B212A5A): 12
LogDevObjectVersion:   Dev-VR (D7296918-1DD6-4BDD-9DE2-64A83CC13884): 3
LogDevObjectVersion:   Dev-LoadTimes (C2A15278-BFE7-4AFE-6C17-90FF531DF755): 1
LogDevObjectVersion:   Private-Geometry (6EACA3D4-40EC-4CC1-B786-8BED09428FC5): 3
LogDevObjectVersion:   Dev-AnimPhys (29E575DD-E0A3-4627-9D10-D276232CDCEA): 17
LogDevObjectVersion:   Dev-Anim (AF43A65D-7FD3-4947-9873-3E8ED9C1BB05): 7
LogDevObjectVersion:   Dev-ReflectionCapture (6B266CEC-1EC7-4B8F-A30B-E4D90942FC07): 1
LogDevObjectVersion:   Dev-Automation (0DF73D61-A23F-47EA-B727-89E90C41499A): 1
LogDevObjectVersion:   FortniteMain (601D1886-AC64-4F84-AA16-D3DE0DEAC7D6): 31
LogDevObjectVersion:   Dev-Enterprise (9DFFBCD6-494F-0158-E221-12823C92A888): 10
LogDevObjectVersion:   Dev-Niagara (F2AED0AC-9AFE-416F-8664-AA7FFA26D6FC): 1
LogDevObjectVersion:   Dev-Destruction (174F1F0B-B4C6-45A5-B13F-2EE8D0FB917D): 10
LogDevObjectVersion:   Dev-Physics-Ext (35F94A83-E258-406C-A318-09F59610247C): 37
LogDevObjectVersion:   Dev-PhysicsMaterial-Chaos (B68FC16E-8B1B-42E2-B453-215C058844FE): 1
LogDevObjectVersion:   Dev-CineCamera (B2E18506-4273-CFC2-A54E-F4BB758BBA07): 1
LogInit: Presizing for max 25165824 objects, including 0 objects not considered by GC, pre-allocating 0 bytes for permanent pool.
LogConfig: Applying CVar settings from Section [/Script/Engine.StreamingSettings] File [C:/Users/DNJACK/Desktop/labs/log8235-tp3/Saved/Config/Windows/Engine.ini]
LogConfig: Setting CVar [[s.MinBulkDataSizeForAsyncLoading:131072]]
LogConfig: Setting CVar [[s.AsyncLoadingThreadEnabled:0]]
LogConfig: Setting CVar [[s.EventDrivenLoaderEnabled:1]]
LogConfig: Setting CVar [[s.WarnIfTimeLimitExceeded:0]]
LogConfig: Setting CVar [[s.TimeLimitExceededMultiplier:1.5]]
LogConfig: Setting CVar [[s.TimeLimitExceededMinTime:0.005]]
LogConfig: Setting CVar [[s.UseBackgroundLevelStreaming:1]]
LogConfig: Setting CVar [[s.PriorityAsyncLoadingExtraTime:15.0]]
LogConfig: Setting CVar [[s.LevelStreamingActorsUpdateTimeLimit:5.0]]
LogConfig: Setting CVar [[s.PriorityLevelStreamingActorsUpdateExtraTime:5.0]]
LogConfig: Setting CVar [[s.LevelStreamingComponentsRegistrationGranularity:10]]
LogConfig: Setting CVar [[s.UnregisterComponentsTimeLimit:1.0]]
LogConfig: Setting CVar [[s.LevelStreamingComponentsUnregistrationGranularity:5]]
LogConfig: Setting CVar [[s.FlushStreamingOnExit:1]]
LogInit: Object subsystem initialized
LogConfig: Setting CVar [[con.DebugEarlyDefault:1]]
LogConfig: Setting CVar [[r.setres:1280x720]]
[2022.03.23-22.52.25:629][  0]LogConfig: Setting CVar [[r.VSync:0]]
[2022.03.23-22.52.25:629][  0]LogConfig: Setting CVar [[r.RHICmdBypass:0]]
[2022.03.23-22.52.25:629][  0]LogConfig: Applying CVar settings from Section [/Script/Engine.RendererSettings] File [C:/Users/DNJACK/Desktop/labs/log8235-tp3/Saved/Config/Windows/Engine.ini]
[2022.03.23-22.52.25:629][  0]LogConfig: Setting CVar [[r.GPUCrashDebugging:0]]
[2022.03.23-22.52.25:629][  0]LogConfig: Applying CVar settings from Section [/Script/Engine.RendererOverrideSettings] File [C:/Users/DNJACK/Desktop/labs/log8235-tp3/Saved/Config/Windows/Engine.ini]
[2022.03.23-22.52.25:629][  0]LogConfig: Applying CVar settings from Section [/Script/Engine.StreamingSettings] File [C:/Users/DNJACK/Desktop/labs/log8235-tp3/Saved/Config/Windows/Engine.ini]
[2022.03.23-22.52.25:629][  0]LogConfig: Setting CVar [[s.MinBulkDataSizeForAsyncLoading:131072]]
[2022.03.23-22.52.25:629][  0]LogConfig: Setting CVar [[s.AsyncLoadingThreadEnabled:0]]
[2022.03.23-22.52.25:629][  0]LogConfig: Setting CVar [[s.EventDrivenLoaderEnabled:1]]
[2022.03.23-22.52.25:629][  0]LogConfig: Setting CVar [[s.WarnIfTimeLimitExceeded:0]]
[2022.03.23-22.52.25:629][  0]LogConfig: Setting CVar [[s.TimeLimitExceededMultiplier:1.5]]
[2022.03.23-22.52.25:629][  0]LogConfig: Setting CVar [[s.TimeLimitExceededMinTime:0.005]]
[2022.03.23-22.52.25:629][  0]LogConfig: Setting CVar [[s.UseBackgroundLevelStreaming:1]]
[2022.03.23-22.52.25:629][  0]LogConfig: Setting CVar [[s.PriorityAsyncLoadingExtraTime:15.0]]
[2022.03.23-22.52.25:629][  0]LogConfig: Setting CVar [[s.LevelStreamingActorsUpdateTimeLimit:5.0]]
[2022.03.23-22.52.25:629][  0]LogConfig: Setting CVar [[s.PriorityLevelStreamingActorsUpdateExtraTime:5.0]]
[2022.03.23-22.52.25:629][  0]LogConfig: Setting CVar [[s.LevelStreamingComponentsRegistrationGranularity:10]]
[2022.03.23-22.52.25:629][  0]LogConfig: Setting CVar [[s.UnregisterComponentsTimeLimit:1.0]]
[2022.03.23-22.52.25:629][  0]LogConfig: Setting CVar [[s.LevelStreamingComponentsUnregistrationGranularity:5]]
[2022.03.23-22.52.25:629][  0]LogConfig: Setting CVar [[s.FlushStreamingOnExit:1]]
[2022.03.23-22.52.25:629][  0]LogConfig: Applying CVar settings from Section [/Script/Engine.GarbageCollectionSettings] File [C:/Users/DNJACK/Desktop/labs/log8235-tp3/Saved/Config/Windows/Engine.ini]
[2022.03.23-22.52.25:629][  0]LogConfig: Setting CVar [[gc.MaxObjectsNotConsideredByGC:1]]
[2022.03.23-22.52.25:629][  0]LogConfig: Setting CVar [[gc.SizeOfPermanentObjectPool:0]]
[2022.03.23-22.52.25:629][  0]LogConfig: Setting CVar [[gc.FlushStreamingOnGC:0]]
[2022.03.23-22.52.25:629][  0]LogConfig: Setting CVar [[gc.NumRetriesBeforeForcingGC:10]]
[2022.03.23-22.52.25:629][  0]LogConfig: Setting CVar [[gc.AllowParallelGC:1]]
[2022.03.23-22.52.25:629][  0]LogConfig: Setting CVar [[gc.TimeBetweenPurgingPendingKillObjects:61.1]]
[2022.03.23-22.52.25:629][  0]LogConfig: Setting CVar [[gc.MaxObjectsInEditor:25165824]]
[2022.03.23-22.52.25:629][  0]LogConfig: Setting CVar [[gc.IncrementalBeginDestroyEnabled:1]]
[2022.03.23-22.52.25:629][  0]LogConfig: Setting CVar [[gc.CreateGCClusters:1]]
[2022.03.23-22.52.25:629][  0]LogConfig: Setting CVar [[gc.MinGCClusterSize:5]]
[2022.03.23-22.52.25:629][  0]LogConfig: Setting CVar [[gc.ActorClusteringEnabled:0]]
[2022.03.23-22.52.25:629][  0]LogConfig: Setting CVar [[gc.BlueprintClusteringEnabled:0]]
[2022.03.23-22.52.25:629][  0]LogConfig: Setting CVar [[gc.UseDisregardForGCOnDedicatedServers:0]]
[2022.03.23-22.52.25:629][  0]LogConfig: Applying CVar settings from Section [/Script/Engine.NetworkSettings] File [C:/Users/DNJACK/Desktop/labs/log8235-tp3/Saved/Config/Windows/Engine.ini]
[2022.03.23-22.52.25:629][  0]LogConfig: Applying CVar settings from Section [/Script/UnrealEd.CookerSettings] File [C:/Users/DNJACK/Desktop/labs/log8235-tp3/Saved/Config/Windows/Engine.ini]
[2022.03.23-22.52.25:631][  0]LogConfig: Applying CVar settings from Section [ViewDistanceQuality@3] File [C:/Users/DNJACK/Desktop/labs/log8235-tp3/Saved/Config/Windows/Scalability.ini]
[2022.03.23-22.52.25:631][  0]LogConfig: Setting CVar [[r.SkeletalMeshLODBias:0]]
[2022.03.23-22.52.25:631][  0]LogConfig: Setting CVar [[r.ViewDistanceScale:1.0]]
[2022.03.23-22.52.25:631][  0]LogConfig: Applying CVar settings from Section [AntiAliasingQuality@3] File [C:/Users/DNJACK/Desktop/labs/log8235-tp3/Saved/Config/Windows/Scalability.ini]
[2022.03.23-22.52.25:631][  0]LogConfig: Setting CVar [[r.PostProcessAAQuality:4]]
[2022.03.23-22.52.25:631][  0]LogConfig: Applying CVar settings from Section [ShadowQuality@3] File [C:/Users/DNJACK/Desktop/labs/log8235-tp3/Saved/Config/Windows/Scalability.ini]
[2022.03.23-22.52.25:631][  0]LogConfig: Setting CVar [[r.LightFunctionQuality:1]]
[2022.03.23-22.52.25:631][  0]LogConfig: Setting CVar [[r.ShadowQuality:5]]
[2022.03.23-22.52.25:631][  0]LogConfig: Setting CVar [[r.Shadow.CSM.MaxCascades:10]]
[2022.03.23-22.52.25:631][  0]LogConfig: Setting CVar [[r.Shadow.MaxResolution:2048]]
[2022.03.23-22.52.25:631][  0]LogConfig: Setting CVar [[r.Shadow.MaxCSMResolution:2048]]
[2022.03.23-22.52.25:631][  0]LogConfig: Setting CVar [[r.Shadow.RadiusThreshold:0.01]]
[2022.03.23-22.52.25:631][  0]LogConfig: Setting CVar [[r.Shadow.DistanceScale:1.0]]
[2022.03.23-22.52.25:632][  0]LogConfig: Setting CVar [[r.Shadow.CSM.TransitionScale:1.0]]
[2022.03.23-22.52.25:632][  0]LogConfig: Setting CVar [[r.Shadow.PreShadowResolutionFactor:1.0]]
[2022.03.23-22.52.25:632][  0]LogConfig: Setting CVar [[r.DistanceFieldShadowing:1]]
[2022.03.23-22.52.25:632][  0]LogConfig: Setting CVar [[r.DistanceFieldAO:1]]
[2022.03.23-22.52.25:632][  0]LogConfig: Setting CVar [[r.AOQuality:2]]
[2022.03.23-22.52.25:632][  0]LogConfig: Setting CVar [[r.VolumetricFog:1]]
[2022.03.23-22.52.25:632][  0]LogConfig: Setting CVar [[r.VolumetricFog.GridPixelSize:8]]
[2022.03.23-22.52.25:632][  0]LogConfig: Setting CVar [[r.VolumetricFog.GridSizeZ:128]]
[2022.03.23-22.52.25:632][  0]LogConfig: Setting CVar [[r.VolumetricFog.HistoryMissSupersampleCount:4]]
[2022.03.23-22.52.25:632][  0]LogConfig: Setting CVar [[r.LightMaxDrawDistanceScale:1]]
[2022.03.23-22.52.25:632][  0]LogConfig: Setting CVar [[r.CapsuleShadows:1]]
[2022.03.23-22.52.25:632][  0]LogConfig: Applying CVar settings from Section [PostProcessQuality@3] File [C:/Users/DNJACK/Desktop/labs/log8235-tp3/Saved/Config/Windows/Scalability.ini]
[2022.03.23-22.52.25:632][  0]LogConfig: Setting CVar [[r.MotionBlurQuality:4]]
[2022.03.23-22.52.25:632][  0]LogConfig: Setting CVar [[r.AmbientOcclusionMipLevelFactor:0.4]]
[2022.03.23-22.52.25:632][  0]LogConfig: Setting CVar [[r.AmbientOcclusionMaxQuality:100]]
[2022.03.23-22.52.25:632][  0]LogConfig: Setting CVar [[r.AmbientOcclusionLevels:-1]]
[2022.03.23-22.52.25:632][  0]LogConfig: Setting CVar [[r.AmbientOcclusionRadiusScale:1.0]]
[2022.03.23-22.52.25:632][  0]LogConfig: Setting CVar [[r.DepthOfFieldQuality:2]]
[2022.03.23-22.52.25:632][  0]LogConfig: Setting CVar [[r.RenderTargetPoolMin:400]]
[2022.03.23-22.52.25:632][  0]LogConfig: Setting CVar [[r.LensFlareQuality:2]]
[2022.03.23-22.52.25:632][  0]LogConfig: Setting CVar [[r.SceneColorFringeQuality:1]]
[2022.03.23-22.52.25:632][  0]LogConfig: Setting CVar [[r.EyeAdaptationQuality:2]]
[2022.03.23-22.52.25:632][  0]LogConfig: Setting CVar [[r.BloomQuality:5]]
[2022.03.23-22.52.25:632][  0]LogConfig: Setting CVar [[r.FastBlurThreshold:100]]
[2022.03.23-22.52.25:632][  0]LogConfig: Setting CVar [[r.Upscale.Quality:3]]
[2022.03.23-22.52.25:632][  0]LogConfig: Setting CVar [[r.Tonemapper.GrainQuantization:1]]
[2022.03.23-22.52.25:632][  0]LogConfig: Setting CVar [[r.LightShaftQuality:1]]
[2022.03.23-22.52.25:632][  0]LogConfig: Setting CVar [[r.Filter.SizeScale:1]]
[2022.03.23-22.52.25:632][  0]LogConfig: Setting CVar [[r.Tonemapper.Quality:5]]
[2022.03.23-22.52.25:632][  0]LogConfig: Setting CVar [[r.DOF.Gather.AccumulatorQuality:1        ; higher gathering accumulator quality]]
[2022.03.23-22.52.25:632][  0]LogConfig: Setting CVar [[r.DOF.Gather.PostfilterMethod:1          ; Median3x3 postfilering method]]
[2022.03.23-22.52.25:632][  0]LogConfig: Setting CVar [[r.DOF.Gather.EnableBokehSettings:0       ; no bokeh simulation when gathering]]
[2022.03.23-22.52.25:632][  0]LogConfig: Setting CVar [[r.DOF.Gather.RingCount:4                 ; medium number of samples when gathering]]
[2022.03.23-22.52.25:632][  0]LogConfig: Setting CVar [[r.DOF.Scatter.ForegroundCompositing:1    ; additive foreground scattering]]
[2022.03.23-22.52.25:632][  0]LogConfig: Setting CVar [[r.DOF.Scatter.BackgroundCompositing:2    ; additive background scattering]]
[2022.03.23-22.52.25:632][  0]LogConfig: Setting CVar [[r.DOF.Scatter.EnableBokehSettings:1      ; bokeh simulation when scattering]]
[2022.03.23-22.52.25:632][  0]LogConfig: Setting CVar [[r.DOF.Scatter.MaxSpriteRatio:0.1         ; only a maximum of 10% of scattered bokeh]]
[2022.03.23-22.52.25:632][  0]LogConfig: Setting CVar [[r.DOF.Recombine.Quality:1                ; cheap slight out of focus]]
[2022.03.23-22.52.25:632][  0]LogConfig: Setting CVar [[r.DOF.Recombine.EnableBokehSettings:0    ; no bokeh simulation on slight out of focus]]
[2022.03.23-22.52.25:632][  0]LogConfig: Setting CVar [[r.DOF.TemporalAAQuality:1                ; more stable temporal accumulation]]
[2022.03.23-22.52.25:632][  0]LogConfig: Setting CVar [[r.DOF.Kernel.MaxForegroundRadius:0.025]]
[2022.03.23-22.52.25:632][  0]LogConfig: Setting CVar [[r.DOF.Kernel.MaxBackgroundRadius:0.025]]
[2022.03.23-22.52.25:632][  0]LogConfig: Applying CVar settings from Section [TextureQuality@3] File [C:/Users/DNJACK/Desktop/labs/log8235-tp3/Saved/Config/Windows/Scalability.ini]
[2022.03.23-22.52.25:632][  0]LogConfig: Setting CVar [[r.Streaming.MipBias:0]]
[2022.03.23-22.52.25:632][  0]LogConfig: Setting CVar [[r.Streaming.AmortizeCPUToGPUCopy:0]]
[2022.03.23-22.52.25:632][  0]LogConfig: Setting CVar [[r.Streaming.MaxNumTexturesToStreamPerFrame:0]]
[2022.03.23-22.52.25:632][  0]LogConfig: Setting CVar [[r.Streaming.Boost:1]]
[2022.03.23-22.52.25:632][  0]LogConfig: Setting CVar [[r.MaxAnisotropy:8]]
[2022.03.23-22.52.25:632][  0]LogConfig: Setting CVar [[r.VT.MaxAnisotropy:8]]
[2022.03.23-22.52.25:632][  0]LogConfig: Setting CVar [[r.Streaming.LimitPoolSizeToVRAM:0]]
[2022.03.23-22.52.25:632][  0]LogConfig: Setting CVar [[r.Streaming.PoolSize:1000]]
[2022.03.23-22.52.25:632][  0]LogConfig: Setting CVar [[r.Streaming.MaxEffectiveScreenSize:0]]
[2022.03.23-22.52.25:632][  0]LogConfig: Applying CVar settings from Section [EffectsQuality@3] File [C:/Users/DNJACK/Desktop/labs/log8235-tp3/Saved/Config/Windows/Scalability.ini]
[2022.03.23-22.52.25:632][  0]LogConfig: Setting CVar [[r.TranslucencyLightingVolumeDim:64]]
[2022.03.23-22.52.25:632][  0]LogConfig: Setting CVar [[r.RefractionQuality:2]]
[2022.03.23-22.52.25:632][  0]LogConfig: Setting CVar [[r.SSR.Quality:3]]
[2022.03.23-22.52.25:632][  0]LogConfig: Setting CVar [[r.SSR.HalfResSceneColor:0]]
[2022.03.23-22.52.25:632][  0]LogConfig: Setting CVar [[r.SceneColorFormat:4]]
[2022.03.23-22.52.25:632][  0]LogConfig: Setting CVar [[r.DetailMode:2]]
[2022.03.23-22.52.25:632][  0]LogConfig: Setting CVar [[r.TranslucencyVolumeBlur:1]]
[2022.03.23-22.52.25:632][  0]LogConfig: Setting CVar [[r.MaterialQualityLevel:1 ; High quality]]
[2022.03.23-22.52.25:632][  0]LogConfig: Setting CVar [[r.SSS.Scale:1]]
[2022.03.23-22.52.25:632][  0]LogConfig: Setting CVar [[r.SSS.SampleSet:2]]
[2022.03.23-22.52.25:632][  0]LogConfig: Setting CVar [[r.SSS.Quality:1]]
[2022.03.23-22.52.25:632][  0]LogConfig: Setting CVar [[r.SSS.HalfRes:0]]
[2022.03.23-22.52.25:632][  0]LogConfig: Setting CVar [[r.SSGI.Quality:3]]
[2022.03.23-22.52.25:632][  0]LogConfig: Setting CVar [[r.EmitterSpawnRateScale:1.0]]
[2022.03.23-22.52.25:632][  0]LogConfig: Setting CVar [[r.ParticleLightQuality:2]]
[2022.03.23-22.52.25:632][  0]LogConfig: Setting CVar [[r.SkyAtmosphere.AerialPerspectiveLUT.FastApplyOnOpaque:1 ; Always have FastSkyLUT 1 in this case to avoid wrong sky]]
[2022.03.23-22.52.25:632][  0]LogConfig: Setting CVar [[r.SkyAtmosphere.AerialPerspectiveLUT.SampleCountPerSlice:1]]
[2022.03.23-22.52.25:632][  0]LogConfig: Setting CVar [[r.SkyAtmosphere.AerialPerspectiveLUT.DepthResolution:16.0]]
[2022.03.23-22.52.25:632][  0]LogConfig: Setting CVar [[r.SkyAtmosphere.FastSkyLUT:1]]
[2022.03.23-22.52.25:632][  0]LogConfig: Setting CVar [[r.SkyAtmosphere.FastSkyLUT.SampleCountMin:4.0]]
[2022.03.23-22.52.25:632][  0]LogConfig: Setting CVar [[r.SkyAtmosphere.FastSkyLUT.SampleCountMax:32.0]]
[2022.03.23-22.52.25:632][  0]LogConfig: Setting CVar [[r.SkyAtmosphere.SampleCountMin:4.0]]
[2022.03.23-22.52.25:632][  0]LogConfig: Setting CVar [[r.SkyAtmosphere.SampleCountMax:32.0]]
[2022.03.23-22.52.25:633][  0]LogConfig: Setting CVar [[r.SkyAtmosphere.TransmittanceLUT.UseSmallFormat:0]]
[2022.03.23-22.52.25:633][  0]LogConfig: Setting CVar [[r.SkyAtmosphere.TransmittanceLUT.SampleCount:10.0]]
[2022.03.23-22.52.25:633][  0]LogConfig: Setting CVar [[r.SkyAtmosphere.MultiScatteringLUT.SampleCount:15.0]]
[2022.03.23-22.52.25:633][  0]LogConfig: Applying CVar settings from Section [FoliageQuality@3] File [C:/Users/DNJACK/Desktop/labs/log8235-tp3/Saved/Config/Windows/Scalability.ini]
[2022.03.23-22.52.25:633][  0]LogConfig: Setting CVar [[foliage.DensityScale:1.0]]
[2022.03.23-22.52.25:633][  0]LogConfig: Setting CVar [[grass.DensityScale:1.0]]
[2022.03.23-22.52.25:633][  0]LogConfig: Applying CVar settings from Section [ShadingQuality@3] File [C:/Users/DNJACK/Desktop/labs/log8235-tp3/Saved/Config/Windows/Scalability.ini]
[2022.03.23-22.52.25:633][  0]LogConfig: Setting CVar [[r.HairStrands.SkyLighting.SampleCount:16]]
[2022.03.23-22.52.25:633][  0]LogConfig: Setting CVar [[r.HairStrands.SkyLighting.JitterIntegration:0]]
[2022.03.23-22.52.25:633][  0]LogConfig: Setting CVar [[r.HairStrands.SkyAO.SampleCount:16]]
[2022.03.23-22.52.25:633][  0]LogConfig: Setting CVar [[r.HairStrands.DeepShadow.SuperSampling:0]]
[2022.03.23-22.52.25:633][  0]LogConfig: Setting CVar [[r.HairStrands.VisibilityPPLL:0]]
[2022.03.23-22.52.25:633][  0]LogConfig: Setting CVar [[r.HairStrands.RasterizationScale:0.5]]
[2022.03.23-22.52.25:633][  0]LogConfig: Setting CVar [[r.HairStrands.VelocityRasterizationScale:1]]
[2022.03.23-22.52.25:633][  0]LogInit: Selected Device Profile: [Windows]
[2022.03.23-22.52.25:633][  0]LogInit: Applying CVar settings loaded from the selected device profile: [Windows]
[2022.03.23-22.52.25:633][  0]LogHAL: Display: Platform has ~ 16 GB [17129615360 / 17179869184 / 16], which maps to Larger [LargestMinGB=32, LargerMinGB=12, DefaultMinGB=8, SmallerMinGB=6, SmallestMinGB=0)
[2022.03.23-22.52.25:633][  0]LogInit: Going up to parent DeviceProfile []
[2022.03.23-22.52.25:633][  0]LogConfig: Applying CVar settings from Section [ViewDistanceQuality@3] File [C:/Users/DNJACK/Desktop/labs/log8235-tp3/Saved/Config/Windows/Scalability.ini]
[2022.03.23-22.52.25:633][  0]LogConfig: Setting CVar [[r.SkeletalMeshLODBias:0]]
[2022.03.23-22.52.25:633][  0]LogConfig: Setting CVar [[r.ViewDistanceScale:1.0]]
[2022.03.23-22.52.25:633][  0]LogConfig: Applying CVar settings from Section [AntiAliasingQuality@3] File [C:/Users/DNJACK/Desktop/labs/log8235-tp3/Saved/Config/Windows/Scalability.ini]
[2022.03.23-22.52.25:633][  0]LogConfig: Setting CVar [[r.PostProcessAAQuality:4]]
[2022.03.23-22.52.25:633][  0]LogConfig: Applying CVar settings from Section [ShadowQuality@3] File [C:/Users/DNJACK/Desktop/labs/log8235-tp3/Saved/Config/Windows/Scalability.ini]
[2022.03.23-22.52.25:633][  0]LogConfig: Setting CVar [[r.LightFunctionQuality:1]]
[2022.03.23-22.52.25:633][  0]LogConfig: Setting CVar [[r.ShadowQuality:5]]
[2022.03.23-22.52.25:633][  0]LogConfig: Setting CVar [[r.Shadow.CSM.MaxCascades:10]]
[2022.03.23-22.52.25:633][  0]LogConfig: Setting CVar [[r.Shadow.MaxResolution:2048]]
[2022.03.23-22.52.25:633][  0]LogConfig: Setting CVar [[r.Shadow.MaxCSMResolution:2048]]
[2022.03.23-22.52.25:633][  0]LogConfig: Setting CVar [[r.Shadow.RadiusThreshold:0.01]]
[2022.03.23-22.52.25:633][  0]LogConfig: Setting CVar [[r.Shadow.DistanceScale:1.0]]
[2022.03.23-22.52.25:633][  0]LogConfig: Setting CVar [[r.Shadow.CSM.TransitionScale:1.0]]
[2022.03.23-22.52.25:633][  0]LogConfig: Setting CVar [[r.Shadow.PreShadowResolutionFactor:1.0]]
[2022.03.23-22.52.25:633][  0]LogConfig: Setting CVar [[r.DistanceFieldShadowing:1]]
[2022.03.23-22.52.25:633][  0]LogConfig: Setting CVar [[r.DistanceFieldAO:1]]
[2022.03.23-22.52.25:633][  0]LogConfig: Setting CVar [[r.AOQuality:2]]
[2022.03.23-22.52.25:633][  0]LogConfig: Setting CVar [[r.VolumetricFog:1]]
[2022.03.23-22.52.25:633][  0]LogConfig: Setting CVar [[r.VolumetricFog.GridPixelSize:8]]
[2022.03.23-22.52.25:633][  0]LogConfig: Setting CVar [[r.VolumetricFog.GridSizeZ:128]]
[2022.03.23-22.52.25:633][  0]LogConfig: Setting CVar [[r.VolumetricFog.HistoryMissSupersampleCount:4]]
[2022.03.23-22.52.25:633][  0]LogConfig: Setting CVar [[r.LightMaxDrawDistanceScale:1]]
[2022.03.23-22.52.25:633][  0]LogConfig: Setting CVar [[r.CapsuleShadows:1]]
[2022.03.23-22.52.25:633][  0]LogConfig: Applying CVar settings from Section [PostProcessQuality@3] File [C:/Users/DNJACK/Desktop/labs/log8235-tp3/Saved/Config/Windows/Scalability.ini]
[2022.03.23-22.52.25:633][  0]LogConfig: Setting CVar [[r.MotionBlurQuality:4]]
[2022.03.23-22.52.25:633][  0]LogConfig: Setting CVar [[r.AmbientOcclusionMipLevelFactor:0.4]]
[2022.03.23-22.52.25:633][  0]LogConfig: Setting CVar [[r.AmbientOcclusionMaxQuality:100]]
[2022.03.23-22.52.25:633][  0]LogConfig: Setting CVar [[r.AmbientOcclusionLevels:-1]]
[2022.03.23-22.52.25:633][  0]LogConfig: Setting CVar [[r.AmbientOcclusionRadiusScale:1.0]]
[2022.03.23-22.52.25:633][  0]LogConfig: Setting CVar [[r.DepthOfFieldQuality:2]]
[2022.03.23-22.52.25:633][  0]LogConfig: Setting CVar [[r.RenderTargetPoolMin:400]]
[2022.03.23-22.52.25:633][  0]LogConfig: Setting CVar [[r.LensFlareQuality:2]]
[2022.03.23-22.52.25:633][  0]LogConfig: Setting CVar [[r.SceneColorFringeQuality:1]]
[2022.03.23-22.52.25:633][  0]LogConfig: Setting CVar [[r.EyeAdaptationQuality:2]]
[2022.03.23-22.52.25:633][  0]LogConfig: Setting CVar [[r.BloomQuality:5]]
[2022.03.23-22.52.25:633][  0]LogConfig: Setting CVar [[r.FastBlurThreshold:100]]
[2022.03.23-22.52.25:633][  0]LogConfig: Setting CVar [[r.Upscale.Quality:3]]
[2022.03.23-22.52.25:633][  0]LogConfig: Setting CVar [[r.Tonemapper.GrainQuantization:1]]
[2022.03.23-22.52.25:633][  0]LogConfig: Setting CVar [[r.LightShaftQuality:1]]
[2022.03.23-22.52.25:633][  0]LogConfig: Setting CVar [[r.Filter.SizeScale:1]]
[2022.03.23-22.52.25:633][  0]LogConfig: Setting CVar [[r.Tonemapper.Quality:5]]
[2022.03.23-22.52.25:633][  0]LogConfig: Setting CVar [[r.DOF.Gather.AccumulatorQuality:1        ; higher gathering accumulator quality]]
[2022.03.23-22.52.25:633][  0]LogConfig: Setting CVar [[r.DOF.Gather.PostfilterMethod:1          ; Median3x3 postfilering method]]
[2022.03.23-22.52.25:633][  0]LogConfig: Setting CVar [[r.DOF.Gather.EnableBokehSettings:0       ; no bokeh simulation when gathering]]
[2022.03.23-22.52.25:633][  0]LogConfig: Setting CVar [[r.DOF.Gather.RingCount:4                 ; medium number of samples when gathering]]
[2022.03.23-22.52.25:633][  0]LogConfig: Setting CVar [[r.DOF.Scatter.ForegroundCompositing:1    ; additive foreground scattering]]
[2022.03.23-22.52.25:633][  0]LogConfig: Setting CVar [[r.DOF.Scatter.BackgroundCompositing:2    ; additive background scattering]]
[2022.03.23-22.52.25:633][  0]LogConfig: Setting CVar [[r.DOF.Scatter.EnableBokehSettings:1      ; bokeh simulation when scattering]]
[2022.03.23-22.52.25:633][  0]LogConfig: Setting CVar [[r.DOF.Scatter.MaxSpriteRatio:0.1         ; only a maximum of 10% of scattered bokeh]]
[2022.03.23-22.52.25:634][  0]LogConfig: Setting CVar [[r.DOF.Recombine.Quality:1                ; cheap slight out of focus]]
[2022.03.23-22.52.25:634][  0]LogConfig: Setting CVar [[r.DOF.Recombine.EnableBokehSettings:0    ; no bokeh simulation on slight out of focus]]
[2022.03.23-22.52.25:634][  0]LogConfig: Setting CVar [[r.DOF.TemporalAAQuality:1                ; more stable temporal accumulation]]
[2022.03.23-22.52.25:634][  0]LogConfig: Setting CVar [[r.DOF.Kernel.MaxForegroundRadius:0.025]]
[2022.03.23-22.52.25:634][  0]LogConfig: Setting CVar [[r.DOF.Kernel.MaxBackgroundRadius:0.025]]
[2022.03.23-22.52.25:634][  0]LogConfig: Applying CVar settings from Section [TextureQuality@3] File [C:/Users/DNJACK/Desktop/labs/log8235-tp3/Saved/Config/Windows/Scalability.ini]
[2022.03.23-22.52.25:634][  0]LogConfig: Setting CVar [[r.Streaming.MipBias:0]]
[2022.03.23-22.52.25:634][  0]LogConfig: Setting CVar [[r.Streaming.AmortizeCPUToGPUCopy:0]]
[2022.03.23-22.52.25:634][  0]LogConfig: Setting CVar [[r.Streaming.MaxNumTexturesToStreamPerFrame:0]]
[2022.03.23-22.52.25:634][  0]LogConfig: Setting CVar [[r.Streaming.Boost:1]]
[2022.03.23-22.52.25:634][  0]LogConfig: Setting CVar [[r.MaxAnisotropy:8]]
[2022.03.23-22.52.25:634][  0]LogConfig: Setting CVar [[r.VT.MaxAnisotropy:8]]
[2022.03.23-22.52.25:634][  0]LogConfig: Setting CVar [[r.Streaming.LimitPoolSizeToVRAM:0]]
[2022.03.23-22.52.25:634][  0]LogConfig: Setting CVar [[r.Streaming.PoolSize:1000]]
[2022.03.23-22.52.25:634][  0]LogConfig: Setting CVar [[r.Streaming.MaxEffectiveScreenSize:0]]
[2022.03.23-22.52.25:634][  0]LogConfig: Applying CVar settings from Section [EffectsQuality@3] File [C:/Users/DNJACK/Desktop/labs/log8235-tp3/Saved/Config/Windows/Scalability.ini]
[2022.03.23-22.52.25:634][  0]LogConfig: Setting CVar [[r.TranslucencyLightingVolumeDim:64]]
[2022.03.23-22.52.25:634][  0]LogConfig: Setting CVar [[r.RefractionQuality:2]]
[2022.03.23-22.52.25:634][  0]LogConfig: Setting CVar [[r.SSR.Quality:3]]
[2022.03.23-22.52.25:634][  0]LogConfig: Setting CVar [[r.SSR.HalfResSceneColor:0]]
[2022.03.23-22.52.25:634][  0]LogConfig: Setting CVar [[r.SceneColorFormat:4]]
[2022.03.23-22.52.25:634][  0]LogConfig: Setting CVar [[r.DetailMode:2]]
[2022.03.23-22.52.25:634][  0]LogConfig: Setting CVar [[r.TranslucencyVolumeBlur:1]]
[2022.03.23-22.52.25:634][  0]LogConfig: Setting CVar [[r.MaterialQualityLevel:1 ; High quality]]
[2022.03.23-22.52.25:634][  0]LogConfig: Setting CVar [[r.SSS.Scale:1]]
[2022.03.23-22.52.25:634][  0]LogConfig: Setting CVar [[r.SSS.SampleSet:2]]
[2022.03.23-22.52.25:634][  0]LogConfig: Setting CVar [[r.SSS.Quality:1]]
[2022.03.23-22.52.25:634][  0]LogConfig: Setting CVar [[r.SSS.HalfRes:0]]
[2022.03.23-22.52.25:634][  0]LogConfig: Setting CVar [[r.SSGI.Quality:3]]
[2022.03.23-22.52.25:634][  0]LogConfig: Setting CVar [[r.EmitterSpawnRateScale:1.0]]
[2022.03.23-22.52.25:634][  0]LogConfig: Setting CVar [[r.ParticleLightQuality:2]]
[2022.03.23-22.52.25:634][  0]LogConfig: Setting CVar [[r.SkyAtmosphere.AerialPerspectiveLUT.FastApplyOnOpaque:1 ; Always have FastSkyLUT 1 in this case to avoid wrong sky]]
[2022.03.23-22.52.25:634][  0]LogConfig: Setting CVar [[r.SkyAtmosphere.AerialPerspectiveLUT.SampleCountPerSlice:1]]
[2022.03.23-22.52.25:634][  0]LogConfig: Setting CVar [[r.SkyAtmosphere.AerialPerspectiveLUT.DepthResolution:16.0]]
[2022.03.23-22.52.25:634][  0]LogConfig: Setting CVar [[r.SkyAtmosphere.FastSkyLUT:1]]
[2022.03.23-22.52.25:634][  0]LogConfig: Setting CVar [[r.SkyAtmosphere.FastSkyLUT.SampleCountMin:4.0]]
[2022.03.23-22.52.25:634][  0]LogConfig: Setting CVar [[r.SkyAtmosphere.FastSkyLUT.SampleCountMax:32.0]]
[2022.03.23-22.52.25:634][  0]LogConfig: Setting CVar [[r.SkyAtmosphere.SampleCountMin:4.0]]
[2022.03.23-22.52.25:634][  0]LogConfig: Setting CVar [[r.SkyAtmosphere.SampleCountMax:32.0]]
[2022.03.23-22.52.25:634][  0]LogConfig: Setting CVar [[r.SkyAtmosphere.TransmittanceLUT.UseSmallFormat:0]]
[2022.03.23-22.52.25:634][  0]LogConfig: Setting CVar [[r.SkyAtmosphere.TransmittanceLUT.SampleCount:10.0]]
[2022.03.23-22.52.25:634][  0]LogConfig: Setting CVar [[r.SkyAtmosphere.MultiScatteringLUT.SampleCount:15.0]]
[2022.03.23-22.52.25:634][  0]LogConfig: Applying CVar settings from Section [FoliageQuality@3] File [C:/Users/DNJACK/Desktop/labs/log8235-tp3/Saved/Config/Windows/Scalability.ini]
[2022.03.23-22.52.25:634][  0]LogConfig: Setting CVar [[foliage.DensityScale:1.0]]
[2022.03.23-22.52.25:634][  0]LogConfig: Setting CVar [[grass.DensityScale:1.0]]
[2022.03.23-22.52.25:634][  0]LogConfig: Applying CVar settings from Section [ShadingQuality@3] File [C:/Users/DNJACK/Desktop/labs/log8235-tp3/Saved/Config/Windows/Scalability.ini]
[2022.03.23-22.52.25:634][  0]LogConfig: Setting CVar [[r.HairStrands.SkyLighting.SampleCount:16]]
[2022.03.23-22.52.25:634][  0]LogConfig: Setting CVar [[r.HairStrands.SkyLighting.JitterIntegration:0]]
[2022.03.23-22.52.25:634][  0]LogConfig: Setting CVar [[r.HairStrands.SkyAO.SampleCount:16]]
[2022.03.23-22.52.25:634][  0]LogConfig: Setting CVar [[r.HairStrands.DeepShadow.SuperSampling:0]]
[2022.03.23-22.52.25:634][  0]LogConfig: Setting CVar [[r.HairStrands.VisibilityPPLL:0]]
[2022.03.23-22.52.25:634][  0]LogConfig: Setting CVar [[r.HairStrands.RasterizationScale:0.5]]
[2022.03.23-22.52.25:634][  0]LogConfig: Setting CVar [[r.HairStrands.VelocityRasterizationScale:1]]
[2022.03.23-22.52.25:634][  0]LogConfig: Applying CVar settings from Section [Startup] File [../../../Engine/Config/ConsoleVariables.ini]
[2022.03.23-22.52.25:635][  0]LogConfig: Setting CVar [[net.UseAdaptiveNetUpdateFrequency:0]]
[2022.03.23-22.52.25:635][  0]LogConfig: Setting CVar [[p.chaos.AllowCreatePhysxBodies:1]]
[2022.03.23-22.52.25:635][  0]LogConfig: Setting CVar [[fx.SkipVectorVMBackendOptimizations:1]]
[2022.03.23-22.52.25:635][  0]LogConfig: Applying CVar settings from Section [ConsoleVariables] File [C:/Users/DNJACK/Desktop/labs/log8235-tp3/Saved/Config/Windows/Engine.ini]
[2022.03.23-22.52.25:635][  0]LogInit: Computer: DESKTOP-J4TRBP8
[2022.03.23-22.52.25:635][  0]LogInit: User: DNJACK
[2022.03.23-22.52.25:635][  0]LogInit: CPU Page size=4096, Cores=6
[2022.03.23-22.52.25:635][  0]LogInit: High frequency timer resolution =10.000000 MHz
[2022.03.23-22.52.25:635][  0]LogMemory: Memory total: Physical=16.0GB (16GB approx)
[2022.03.23-22.52.25:635][  0]LogMemory: Platform Memory Stats for Windows
[2022.03.23-22.52.25:635][  0]LogMemory: Process Physical Memory: 120.15 MB used, 120.15 MB peak
[2022.03.23-22.52.25:635][  0]LogMemory: Process Virtual Memory: 98.53 MB used, 98.53 MB peak
[2022.03.23-22.52.25:635][  0]LogMemory: Physical Memory: 4903.81 MB used,  11432.27 MB free, 16336.07 MB total
[2022.03.23-22.52.25:635][  0]LogMemory: Virtual Memory: 5227.58 MB used,  134212504.00 MB free, 134217728.00 MB total
[2022.03.23-22.52.25:639][  0]LogWindows: WindowsPlatformFeatures enabled
[2022.03.23-22.52.25:681][  0]LogInit: Physics initialised using underlying interface: PhysX
[2022.03.23-22.52.25:684][  0]LogInit: Using OS detected language (en-US).
[2022.03.23-22.52.25:684][  0]LogInit: Using OS detected locale (en-CA).
[2022.03.23-22.52.25:690][  0]LogTextLocalizationManager: No specific localization for 'en-US' exists, so the 'en' localization will be used.
[2022.03.23-22.52.25:864][  0]LogInit: Setting process to per monitor DPI aware
[2022.03.23-22.52.25:893][  0]LogSlate: New Slate User Created.  User Index 0, Is Virtual User: 0
[2022.03.23-22.52.25:893][  0]LogSlate: Slate User Registered.  User Index 0, Is Virtual User: 0
[2022.03.23-22.52.26:053][  0]LogHMD: Failed to initialize OpenVR with code 110
[2022.03.23-22.52.26:053][  0]LogD3D11RHI: D3D11 min allowed feature level: 11_0
[2022.03.23-22.52.26:053][  0]LogD3D11RHI: D3D11 max allowed feature level: 11_0
[2022.03.23-22.52.26:053][  0]LogD3D11RHI: D3D11 adapters:
[2022.03.23-22.52.26:155][  0]LogD3D11RHI:    0. 'NVIDIA GeForce GTX 1080' (Feature Level 11_0)
[2022.03.23-22.52.26:155][  0]LogD3D11RHI:       8079/0/8168 MB DedicatedVideo/DedicatedSystem/SharedSystem, Outputs:1, VendorId:0x10de
[2022.03.23-22.52.26:157][  0]LogD3D11RHI:    1. 'Microsoft Basic Render Driver' (Feature Level 11_0)
[2022.03.23-22.52.26:157][  0]LogD3D11RHI:       0/0/8168 MB DedicatedVideo/DedicatedSystem/SharedSystem, Outputs:0, VendorId:0x1414
[2022.03.23-22.52.26:157][  0]LogD3D11RHI: Chosen D3D11 Adapter: 0
[2022.03.23-22.52.26:163][  0]LogD3D11RHI: Creating new Direct3DDevice
[2022.03.23-22.52.26:163][  0]LogD3D11RHI:     GPU DeviceId: 0x1b80 (for the marketing name, search the web for "GPU Device Id")
[2022.03.23-22.52.26:164][  0]LogWindows: EnumDisplayDevices:
[2022.03.23-22.52.26:164][  0]LogWindows:    0. 'NVIDIA GeForce GTX 1080' (P:1 D:1)
[2022.03.23-22.52.26:164][  0]LogWindows:    1. 'NVIDIA GeForce GTX 1080' (P:0 D:0)
[2022.03.23-22.52.26:164][  0]LogWindows:    2. 'NVIDIA GeForce GTX 1080' (P:0 D:0)
[2022.03.23-22.52.26:165][  0]LogWindows:    3. 'NVIDIA GeForce GTX 1080' (P:0 D:0)
[2022.03.23-22.52.26:165][  0]LogWindows: DebugString: FoundDriverCount:4 
[2022.03.23-22.52.26:165][  0]LogD3D11RHI:     Adapter Name: NVIDIA GeForce GTX 1080
[2022.03.23-22.52.26:165][  0]LogD3D11RHI:   Driver Version: 472.12 (internal:30.0.14.7212, unified:472.12)
[2022.03.23-22.52.26:165][  0]LogD3D11RHI:      Driver Date: 9-13-2021
[2022.03.23-22.52.26:165][  0]LogRHI: Texture pool is 5655 MB (70% of 8079 MB)
[2022.03.23-22.52.26:232][  0]LogD3D11RHI: RHI has support for 64 bit atomics
[2022.03.23-22.52.26:232][  0]LogD3D11RHI: Async texture creation enabled
[2022.03.23-22.52.26:232][  0]LogD3D11RHI: Array index from any shader is supported
[2022.03.23-22.52.26:249][  0]LogD3D11RHI: GPU Timing Frequency: 1000.000000 (Debug: 2 1)
[2022.03.23-22.52.26:516][  0]LogTargetPlatformManager: Display: Loaded TargetPlatform 'AllDesktop'
[2022.03.23-22.52.26:540][  0]LogTargetPlatformManager: Display: Loaded TargetPlatform 'Android'
[2022.03.23-22.52.26:540][  0]LogTargetPlatformManager: Display: Loaded TargetPlatform 'Android_ASTC'
[2022.03.23-22.52.26:540][  0]LogTargetPlatformManager: Display: Loaded TargetPlatform 'Android_DXT'
[2022.03.23-22.52.26:540][  0]LogTargetPlatformManager: Display: Loaded TargetPlatform 'Android_ETC2'
[2022.03.23-22.52.26:540][  0]LogTargetPlatformManager: Display: Loaded TargetPlatform 'AndroidClient'
[2022.03.23-22.52.26:540][  0]LogTargetPlatformManager: Display: Loaded TargetPlatform 'Android_ASTCClient'
[2022.03.23-22.52.26:540][  0]LogTargetPlatformManager: Display: Loaded TargetPlatform 'Android_DXTClient'
[2022.03.23-22.52.26:540][  0]LogTargetPlatformManager: Display: Loaded TargetPlatform 'Android_ETC2Client'
[2022.03.23-22.52.26:540][  0]LogTargetPlatformManager: Display: Loaded TargetPlatform 'Android_Multi'
[2022.03.23-22.52.26:540][  0]LogTargetPlatformManager: Display: Loaded TargetPlatform 'Android_MultiClient'
[2022.03.23-22.52.26:567][  0]LogTargetPlatformManager: Display: Loaded TargetPlatform 'IOSClient'
[2022.03.23-22.52.26:567][  0]LogTargetPlatformManager: Display: Loaded TargetPlatform 'IOS'
[2022.03.23-22.52.26:579][  0]LogTargetPlatformManager: Display: Loaded TargetPlatform 'Linux'
[2022.03.23-22.52.26:590][  0]LogTargetPlatformManager: Display: Loaded TargetPlatform 'LinuxNoEditor'
[2022.03.23-22.52.26:601][  0]LogTargetPlatformManager: Display: Loaded TargetPlatform 'LinuxClient'
[2022.03.23-22.52.26:612][  0]LogTargetPlatformManager: Display: Loaded TargetPlatform 'LinuxServer'
[2022.03.23-22.52.26:623][  0]LogTargetPlatformManager: Display: Loaded TargetPlatform 'LinuxAArch64NoEditor'
[2022.03.23-22.52.26:634][  0]LogTargetPlatformManager: Display: Loaded TargetPlatform 'LinuxAArch64Client'
[2022.03.23-22.52.26:644][  0]LogTargetPlatformManager: Display: Loaded TargetPlatform 'LinuxAArch64Server'
[2022.03.23-22.52.26:678][  0]LogTargetPlatformManager: Display: Loaded TargetPlatform 'Lumin'
[2022.03.23-22.52.26:678][  0]LogTargetPlatformManager: Display: Loaded TargetPlatform 'LuminClient'
[2022.03.23-22.52.26:698][  0]LogTargetPlatformManager: Display: Loaded TargetPlatform 'TVOSClient'
[2022.03.23-22.52.26:698][  0]LogTargetPlatformManager: Display: Loaded TargetPlatform 'TVOS'
[2022.03.23-22.52.26:709][  0]LogTargetPlatformManager: Display: Loaded TargetPlatform 'WindowsNoEditor'
[2022.03.23-22.52.26:721][  0]LogTargetPlatformManager: Display: Loaded TargetPlatform 'Windows'
[2022.03.23-22.52.26:731][  0]LogTargetPlatformManager: Display: Loaded TargetPlatform 'WindowsClient'
[2022.03.23-22.52.26:742][  0]LogTargetPlatformManager: Display: Loaded TargetPlatform 'WindowsServer'
[2022.03.23-22.52.26:742][  0]LogTargetPlatformManager: Display: Building Assets For Windows
[2022.03.23-22.52.26:749][  0]LogAudioDebug: Display: Lib vorbis DLL was dynamically loaded.
[2022.03.23-22.52.26:801][  0]LogShaderCompilers: Guid format shader working directory is -9 characters bigger than the processId version (../../../../../../Users/DNJACK/Desktop/labs/log8235-tp3/Intermediate/Shaders/WorkingDirectory/17760/).
[2022.03.23-22.52.26:801][  0]LogShaderCompilers: Cleaned the shader compiler working directory 'C:/Users/DNJACK/AppData/Local/Temp/UnrealShaderWorkingDir/DDD3E1A2453D358ECFC12DB932AD0C17/'.
[2022.03.23-22.52.26:802][  0]LogXGEController: Cleaning working directory: C:/Users/DNJACK/AppData/Local/Temp/UnrealXGEWorkingDir/
[2022.03.23-22.52.26:802][  0]LogXGEController: Cannot use XGE Controller as Incredibuild is not installed on this machine.
[2022.03.23-22.52.26:802][  0]LogShaderCompilers: Cannot use XGE Shader Compiler as Incredibuild is not installed on this machine.
[2022.03.23-22.52.26:802][  0]LogShaderCompilers: Display: Using Local Shader Compiler.
[2022.03.23-22.52.27:595][  0]LogDerivedDataCache: Display: Max Cache Size: 512 MB
[2022.03.23-22.52.27:641][  0]LogDerivedDataCache: Loaded boot cache 0.05s 78MB C:/Users/DNJACK/AppData/Local/UnrealEngine/4.25/DerivedDataCache/Boot.ddc.
[2022.03.23-22.52.27:641][  0]LogDerivedDataCache: Display: Loaded Boot cache: C:/Users/DNJACK/AppData/Local/UnrealEngine/4.25/DerivedDataCache/Boot.ddc
[2022.03.23-22.52.27:642][  0]LogDerivedDataCache: FDerivedDataBackendGraph:  Pak pak cache file ../../../../../../Users/DNJACK/Desktop/labs/log8235-tp3/DerivedDataCache/DDC.ddp not found, will not use a pak cache.
[2022.03.23-22.52.27:642][  0]LogDerivedDataCache: Unable to find inner node Pak for hierarchical cache Hierarchy.
[2022.03.23-22.52.27:642][  0]LogDerivedDataCache: FDerivedDataBackendGraph:  CompressedPak pak cache file ../../../../../../Users/DNJACK/Desktop/labs/log8235-tp3/DerivedDataCache/Compressed.ddp not found, will not use a pak cache.
[2022.03.23-22.52.27:642][  0]LogDerivedDataCache: Unable to find inner node CompressedPak for hierarchical cache Hierarchy.
[2022.03.23-22.52.27:653][  0]LogDerivedDataCache: Display: Pak cache opened for reading ../../../Engine/DerivedDataCache/Compressed.ddp.
[2022.03.23-22.52.27:653][  0]LogDerivedDataCache: FDerivedDataBackendGraph:  EnterprisePak pak cache file ../../../Enterprise/DerivedDataCache/Compressed.ddp not found, will not use a pak cache.
[2022.03.23-22.52.27:653][  0]LogDerivedDataCache: Unable to find inner node EnterprisePak for hierarchical cache Hierarchy.
[2022.03.23-22.52.27:654][  0]LogDerivedDataCache: Using Local data cache path C:/Users/DNJACK/AppData/Local/UnrealEngine/Common/DerivedDataCache: Writable
[2022.03.23-22.52.27:654][  0]LogDerivedDataCache: Shared data cache path not found in *engine.ini, will not use an Shared cache.
[2022.03.23-22.52.27:654][  0]LogDerivedDataCache: Unable to find inner node Shared for hierarchical cache Hierarchy.
[2022.03.23-22.52.27:707][  0]LogSlate: Using FreeType 2.10.0
[2022.03.23-22.52.27:708][  0]LogSlate: SlateFontServices - WITH_FREETYPE: 1, WITH_HARFBUZZ: 1
[2022.03.23-22.52.27:730][  0]LogAssetRegistry: FAssetRegistry took 0.0031 seconds to start up
[2022.03.23-22.52.27:966][  0]LogInit: Selected Device Profile: [Windows]
[2022.03.23-22.52.28:072][  0]LogMeshReduction: Using QuadricMeshReduction for automatic static mesh reduction
[2022.03.23-22.52.28:072][  0]LogMeshReduction: Using SimplygonMeshReduction for automatic skeletal mesh reduction
[2022.03.23-22.52.28:072][  0]LogMeshReduction: Using ProxyLODMeshReduction for automatic mesh merging
[2022.03.23-22.52.28:072][  0]LogMeshReduction: No distributed automatic mesh merging module available
[2022.03.23-22.52.28:072][  0]LogMeshMerging: No distributed automatic mesh merging module available
[2022.03.23-22.52.28:086][  0]LogNetVersion: SoftDesignTraining 1.0.0, NetCL: 13144385, EngineNetVer: 14, GameNetVer: 0 (Checksum: 3414102749)
[2022.03.23-22.52.28:485][  0]LogAISub: UAISubsystem::UAISubsystem AISubsystem (000001776B311BC0), frame # 0
[2022.03.23-22.52.28:486][  0]LogAISub: UAISubsystem::UAISubsystem AIPerceptionSystem (000001776B2279C0), frame # 0
[2022.03.23-22.52.28:487][  0]LogAISub: UAISubsystem::UAISubsystem EnvQueryManager (000001776B2A9E00), frame # 0
[2022.03.23-22.52.28:527][  0]LogPackageLocalizationCache: Processed 19 localized package path(s) for 1 prioritized culture(s) in 0.033895 seconds
[2022.03.23-22.52.28:532][  0]LogUObjectArray: 15917 objects as part of root set at end of initial load.
[2022.03.23-22.52.28:532][  0]LogUObjectAllocator: 3965568 out of 0 bytes used by permanent object pool.
[2022.03.23-22.52.28:532][  0]LogUObjectArray: CloseDisregardForGC: 0/0 objects in disregard for GC pool
[2022.03.23-22.52.28:868][  0]LogTcpMessaging: Initializing TcpMessaging bridge
[2022.03.23-22.52.28:873][  0]LogUdpMessaging: Initializing bridge on interface 0.0.0.0:0 to multicast group 230.0.0.1:6666.
[2022.03.23-22.52.29:331][  0]SourceControl: Source control is disabled
[2022.03.23-22.52.29:331][  0]SourceControl: Source control is disabled
[2022.03.23-22.52.29:334][  0]SourceControl: Source control is disabled
[2022.03.23-22.52.29:336][  0]SourceControl: Source control is disabled
[2022.03.23-22.52.29:342][  0]SourceControl: Source control is disabled
[2022.03.23-22.52.29:566][  0]LogAndroidPermission: UAndroidPermissionCallbackProxy::GetInstance
[2022.03.23-22.52.29:585][  0]LogAudioCaptureCore: Display: No Audio Capture implementations found. Audio input will be silent.
[2022.03.23-22.52.29:585][  0]LogAudioCaptureCore: Display: No Audio Capture implementations found. Audio input will be silent.
[2022.03.23-22.52.29:632][  0]LogOcInput: OculusInput pre-init called
[2022.03.23-22.52.29:643][  0]LogWindows: Failed to load 'OVRPlugin.dll' (GetLastError=126)
[2022.03.23-22.52.29:643][  0]LogWindows: File 'OVRPlugin.dll' does not exist
[2022.03.23-22.52.29:705][  0]LogEngine: Initializing Engine...
[2022.03.23-22.52.29:706][  0]LogHMD: Failed to initialize OpenVR with code 110
[2022.03.23-22.52.29:706][  0]LogMagicLeap: Warning: VR disabled because ZI is not enabled.  To enable, in the editor, Edit -> Project Settings -> Plugins -> Magic Leap Plugin -> Enable Zero Iteration
[2022.03.23-22.52.29:707][  0]LogStats: UGameplayTagsManager::InitializeManager -  0.000 s
[2022.03.23-22.52.29:808][  0]LogUObjectGlobals: Warning: Failed to find object 'Class /Script/SoftDesignTraining.SDT_WorldSettings'
[2022.03.23-22.52.29:808][  0]LogEngine: Error: Failed to load '/Script/SoftDesignTraining.SDT_WorldSettings', falling back to 'WorldSettings'
[2022.03.23-22.52.29:811][  0]LogInit: Initializing FReadOnlyCVARCache
[2022.03.23-22.52.29:818][  0]LogAIModule: Creating AISystem for world Untitled
[2022.03.23-22.52.29:818][  0]LogAISub: UAISubsystem::UAISubsystem EnvQueryManager (0000017772497C00), frame # 0
[2022.03.23-22.52.29:818][  0]LogAISub: UAISubsystem::UAISubsystem AIPerceptionSystem (0000017772510E00), frame # 0
[2022.03.23-22.52.29:830][  0]LogAudioMixer: Display: Audio Mixer Platform Settings:
[2022.03.23-22.52.29:830][  0]LogAudioMixer: Display: 	Sample Rate:						  48000
[2022.03.23-22.52.29:830][  0]LogAudioMixer: Display: 	Callback Buffer Frame Size Requested: 1024
[2022.03.23-22.52.29:830][  0]LogAudioMixer: Display: 	Callback Buffer Frame Size To Use:	  1024
[2022.03.23-22.52.29:830][  0]LogAudioMixer: Display: 	Number of buffers to queue:			  2
[2022.03.23-22.52.29:830][  0]LogAudioMixer: Display: 	Max Channels (voices):				  32
[2022.03.23-22.52.29:830][  0]LogAudioMixer: Display: 	Number of Async Source Workers:		  0
[2022.03.23-22.52.29:830][  0]LogAudio: Display: AudioDevice MaxSources: 32
[2022.03.23-22.52.29:831][  0]LogAudio: Display: Using built-in audio occlusion.
[2022.03.23-22.52.29:831][  0]LogAudioMixer: Display: Initializing audio mixer.
[2022.03.23-22.52.29:842][  0]LogAudioMixer: Display: 0: FrontLeft
[2022.03.23-22.52.29:842][  0]LogAudioMixer: Display: 1: FrontRight
[2022.03.23-22.52.29:877][  0]LogAudioMixer: Display: Using Audio Device Speakers (High Definition Audio Device)
[2022.03.23-22.52.29:880][  0]LogAudioMixer: Display: Initializing Sound Submixes...
[2022.03.23-22.52.29:884][  0]LogAudioMixer: Display: Creating Master Submix 'MasterSubmixDefault'
[2022.03.23-22.52.29:884][  0]LogAudioMixer: Display: Creating Master Submix 'MasterReverbSubmixDefault'
[2022.03.23-22.52.29:884][  0]LogAudioMixer: Display: Creating Master Submix 'MasterEQSubmixDefault'
[2022.03.23-22.52.29:886][  0]LogInit: FAudioDevice initialized.
[2022.03.23-22.52.29:886][  0]LogNetVersion: Set ProjectVersion to 1.0.0.0. Version Checksum will be recalculated on next use.
[2022.03.23-22.52.29:978][  0]LogDerivedDataCache: Saved boot cache 0.09s 78MB C:/Users/DNJACK/AppData/Local/UnrealEngine/4.25/DerivedDataCache/Boot.ddc.
[2022.03.23-22.52.29:979][  0]LogInit: Texture streaming: Enabled
[2022.03.23-22.52.29:994][  0]LogEngineSessionManager: EngineSessionManager initialized
[2022.03.23-22.52.29:994][  0]LogEditorSessionSummary: Verbose: Initializing EditorSessionSummaryWriter for editor session tracking
[2022.03.23-22.52.29:996][  0]LogEditorSessionSummary: EditorSessionSummaryWriter initialized
[2022.03.23-22.52.30:039][  0]LogInit: Transaction tracking system initialized
[2022.03.23-22.52.30:059][  0]BlueprintLog: New page: Editor Load
[2022.03.23-22.52.30:130][  0]LocalizationService: Localization service is disabled
[2022.03.23-22.52.30:319][  0]LogCook: Display: Max memory allowance for cook 16384mb min free memory 0mb
[2022.03.23-22.52.30:319][  0]LogCook: Display: Mobile HDR setting 1
[2022.03.23-22.52.30:463][  0]LogFileCache: Scanning file cache for directory 'C:/Users/DNJACK/Desktop/labs/log8235-tp3/Content/' took 0.01s
[2022.03.23-22.52.30:654][  0]SourceControl: Source control is disabled
[2022.03.23-22.52.30:654][  0]LogUnrealEdMisc: Loading editor; pre map load, took 62.045
[2022.03.23-22.52.30:654][  0]Cmd: MAP LOAD FILE="../../../../../../Users/DNJACK/Desktop/labs/log8235-tp3/Content/TopDown/Maps/TopDownExampleMap.umap" TEMPLATE=0 SHOWPROGRESS=1 FEATURELEVEL=3
[2022.03.23-22.52.30:660][  0]LightingResults: New page: Lighting Build
[2022.03.23-22.52.30:660][  0]LogWorld: UWorld::CleanupWorld for Untitled, bSessionEnded=true, bCleanupResources=true
[2022.03.23-22.52.30:660][  0]LogSlate: InvalidateAllWidgets triggered.  All widgets were invalidated
[2022.03.23-22.52.30:661][  0]MapCheck: New page: Map Check
[2022.03.23-22.52.30:661][  0]LightingResults: New page: Lighting Build
[2022.03.23-22.52.30:674][  0]LogAISub: UAISubsystem::~UAISubsystem EnvQueryManager (0000017772497C00), frame # 0
[2022.03.23-22.52.30:674][  0]LogAISub: UAISubsystem::~UAISubsystem AIPerceptionSystem (0000017772510E00), frame # 0
[2022.03.23-22.52.30:675][  0]LogUObjectHash: Compacting FUObjectHashTables data took   1.31ms
[2022.03.23-22.52.34:009][  0]LogTexture: Display: Building textures: HQ_Lightmap0_18 (AutoDXT, 64X64)
[2022.03.23-22.52.34:009][  0]LogTexture: Display: Building textures: HQ_Lightmap0_17 (AutoDXT, 512X512)
[2022.03.23-22.52.34:009][  0]LogTexture: Display: Building textures: HQ_Lightmap0_11 (AutoDXT, 1024X1024)
[2022.03.23-22.52.34:009][  0]LogTexture: Display: Building textures: HQ_Lightmap0_10 (AutoDXT, 1024X1024)
[2022.03.23-22.52.34:009][  0]LogTexture: Display: Building textures: HQ_Lightmap0_15 (AutoDXT, 1024X1024)
[2022.03.23-22.52.34:009][  0]LogTexture: Display: Building textures: HQ_Lightmap0_16 (AutoDXT, 1024X1024)
[2022.03.23-22.52.34:009][  0]LogTexture: Display: Building textures: HQ_Lightmap0_13 (AutoDXT, 1024X1024)
[2022.03.23-22.52.34:009][  0]LogTexture: Display: Building textures: HQ_Lightmap0_14 (AutoDXT, 1024X1024)
[2022.03.23-22.52.34:009][  0]LogTexture: Display: Building textures: HQ_Lightmap0_8 (AutoDXT, 1024X1024)
[2022.03.23-22.52.34:009][  0]LogTexture: Display: Building textures: HQ_Lightmap0_12 (AutoDXT, 1024X1024)
[2022.03.23-22.52.34:009][  0]LogTexture: Display: Building textures: HQ_Lightmap0_7 (AutoDXT, 1024X1024)
[2022.03.23-22.52.34:009][  0]LogTexture: Display: Building textures: HQ_Lightmap0_9 (AutoDXT, 1024X1024)
[2022.03.23-22.52.34:009][  0]LogTexture: Display: Building textures: HQ_Lightmap1_1 (AutoDXT, 1024X1024)
[2022.03.23-22.52.34:009][  0]LogTexture: Display: Building textures: HQ_Lightmap1_2 (AutoDXT, 1024X1024)
[2022.03.23-22.52.34:009][  0]LogTexture: Display: Building textures: HQ_Lightmap1_3 (AutoDXT, 1024X1024)
[2022.03.23-22.52.34:009][  0]LogTexture: Display: Building textures: HQ_Lightmap1_4 (AutoDXT, 1024X1024)
[2022.03.23-22.52.34:009][  0]LogTexture: Display: Building textures: HQ_Lightmap1_5 (AutoDXT, 1024X1024)
[2022.03.23-22.52.34:009][  0]LogTexture: Display: Building textures: HQ_Lightmap1_6 (AutoDXT, 1024X1024)
[2022.03.23-22.52.34:009][  0]LogTexture: Display: Building textures: LQ_Lightmap_0_11 (DXT1, 1024X1024)
[2022.03.23-22.52.34:009][  0]LogTexture: Display: Building textures: LQ_Lightmap_0_10 (DXT1, 1024X1024)
[2022.03.23-22.52.34:009][  0]LogTexture: Display: Building textures: LQ_Lightmap_0_12 (DXT1, 1024X1024)
[2022.03.23-22.52.34:009][  0]LogTexture: Display: Building textures: LQ_Lightmap_0_13 (DXT1, 1024X1024)
[2022.03.23-22.52.34:009][  0]LogTexture: Display: Building textures: LQ_Lightmap_0_14 (DXT1, 1024X1024)
[2022.03.23-22.52.34:009][  0]LogTexture: Display: Building textures: LQ_Lightmap_0_15 (DXT1, 1024X1024)
[2022.03.23-22.52.34:009][  0]LogTexture: Display: Building textures: LQ_Lightmap_0_16 (DXT1, 1024X1024)
[2022.03.23-22.52.34:009][  0]LogTexture: Display: Building textures: LQ_Lightmap_0_17 (DXT1, 512X512)
[2022.03.23-22.52.34:009][  0]LogTexture: Display: Building textures: LQ_Lightmap_0_18 (DXT1, 64X64)
[2022.03.23-22.52.34:009][  0]LogTexture: Display: Building textures: LQ_Lightmap_0_7 (DXT1, 1024X1024)
[2022.03.23-22.52.34:009][  0]LogTexture: Display: Building textures: LQ_Lightmap_0_8 (DXT1, 1024X1024)
[2022.03.23-22.52.34:009][  0]LogTexture: Display: Building textures: LQ_Lightmap_0_9 (DXT1, 1024X1024)
[2022.03.23-22.52.34:010][  0]LogTexture: Display: Building textures: LQ_Lightmap_1_1 (DXT1, 1024X1024)
[2022.03.23-22.52.34:010][  0]LogTexture: Display: Building textures: LQ_Lightmap_1_2 (DXT1, 1024X1024)
[2022.03.23-22.52.34:010][  0]LogTexture: Display: Building textures: LQ_Lightmap_1_3 (DXT1, 1024X1024)
[2022.03.23-22.52.34:010][  0]LogTexture: Display: Building textures: LQ_Lightmap_1_4 (DXT1, 1024X1024)
[2022.03.23-22.52.34:010][  0]LogTexture: Display: Building textures: LQ_Lightmap_1_5 (DXT1, 1024X1024)
[2022.03.23-22.52.34:010][  0]LogTexture: Display: Building textures: LQ_Lightmap_1_6 (DXT1, 1024X1024)
[2022.03.23-22.52.34:010][  0]LogTexture: Display: Building textures: SkyOcclusion0_10 (AutoDXT, 1024X512)
[2022.03.23-22.52.34:010][  0]LogTexture: Display: Building textures: SkyOcclusion0_11 (AutoDXT, 1024X512)
[2022.03.23-22.52.34:010][  0]LogTexture: Display: Building textures: SkyOcclusion0_12 (AutoDXT, 1024X512)
[2022.03.23-22.52.34:010][  0]LogTexture: Display: Building textures: SkyOcclusion0_13 (AutoDXT, 1024X512)
[2022.03.23-22.52.34:010][  0]LogTexture: Display: Building textures: SkyOcclusion0_14 (AutoDXT, 1024X512)
[2022.03.23-22.52.34:010][  0]LogTexture: Display: Building textures: SkyOcclusion0_15 (AutoDXT, 1024X512)
[2022.03.23-22.52.34:010][  0]LogTexture: Display: Building textures: SkyOcclusion0_16 (AutoDXT, 1024X512)
[2022.03.23-22.52.34:010][  0]LogTexture: Display: Building textures: SkyOcclusion0_18 (AutoDXT, 64X32)
[2022.03.23-22.52.34:010][  0]LogTexture: Display: Building textures: SkyOcclusion0_17 (AutoDXT, 512X256)
[2022.03.23-22.52.34:010][  0]LogTexture: Display: Building textures: SkyOcclusion0_7 (AutoDXT, 1024X512)
[2022.03.23-22.52.34:010][  0]LogTexture: Display: Building textures: SkyOcclusion0_8 (AutoDXT, 1024X512)
[2022.03.23-22.52.34:010][  0]LogTexture: Display: Building textures: SkyOcclusion0_9 (AutoDXT, 1024X512)
[2022.03.23-22.52.34:010][  0]LogTexture: Display: Building textures: SkyOcclusion1_2 (AutoDXT, 1024X512)
[2022.03.23-22.52.34:010][  0]LogTexture: Display: Building textures: SkyOcclusion1_1 (AutoDXT, 1024X512)
[2022.03.23-22.52.34:010][  0]LogTexture: Display: Building textures: SkyOcclusion1_4 (AutoDXT, 1024X512)
[2022.03.23-22.52.34:010][  0]LogTexture: Display: Building textures: SkyOcclusion1_3 (AutoDXT, 1024X512)
[2022.03.23-22.52.34:010][  0]LogTexture: Display: Building textures: SkyOcclusion1_5 (AutoDXT, 1024X512)
[2022.03.23-22.52.34:010][  0]LogTexture: Display: Building textures: SkyOcclusion1_6 (AutoDXT, 1024X512)
[2022.03.23-22.52.34:013][  0]LogAIModule: Creating AISystem for world TopDownExampleMap
[2022.03.23-22.52.34:013][  0]LogAISub: UAISubsystem::UAISubsystem EnvQueryManager (0000017760011600), frame # 0
[2022.03.23-22.52.34:013][  0]LogAISub: UAISubsystem::UAISubsystem AIPerceptionSystem (000001771B2FBB00), frame # 0
[2022.03.23-22.52.34:035][  0]LogMaterial: Display: Material /Game/StarterContent/Materials/M_Tech_Hex_Tile.M_Tech_Hex_Tile needed to have new flag set bUsedWithSkeletalMesh !
[2022.03.23-22.52.34:036][  0]LogMaterial: Display: Missing cached shader map for material M_Tech_Hex_Tile, compiling. 
[2022.03.23-22.52.34:124][  0]MapCheck: Warning: M_Tech_Hex_Tile Material /Game/StarterContent/Materials/M_Tech_Hex_Tile.M_Tech_Hex_Tile was missing the usage flag bUsedWithSkeletalMesh. If the material asset is not re-saved, it may not render correctly when run outside the editor. Fix
[2022.03.23-22.52.34:208][  0]LogShaderCompilers: Display: Worker (1/9): shaders left to compile 48
[2022.03.23-22.52.34:208][  0]LogShaderCompilers: Display: Worker (2/9): shaders left to compile 42
[2022.03.23-22.52.34:208][  0]LogShaderCompilers: Display: Worker (3/9): shaders left to compile 36
[2022.03.23-22.52.34:208][  0]LogShaderCompilers: Display: Worker (4/9): shaders left to compile 30
[2022.03.23-22.52.34:208][  0]LogShaderCompilers: Display: Worker (5/9): shaders left to compile 24
[2022.03.23-22.52.34:208][  0]LogShaderCompilers: Display: Worker (6/9): shaders left to compile 18
[2022.03.23-22.52.34:208][  0]LogShaderCompilers: Display: Worker (7/9): shaders left to compile 12
[2022.03.23-22.52.34:208][  0]LogShaderCompilers: Display: Worker (8/9): shaders left to compile 6
[2022.03.23-22.52.34:208][  0]LogEditorServer: Finished looking for orphan Actors (0.000 secs)
[2022.03.23-22.52.34:212][  0]LogNavigationDataBuild: Display:    Building NavData:  Name Default class /Script/NavigationSystem.RecastNavMesh agent radius 35.0.
[2022.03.23-22.52.34:243][  0]LogUObjectHash: Compacting FUObjectHashTables data took   1.33ms
[2022.03.23-22.52.34:252][  0]Cmd: MAP CHECKDEP NOCLEARLOG
[2022.03.23-22.52.34:253][  0]MapCheck: Map check complete: 0 Error(s), 1 Warning(s), took 0.229ms to complete.
[2022.03.23-22.52.34:259][  0]LogFileHelpers: Loading map 'TopDownExampleMap' took 3.605
[2022.03.23-22.52.34:264][  0]LogUnrealEdMisc: Total Editor Startup Time, took 65.655
[2022.03.23-22.52.34:401][  0]LogSlate: Updating window title bar state: overlay mode, drag disabled, window buttons hidden, title bar hidden
[2022.03.23-22.52.34:412][  0]LogSlate: Updating window title bar state: overlay mode, drag disabled, window buttons hidden, title bar hidden
[2022.03.23-22.52.34:423][  0]LogSlate: Updating window title bar state: overlay mode, drag disabled, window buttons hidden, title bar hidden
[2022.03.23-22.52.34:434][  0]LogSlate: Updating window title bar state: overlay mode, drag disabled, window buttons hidden, title bar hidden
[2022.03.23-22.52.34:444][  0]LogCollectionManager: Loaded 0 collections in 0.003621 seconds
[2022.03.23-22.52.34:468][  0]LogFileCache: Scanning file cache for directory 'C:/Users/DNJACK/Desktop/labs/log8235-tp3/Saved/Collections/' took 0.00s
[2022.03.23-22.52.34:468][  0]LogFileCache: Scanning file cache for directory 'C:/Users/DNJACK/Desktop/labs/log8235-tp3/Content/Developers/DNJACK/Collections/' took 0.00s
[2022.03.23-22.52.34:468][  0]LogFileCache: Scanning file cache for directory 'C:/Users/DNJACK/Desktop/labs/log8235-tp3/Content/Collections/' took 0.00s
[2022.03.23-22.52.34:468][  0]LogContentBrowser: Native class hierarchy populated in 0.0157 seconds. Added 3444 classes and 823 folders.
[2022.03.23-22.52.34:475][  0]LogContentBrowser: Native class hierarchy updated for 'WidgetCarousel' in 0.0006 seconds. Added 0 classes and 0 folders.
[2022.03.23-22.52.34:552][  0]LogContentBrowser: Native class hierarchy updated for 'AddContentDialog' in 0.0007 seconds. Added 0 classes and 0 folders.
[2022.03.23-22.52.34:554][  0]LogContentBrowser: Native class hierarchy updated for 'SceneOutliner' in 0.0007 seconds. Added 2 classes and 0 folders.
[2022.03.23-22.52.34:626][  0]LogSlate: Took 0.000256 seconds to synchronously load lazily loaded font '../../../Engine/Content/Slate/Fonts/Roboto-Regular.ttf' (155K)
[2022.03.23-22.52.34:629][  0]LogSlate: Took 0.000245 seconds to synchronously load lazily loaded font '../../../Engine/Content/Slate/Fonts/Roboto-Bold.ttf' (160K)
[2022.03.23-22.52.34:639][  0]LogSlate: Took 0.000330 seconds to synchronously load lazily loaded font '../../../Engine/Content/Editor/Slate/Fonts/FontAwesome.ttf' (139K)
[2022.03.23-22.52.34:764][  0]LogRenderer: Reallocating scene render targets to support 2388x1304 Format 10 NumSamples 1 (Frame:1).
[2022.03.23-22.52.34:991][  0]LogContentBrowser: Native class hierarchy updated for 'HierarchicalLODOutliner' in 0.0007 seconds. Added 0 classes and 0 folders.
[2022.03.23-22.52.34:991][  0]LogLoad: (Engine Initialization) Total time: 66.38 seconds
[2022.03.23-22.52.34:991][  0]LogLoad: (Engine Initialization) Total Blueprint compile time: 0.00 seconds
[2022.03.23-22.52.35:030][  0]LogContentStreaming: Texture pool size now 1000 MB
[2022.03.23-22.52.44:799][702]LogAssetRegistry: Asset discovery search completed in 17.0704 seconds
[2022.03.23-22.52.44:803][702]LogCollectionManager: Fixed up redirectors for 0 collections in 0.000001 seconds (updated 0 objects)
[2022.03.23-22.52.55:397][924]LogSlate: Took 0.000194 seconds to synchronously load lazily loaded font '../../../Engine/Content/Slate/Fonts/Roboto-Light.ttf' (167K)
[2022.03.23-22.52.55:414][924]LogAssetEditorSubsystem: Opening Asset editor for Blueprint /Game/Blueprint/BP_SDTAICharacter.BP_SDTAICharacter
[2022.03.23-22.52.55:617][924]LogContentBrowser: Native class hierarchy updated for 'BlueprintGraph' in 0.0007 seconds. Added 125 classes and 0 folders.
[2022.03.23-22.52.56:595][924]LogSlate: Took 0.000152 seconds to synchronously load lazily loaded font '../../../Engine/Content/Slate/Fonts/Roboto-BoldCondensed.ttf' (158K)
[2022.03.23-22.53.04:275][563]LogSlate: Window 'BP_SDTAICharacter' being destroyed
[2022.03.23-22.53.04:279][563]LogSlate: Window 'BP_SDTAICharacter' being destroyed
[2022.03.23-22.53.04:281][563]LogWorld: UWorld::CleanupWorld for World_8, bSessionEnded=true, bCleanupResources=true
[2022.03.23-22.53.04:281][563]LogSlate: InvalidateAllWidgets triggered.  All widgets were invalidated
[2022.03.23-22.53.05:867][729]LogVSAccessor: Warning: Couldn't access Visual Studio
[2022.03.23-22.53.05:869][729]Candidate modules for hot reload:
[2022.03.23-22.53.05:870][729]  SoftDesignTraining
[2022.03.23-22.53.05:870][729]Launching UnrealBuildTool... [C:/Program Files/Epic Games/UE_4.25/Engine/Binaries/DotNET/UnrealBuildTool.exe  -ModuleWithSuffix=SoftDesignTraining,306 SoftDesignTrainingEditor Win64 Development -Project="C:/Users/DNJACK/Desktop/labs/log8235-tp3/SoftDesignTraining.uproject" "C:/Users/DNJACK/Desktop/labs/log8235-tp3/SoftDesignTraining.uproject"  -IgnoreJunk]
[2022.03.23-22.53.05:872][729]Warning: Starting HotReload took  0.0s.
[2022.03.23-22.53.07:774][867]CompilerResultsLog: New page: Compilation - Mar. 23, 2022, 2:53:07 p.m.
[2022.03.23-22.53.07:774][867]CompilerResultsLog: Using 'git status' to determine working set for adaptive non-unity build (C:\Users\DNJACK\Desktop\labs\log8235-tp3).
[2022.03.23-22.53.07:775][867]CompilerResultsLog: Building SoftDesignTrainingEditor...
[2022.03.23-22.53.07:775][867]CompilerResultsLog: Using Visual Studio 2019 14.29.30138 toolchain (C:\Program Files (x86)\Microsoft Visual Studio\2019\Community\VC\Tools\MSVC\14.29.30133) and Windows 10.0.18362.0 SDK (C:\Program Files (x86)\Windows Kits\10).
[2022.03.23-22.53.07:775][867]CompilerResultsLog: Building 3 actions with 12 processes...
[2022.03.23-22.53.07:775][867]CompilerResultsLog:   [1/3] UE4Editor-SoftDesignTraining-0306.lib
[2022.03.23-22.53.07:775][867]CompilerResultsLog:      Creating library C:\Users\DNJACK\Desktop\labs\log8235-tp3\Intermediate\Build\Win64\UE4Editor\Development\SoftDesignTraining\UE4Editor-SoftDesignTraining-0306.lib and object C:\Users\DNJACK\Desktop\labs\log8235-tp3\Intermediate\Build\Win64\UE4Editor\Development\SoftDesignTraining\UE4Editor-SoftDesignTraining-0306.exp
[2022.03.23-22.53.07:775][867]CompilerResultsLog:   [2/3] UE4Editor-SoftDesignTraining-0306.dll
[2022.03.23-22.53.07:775][867]CompilerResultsLog:      Creating library C:\Users\DNJACK\Desktop\labs\log8235-tp3\Intermediate\Build\Win64\UE4Editor\Development\SoftDesignTraining\UE4Editor-SoftDesignTraining-0306.suppressed.lib and object C:\Users\DNJACK\Desktop\labs\log8235-tp3\Intermediate\Build\Win64\UE4Editor\Development\SoftDesignTraining\UE4Editor-SoftDesignTraining-0306.suppressed.exp
[2022.03.23-22.53.07:775][867]CompilerResultsLog:   [3/3] SoftDesignTrainingEditor.target
[2022.03.23-22.53.07:775][867]CompilerResultsLog: Total time in Parallel executor: 1.17 seconds
[2022.03.23-22.53.07:775][867]CompilerResultsLog: Total execution time: 1.82 seconds
[2022.03.23-22.53.07:775][867]LogMainFrame: MainFrame: Module compiling took 1.908 seconds
[2022.03.23-22.53.07:796][867]LogContentBrowser: Native class hierarchy populated in 0.0107 seconds. Added 3444 classes and 823 folders.
[2022.03.23-22.53.07:796][867]Display: HotReload took  1.9s.
[2022.03.23-22.53.13:064][225]LogAssetEditorSubsystem: Opening Asset editor for Blueprint /Game/Blueprint/BP_SDTAICharacter.BP_SDTAICharacter
[2022.03.23-22.53.15:565][341]LogAssetEditorSubsystem: Opening Asset editor for Blueprint /Game/Blueprint/BP_SDTAIController.BP_SDTAIController
[2022.03.23-22.53.19:679][722]LogSlate: Window 'BP_SDTAIController' being destroyed
[2022.03.23-22.53.19:684][722]LogSlate: Window 'BP_SDTAIController' being destroyed
[2022.03.23-22.53.19:685][722]LogWorld: UWorld::CleanupWorld for World_9, bSessionEnded=true, bCleanupResources=true
[2022.03.23-22.53.19:685][722]LogSlate: InvalidateAllWidgets triggered.  All widgets were invalidated
[2022.03.23-22.53.19:731][722]LogActorComponent: UnregisterComponent: (/Engine/Transient.EditorFloorComp) Not registered. Aborting.
[2022.03.23-22.53.19:731][722]LogWorld: UWorld::CleanupWorld for World_10, bSessionEnded=true, bCleanupResources=true
[2022.03.23-22.53.19:731][722]LogSlate: InvalidateAllWidgets triggered.  All widgets were invalidated
