Log file open, 03/13/22 10:58:32
LogInit: Display: Running engine for game: SoftDesignTraining
LogPlatformFile: Not using cached read wrapper
LogTaskGraph: Started task graph with 5 named threads and 35 total threads with 3 sets of task threads.
LogStats: Stats thread started at 0.181652
LogD3D11RHI: Loaded GFSDK_Aftermath_Lib.x64.dll
LogICUInternationalization: ICU TimeZone Detection - Raw Offset: -5:00, Platform Override: ''
LogPluginManager: Mounting plugin Paper2D
LogPluginManager: Mounting plugin AISupport
LogPluginManager: Mounting plugin LightPropagationVolume
LogPluginManager: Mounting plugin CameraShakePreviewer
LogPluginManager: Mounting plugin ActorLayerUtilities
LogPluginManager: Mounting plugin AnimationSharing
LogPluginManager: Mounting plugin CLionSourceCodeAccess
LogPluginManager: Mounting plugin CodeLiteSourceCodeAccess
LogPluginManager: Mounting plugin GitSourceControl
LogPluginManager: Mounting plugin KDevelopSourceCodeAccess
LogPluginManager: Mounting plugin NullSourceCodeAccess
LogPluginManager: Mounting plugin PerforceSourceControl
LogPluginManager: Mounting plugin PlasticSourceControl
LogPluginManager: Mounting plugin RiderSourceCodeAccess
LogPluginManager: Mounting plugin SubversionSourceControl
LogPluginManager: Mounting plugin UObjectPlugin
LogPluginManager: Mounting plugin VisualStudioCodeSourceCodeAccess
LogPluginManager: Mounting plugin VisualStudioSourceCodeAccess
LogPluginManager: Mounting plugin XCodeSourceCodeAccess
LogPluginManager: Mounting plugin AssetManagerEditor
LogPluginManager: Mounting plugin CryptoKeys
LogPluginManager: Mounting plugin CurveEditorTools
LogPluginManager: Mounting plugin DataValidation
LogPluginManager: Mounting plugin EditorScriptingUtilities
LogPluginManager: Mounting plugin FacialAnimation
LogPluginManager: Mounting plugin GameplayTagsEditor
LogPluginManager: Mounting plugin GeometryMode
LogPluginManager: Mounting plugin MacGraphicsSwitching
LogPluginManager: Mounting plugin MaterialAnalyzer
LogPluginManager: Mounting plugin MobileLauncherProfileWizard
LogPluginManager: Mounting plugin PluginBrowser
LogPluginManager: Mounting plugin SpeedTreeImporter
LogPluginManager: Mounting plugin DatasmithContent
LogPluginManager: Mounting plugin VariantManagerContent
LogPluginManager: Mounting plugin AlembicImporter
LogPluginManager: Mounting plugin AutomationUtils
LogPluginManager: Mounting plugin BackChannel
LogPluginManager: Mounting plugin ChaosCloth
LogPluginManager: Mounting plugin ChaosClothEditor
LogPluginManager: Mounting plugin ChaosEditor
LogPluginManager: Mounting plugin ChaosNiagara
LogPluginManager: Mounting plugin ChaosSolverPlugin
LogPluginManager: Mounting plugin CharacterAI
LogPluginManager: Mounting plugin GeometryCache
LogPluginManager: Mounting plugin GeometryCollectionPlugin
LogPluginManager: Mounting plugin GeometryProcessing
LogPluginManager: Mounting plugin PlanarCut
LogPluginManager: Mounting plugin PlatformCrypto
LogPluginManager: Mounting plugin ProxyLODPlugin
LogPluginManager: Mounting plugin SkeletalReduction
LogPluginManager: Mounting plugin Niagara
LogPluginManager: Mounting plugin MagicLeap
LogPluginManager: Mounting plugin MagicLeapLightEstimation
LogPluginManager: Mounting plugin MagicLeapMedia
LogPluginManager: Mounting plugin MagicLeapPassableWorld
LogPluginManager: Mounting plugin MLSDK
LogPluginManager: Mounting plugin AndroidMedia
LogPluginManager: Mounting plugin AvfMedia
LogPluginManager: Mounting plugin ImgMedia
LogPluginManager: Mounting plugin MediaCompositing
LogPluginManager: Mounting plugin MediaPlayerEditor
LogPluginManager: Mounting plugin WebMMedia
LogPluginManager: Mounting plugin WmfMedia
LogPluginManager: Mounting plugin MeshPainting
LogPluginManager: Mounting plugin TcpMessaging
LogPluginManager: Mounting plugin UdpMessaging
LogPluginManager: Mounting plugin ActorSequence
LogPluginManager: Mounting plugin LevelSequenceEditor
LogPluginManager: Mounting plugin MatineeToLevelSequence
LogPluginManager: Mounting plugin MovieRenderPipeline
LogPluginManager: Mounting plugin TemplateSequence
LogPluginManager: Mounting plugin NetcodeUnitTest
LogPluginManager: Mounting plugin NUTUnrealEngine4
LogPluginManager: Mounting plugin OnlineSubsystemGooglePlay
LogPluginManager: Mounting plugin OnlineSubsystemIOS
LogPluginManager: Mounting plugin OnlineSubsystem
LogPluginManager: Mounting plugin OnlineSubsystemNull
LogPluginManager: Mounting plugin OnlineSubsystemUtils
LogPluginManager: Mounting plugin LauncherChunkInstaller
LogPluginManager: Mounting plugin AndroidDeviceProfileSelector
LogPluginManager: Mounting plugin AndroidMoviePlayer
LogPluginManager: Mounting plugin AndroidPermission
LogPluginManager: Mounting plugin AppleImageUtils
LogPluginManager: Mounting plugin AppleMoviePlayer
LogPluginManager: Mounting plugin ArchVisCharacter
LogPluginManager: Mounting plugin AssetTags
LogPluginManager: Mounting plugin AudioCapture
LogPluginManager: Mounting plugin CableComponent
LogPluginManager: Mounting plugin CustomMeshComponent
LogPluginManager: Mounting plugin EditableMesh
LogPluginManager: Mounting plugin ExampleDeviceProfileSelector
LogPluginManager: Mounting plugin GoogleCloudMessaging
LogPluginManager: Mounting plugin GooglePAD
LogPluginManager: Mounting plugin IOSDeviceProfileSelector
LogPluginManager: Mounting plugin LinuxDeviceProfileSelector
LogPluginManager: Mounting plugin LocationServicesBPLibrary
LogPluginManager: Mounting plugin MobilePatchingUtils
LogPluginManager: Mounting plugin OculusVR
LogPluginManager: Mounting plugin PhysXVehicles
LogPluginManager: Mounting plugin PostSplashScreen
LogPluginManager: Mounting plugin ProceduralMeshComponent
LogPluginManager: Mounting plugin RuntimePhysXCooking
LogPluginManager: Mounting plugin SignificanceManager
LogPluginManager: Mounting plugin SoundFields
LogPluginManager: Mounting plugin SteamVR
LogPluginManager: Mounting plugin Synthesis
LogPluginManager: Mounting plugin WebMMoviePlayer
LogPluginManager: Mounting plugin WindowsMoviePlayer
LogPluginManager: Mounting plugin ScreenshotTools
LogInit: Using libcurl 7.55.1-DEV
LogInit:  - built for x86_64-pc-win32
LogInit:  - supports SSL with OpenSSL/1.1.1
LogInit:  - supports HTTP deflate (compression) using libz 1.2.8
LogInit:  - other features:
LogInit:      CURL_VERSION_SSL
LogInit:      CURL_VERSION_LIBZ
LogInit:      CURL_VERSION_IPV6
LogInit:      CURL_VERSION_ASYNCHDNS
LogInit:      CURL_VERSION_LARGEFILE
LogInit:      CURL_VERSION_IDN
LogInit:  CurlRequestOptions (configurable via config and command line):
LogInit:  - bVerifyPeer = true  - Libcurl will verify peer certificate
LogInit:  - bUseHttpProxy = false  - Libcurl will NOT use HTTP proxy
LogInit:  - bDontReuseConnections = false  - Libcurl will reuse connections
LogInit:  - MaxHostConnections = 16  - Libcurl will limit the number of connections to a host
LogInit:  - LocalHostAddr = Default
LogInit:  - BufferSize = 65536
LogOnline: OSS: Creating online subsystem instance for: NULL
LogInit: WinSock: version 1.1 (2.2), MaxSocks=32767, MaxUdp=65467
LogOnline: OSS: TryLoadSubsystemAndSetDefault: Loaded subsystem for module [NULL]
LogInit: Build: ++UE4+Release-4.25-CL-14469661
LogInit: Engine Version: 4.25.4-14469661+++UE4+Release-4.25
LogInit: Compatible Engine Version: 4.25.0-13144385+++UE4+Release-4.25
LogInit: Net CL: 13144385
LogInit: OS: Windows 10 (Release 1909) (), CPU: AMD Ryzen 5 1600X Six-Core Processor           , GPU: NVIDIA GeForce GTX 1080
LogInit: Compiled (64-bit): Oct 11 2020 08:10:49
LogInit: Compiled with Visual C++: 19.24.28315.00
LogInit: Build Configuration: Development
LogInit: Branch Name: ++UE4+Release-4.25
LogInit: Command Line: 
LogInit: Base Directory: C:/Program Files/Epic Games/UE_4.25/Engine/Binaries/Win64/
LogInit: Allocator: TBB
LogInit: Installed Engine Build: 1
LogDevObjectVersion: Number of dev versions registered: 26
LogDevObjectVersion:   Dev-Blueprints (B0D832E4-1F89-4F0D-ACCF-7EB736FD4AA2): 10
LogDevObjectVersion:   Dev-Build (E1C64328-A22C-4D53-A36C-8E866417BD8C): 0
LogDevObjectVersion:   Dev-Core (375EC13C-06E4-48FB-B500-84F0262A717E): 4
LogDevObjectVersion:   Dev-Editor (E4B068ED-F494-42E9-A231-DA0B2E46BB41): 38
LogDevObjectVersion:   Dev-Framework (CFFC743F-43B0-4480-9391-14DF171D2073): 37
LogDevObjectVersion:   Dev-Mobile (B02B49B5-BB20-44E9-A304-32B752E40360): 2
LogDevObjectVersion:   Dev-Networking (A4E4105C-59A1-49B5-A7C5-40C4547EDFEE): 0
LogDevObjectVersion:   Dev-Online (39C831C9-5AE6-47DC-9A44-9C173E1C8E7C): 0
LogDevObjectVersion:   Dev-Physics (78F01B33-EBEA-4F98-B9B4-84EACCB95AA2): 4
LogDevObjectVersion:   Dev-Platform (6631380F-2D4D-43E0-8009-CF276956A95A): 0
LogDevObjectVersion:   Dev-Rendering (12F88B9F-8875-4AFC-A67C-D90C383ABD29): 43
LogDevObjectVersion:   Dev-Sequencer (7B5AE74C-D270-4C10-A958-57980B212A5A): 12
LogDevObjectVersion:   Dev-VR (D7296918-1DD6-4BDD-9DE2-64A83CC13884): 3
LogDevObjectVersion:   Dev-LoadTimes (C2A15278-BFE7-4AFE-6C17-90FF531DF755): 1
LogDevObjectVersion:   Private-Geometry (6EACA3D4-40EC-4CC1-B786-8BED09428FC5): 3
LogDevObjectVersion:   Dev-AnimPhys (29E575DD-E0A3-4627-9D10-D276232CDCEA): 17
LogDevObjectVersion:   Dev-Anim (AF43A65D-7FD3-4947-9873-3E8ED9C1BB05): 7
LogDevObjectVersion:   Dev-ReflectionCapture (6B266CEC-1EC7-4B8F-A30B-E4D90942FC07): 1
LogDevObjectVersion:   Dev-Automation (0DF73D61-A23F-47EA-B727-89E90C41499A): 1
LogDevObjectVersion:   FortniteMain (601D1886-AC64-4F84-AA16-D3DE0DEAC7D6): 31
LogDevObjectVersion:   Dev-Enterprise (9DFFBCD6-494F-0158-E221-12823C92A888): 10
LogDevObjectVersion:   Dev-Niagara (F2AED0AC-9AFE-416F-8664-AA7FFA26D6FC): 1
LogDevObjectVersion:   Dev-Destruction (174F1F0B-B4C6-45A5-B13F-2EE8D0FB917D): 10
LogDevObjectVersion:   Dev-Physics-Ext (35F94A83-E258-406C-A318-09F59610247C): 37
LogDevObjectVersion:   Dev-PhysicsMaterial-Chaos (B68FC16E-8B1B-42E2-B453-215C058844FE): 1
LogDevObjectVersion:   Dev-CineCamera (B2E18506-4273-CFC2-A54E-F4BB758BBA07): 1
LogInit: Presizing for max 25165824 objects, including 0 objects not considered by GC, pre-allocating 0 bytes for permanent pool.
LogConfig: Applying CVar settings from Section [/Script/Engine.StreamingSettings] File [C:/Users/DNJACK/Desktop/labs/log8235-tp2/Saved/Config/Windows/Engine.ini]
LogConfig: Setting CVar [[s.MinBulkDataSizeForAsyncLoading:131072]]
LogConfig: Setting CVar [[s.AsyncLoadingThreadEnabled:0]]
LogConfig: Setting CVar [[s.EventDrivenLoaderEnabled:1]]
LogConfig: Setting CVar [[s.WarnIfTimeLimitExceeded:0]]
LogConfig: Setting CVar [[s.TimeLimitExceededMultiplier:1.5]]
LogConfig: Setting CVar [[s.TimeLimitExceededMinTime:0.005]]
LogConfig: Setting CVar [[s.UseBackgroundLevelStreaming:1]]
LogConfig: Setting CVar [[s.PriorityAsyncLoadingExtraTime:15.0]]
LogConfig: Setting CVar [[s.LevelStreamingActorsUpdateTimeLimit:5.0]]
LogConfig: Setting CVar [[s.PriorityLevelStreamingActorsUpdateExtraTime:5.0]]
LogConfig: Setting CVar [[s.LevelStreamingComponentsRegistrationGranularity:10]]
LogConfig: Setting CVar [[s.UnregisterComponentsTimeLimit:1.0]]
LogConfig: Setting CVar [[s.LevelStreamingComponentsUnregistrationGranularity:5]]
LogConfig: Setting CVar [[s.FlushStreamingOnExit:1]]
LogInit: Object subsystem initialized
LogConfig: Setting CVar [[con.DebugEarlyDefault:1]]
LogConfig: Setting CVar [[r.setres:1280x720]]
[2022.03.13-14.58.32:326][  0]LogConfig: Setting CVar [[r.VSync:0]]
[2022.03.13-14.58.32:326][  0]LogConfig: Setting CVar [[r.RHICmdBypass:0]]
[2022.03.13-14.58.32:326][  0]LogConfig: Applying CVar settings from Section [/Script/Engine.RendererSettings] File [C:/Users/DNJACK/Desktop/labs/log8235-tp2/Saved/Config/Windows/Engine.ini]
[2022.03.13-14.58.32:326][  0]LogConfig: Setting CVar [[r.GPUCrashDebugging:0]]
[2022.03.13-14.58.32:326][  0]LogConfig: Applying CVar settings from Section [/Script/Engine.RendererOverrideSettings] File [C:/Users/DNJACK/Desktop/labs/log8235-tp2/Saved/Config/Windows/Engine.ini]
[2022.03.13-14.58.32:326][  0]LogConfig: Applying CVar settings from Section [/Script/Engine.StreamingSettings] File [C:/Users/DNJACK/Desktop/labs/log8235-tp2/Saved/Config/Windows/Engine.ini]
[2022.03.13-14.58.32:326][  0]LogConfig: Setting CVar [[s.MinBulkDataSizeForAsyncLoading:131072]]
[2022.03.13-14.58.32:326][  0]LogConfig: Setting CVar [[s.AsyncLoadingThreadEnabled:0]]
[2022.03.13-14.58.32:326][  0]LogConfig: Setting CVar [[s.EventDrivenLoaderEnabled:1]]
[2022.03.13-14.58.32:326][  0]LogConfig: Setting CVar [[s.WarnIfTimeLimitExceeded:0]]
[2022.03.13-14.58.32:326][  0]LogConfig: Setting CVar [[s.TimeLimitExceededMultiplier:1.5]]
[2022.03.13-14.58.32:327][  0]LogConfig: Setting CVar [[s.TimeLimitExceededMinTime:0.005]]
[2022.03.13-14.58.32:327][  0]LogConfig: Setting CVar [[s.UseBackgroundLevelStreaming:1]]
[2022.03.13-14.58.32:327][  0]LogConfig: Setting CVar [[s.PriorityAsyncLoadingExtraTime:15.0]]
[2022.03.13-14.58.32:327][  0]LogConfig: Setting CVar [[s.LevelStreamingActorsUpdateTimeLimit:5.0]]
[2022.03.13-14.58.32:327][  0]LogConfig: Setting CVar [[s.PriorityLevelStreamingActorsUpdateExtraTime:5.0]]
[2022.03.13-14.58.32:327][  0]LogConfig: Setting CVar [[s.LevelStreamingComponentsRegistrationGranularity:10]]
[2022.03.13-14.58.32:327][  0]LogConfig: Setting CVar [[s.UnregisterComponentsTimeLimit:1.0]]
[2022.03.13-14.58.32:327][  0]LogConfig: Setting CVar [[s.LevelStreamingComponentsUnregistrationGranularity:5]]
[2022.03.13-14.58.32:327][  0]LogConfig: Setting CVar [[s.FlushStreamingOnExit:1]]
[2022.03.13-14.58.32:327][  0]LogConfig: Applying CVar settings from Section [/Script/Engine.GarbageCollectionSettings] File [C:/Users/DNJACK/Desktop/labs/log8235-tp2/Saved/Config/Windows/Engine.ini]
[2022.03.13-14.58.32:327][  0]LogConfig: Setting CVar [[gc.MaxObjectsNotConsideredByGC:1]]
[2022.03.13-14.58.32:327][  0]LogConfig: Setting CVar [[gc.SizeOfPermanentObjectPool:0]]
[2022.03.13-14.58.32:327][  0]LogConfig: Setting CVar [[gc.FlushStreamingOnGC:0]]
[2022.03.13-14.58.32:327][  0]LogConfig: Setting CVar [[gc.NumRetriesBeforeForcingGC:10]]
[2022.03.13-14.58.32:327][  0]LogConfig: Setting CVar [[gc.AllowParallelGC:1]]
[2022.03.13-14.58.32:327][  0]LogConfig: Setting CVar [[gc.TimeBetweenPurgingPendingKillObjects:61.1]]
[2022.03.13-14.58.32:327][  0]LogConfig: Setting CVar [[gc.MaxObjectsInEditor:25165824]]
[2022.03.13-14.58.32:327][  0]LogConfig: Setting CVar [[gc.IncrementalBeginDestroyEnabled:1]]
[2022.03.13-14.58.32:327][  0]LogConfig: Setting CVar [[gc.CreateGCClusters:1]]
[2022.03.13-14.58.32:327][  0]LogConfig: Setting CVar [[gc.MinGCClusterSize:5]]
[2022.03.13-14.58.32:327][  0]LogConfig: Setting CVar [[gc.ActorClusteringEnabled:0]]
[2022.03.13-14.58.32:327][  0]LogConfig: Setting CVar [[gc.BlueprintClusteringEnabled:0]]
[2022.03.13-14.58.32:327][  0]LogConfig: Setting CVar [[gc.UseDisregardForGCOnDedicatedServers:0]]
[2022.03.13-14.58.32:327][  0]LogConfig: Applying CVar settings from Section [/Script/Engine.NetworkSettings] File [C:/Users/DNJACK/Desktop/labs/log8235-tp2/Saved/Config/Windows/Engine.ini]
[2022.03.13-14.58.32:327][  0]LogConfig: Applying CVar settings from Section [/Script/UnrealEd.CookerSettings] File [C:/Users/DNJACK/Desktop/labs/log8235-tp2/Saved/Config/Windows/Engine.ini]
[2022.03.13-14.58.32:330][  0]LogConfig: Applying CVar settings from Section [ViewDistanceQuality@3] File [C:/Users/DNJACK/Desktop/labs/log8235-tp2/Saved/Config/Windows/Scalability.ini]
[2022.03.13-14.58.32:330][  0]LogConfig: Setting CVar [[r.SkeletalMeshLODBias:0]]
[2022.03.13-14.58.32:330][  0]LogConfig: Setting CVar [[r.ViewDistanceScale:1.0]]
[2022.03.13-14.58.32:330][  0]LogConfig: Applying CVar settings from Section [AntiAliasingQuality@3] File [C:/Users/DNJACK/Desktop/labs/log8235-tp2/Saved/Config/Windows/Scalability.ini]
[2022.03.13-14.58.32:330][  0]LogConfig: Setting CVar [[r.PostProcessAAQuality:4]]
[2022.03.13-14.58.32:330][  0]LogConfig: Applying CVar settings from Section [ShadowQuality@3] File [C:/Users/DNJACK/Desktop/labs/log8235-tp2/Saved/Config/Windows/Scalability.ini]
[2022.03.13-14.58.32:330][  0]LogConfig: Setting CVar [[r.LightFunctionQuality:1]]
[2022.03.13-14.58.32:330][  0]LogConfig: Setting CVar [[r.ShadowQuality:5]]
[2022.03.13-14.58.32:330][  0]LogConfig: Setting CVar [[r.Shadow.CSM.MaxCascades:10]]
[2022.03.13-14.58.32:330][  0]LogConfig: Setting CVar [[r.Shadow.MaxResolution:2048]]
[2022.03.13-14.58.32:330][  0]LogConfig: Setting CVar [[r.Shadow.MaxCSMResolution:2048]]
[2022.03.13-14.58.32:330][  0]LogConfig: Setting CVar [[r.Shadow.RadiusThreshold:0.01]]
[2022.03.13-14.58.32:330][  0]LogConfig: Setting CVar [[r.Shadow.DistanceScale:1.0]]
[2022.03.13-14.58.32:330][  0]LogConfig: Setting CVar [[r.Shadow.CSM.TransitionScale:1.0]]
[2022.03.13-14.58.32:330][  0]LogConfig: Setting CVar [[r.Shadow.PreShadowResolutionFactor:1.0]]
[2022.03.13-14.58.32:330][  0]LogConfig: Setting CVar [[r.DistanceFieldShadowing:1]]
[2022.03.13-14.58.32:330][  0]LogConfig: Setting CVar [[r.DistanceFieldAO:1]]
[2022.03.13-14.58.32:330][  0]LogConfig: Setting CVar [[r.AOQuality:2]]
[2022.03.13-14.58.32:330][  0]LogConfig: Setting CVar [[r.VolumetricFog:1]]
[2022.03.13-14.58.32:330][  0]LogConfig: Setting CVar [[r.VolumetricFog.GridPixelSize:8]]
[2022.03.13-14.58.32:330][  0]LogConfig: Setting CVar [[r.VolumetricFog.GridSizeZ:128]]
[2022.03.13-14.58.32:330][  0]LogConfig: Setting CVar [[r.VolumetricFog.HistoryMissSupersampleCount:4]]
[2022.03.13-14.58.32:330][  0]LogConfig: Setting CVar [[r.LightMaxDrawDistanceScale:1]]
[2022.03.13-14.58.32:330][  0]LogConfig: Setting CVar [[r.CapsuleShadows:1]]
[2022.03.13-14.58.32:330][  0]LogConfig: Applying CVar settings from Section [PostProcessQuality@3] File [C:/Users/DNJACK/Desktop/labs/log8235-tp2/Saved/Config/Windows/Scalability.ini]
[2022.03.13-14.58.32:330][  0]LogConfig: Setting CVar [[r.MotionBlurQuality:4]]
[2022.03.13-14.58.32:330][  0]LogConfig: Setting CVar [[r.AmbientOcclusionMipLevelFactor:0.4]]
[2022.03.13-14.58.32:330][  0]LogConfig: Setting CVar [[r.AmbientOcclusionMaxQuality:100]]
[2022.03.13-14.58.32:330][  0]LogConfig: Setting CVar [[r.AmbientOcclusionLevels:-1]]
[2022.03.13-14.58.32:330][  0]LogConfig: Setting CVar [[r.AmbientOcclusionRadiusScale:1.0]]
[2022.03.13-14.58.32:330][  0]LogConfig: Setting CVar [[r.DepthOfFieldQuality:2]]
[2022.03.13-14.58.32:330][  0]LogConfig: Setting CVar [[r.RenderTargetPoolMin:400]]
[2022.03.13-14.58.32:330][  0]LogConfig: Setting CVar [[r.LensFlareQuality:2]]
[2022.03.13-14.58.32:330][  0]LogConfig: Setting CVar [[r.SceneColorFringeQuality:1]]
[2022.03.13-14.58.32:330][  0]LogConfig: Setting CVar [[r.EyeAdaptationQuality:2]]
[2022.03.13-14.58.32:330][  0]LogConfig: Setting CVar [[r.BloomQuality:5]]
[2022.03.13-14.58.32:330][  0]LogConfig: Setting CVar [[r.FastBlurThreshold:100]]
[2022.03.13-14.58.32:330][  0]LogConfig: Setting CVar [[r.Upscale.Quality:3]]
[2022.03.13-14.58.32:330][  0]LogConfig: Setting CVar [[r.Tonemapper.GrainQuantization:1]]
[2022.03.13-14.58.32:330][  0]LogConfig: Setting CVar [[r.LightShaftQuality:1]]
[2022.03.13-14.58.32:330][  0]LogConfig: Setting CVar [[r.Filter.SizeScale:1]]
[2022.03.13-14.58.32:330][  0]LogConfig: Setting CVar [[r.Tonemapper.Quality:5]]
[2022.03.13-14.58.32:330][  0]LogConfig: Setting CVar [[r.DOF.Gather.AccumulatorQuality:1        ; higher gathering accumulator quality]]
[2022.03.13-14.58.32:330][  0]LogConfig: Setting CVar [[r.DOF.Gather.PostfilterMethod:1          ; Median3x3 postfilering method]]
[2022.03.13-14.58.32:330][  0]LogConfig: Setting CVar [[r.DOF.Gather.EnableBokehSettings:0       ; no bokeh simulation when gathering]]
[2022.03.13-14.58.32:330][  0]LogConfig: Setting CVar [[r.DOF.Gather.RingCount:4                 ; medium number of samples when gathering]]
[2022.03.13-14.58.32:330][  0]LogConfig: Setting CVar [[r.DOF.Scatter.ForegroundCompositing:1    ; additive foreground scattering]]
[2022.03.13-14.58.32:330][  0]LogConfig: Setting CVar [[r.DOF.Scatter.BackgroundCompositing:2    ; additive background scattering]]
[2022.03.13-14.58.32:330][  0]LogConfig: Setting CVar [[r.DOF.Scatter.EnableBokehSettings:1      ; bokeh simulation when scattering]]
[2022.03.13-14.58.32:330][  0]LogConfig: Setting CVar [[r.DOF.Scatter.MaxSpriteRatio:0.1         ; only a maximum of 10% of scattered bokeh]]
[2022.03.13-14.58.32:330][  0]LogConfig: Setting CVar [[r.DOF.Recombine.Quality:1                ; cheap slight out of focus]]
[2022.03.13-14.58.32:330][  0]LogConfig: Setting CVar [[r.DOF.Recombine.EnableBokehSettings:0    ; no bokeh simulation on slight out of focus]]
[2022.03.13-14.58.32:330][  0]LogConfig: Setting CVar [[r.DOF.TemporalAAQuality:1                ; more stable temporal accumulation]]
[2022.03.13-14.58.32:330][  0]LogConfig: Setting CVar [[r.DOF.Kernel.MaxForegroundRadius:0.025]]
[2022.03.13-14.58.32:330][  0]LogConfig: Setting CVar [[r.DOF.Kernel.MaxBackgroundRadius:0.025]]
[2022.03.13-14.58.32:330][  0]LogConfig: Applying CVar settings from Section [TextureQuality@3] File [C:/Users/DNJACK/Desktop/labs/log8235-tp2/Saved/Config/Windows/Scalability.ini]
[2022.03.13-14.58.32:330][  0]LogConfig: Setting CVar [[r.Streaming.MipBias:0]]
[2022.03.13-14.58.32:330][  0]LogConfig: Setting CVar [[r.Streaming.AmortizeCPUToGPUCopy:0]]
[2022.03.13-14.58.32:330][  0]LogConfig: Setting CVar [[r.Streaming.MaxNumTexturesToStreamPerFrame:0]]
[2022.03.13-14.58.32:330][  0]LogConfig: Setting CVar [[r.Streaming.Boost:1]]
[2022.03.13-14.58.32:330][  0]LogConfig: Setting CVar [[r.MaxAnisotropy:8]]
[2022.03.13-14.58.32:330][  0]LogConfig: Setting CVar [[r.VT.MaxAnisotropy:8]]
[2022.03.13-14.58.32:330][  0]LogConfig: Setting CVar [[r.Streaming.LimitPoolSizeToVRAM:0]]
[2022.03.13-14.58.32:330][  0]LogConfig: Setting CVar [[r.Streaming.PoolSize:1000]]
[2022.03.13-14.58.32:331][  0]LogConfig: Setting CVar [[r.Streaming.MaxEffectiveScreenSize:0]]
[2022.03.13-14.58.32:331][  0]LogConfig: Applying CVar settings from Section [EffectsQuality@3] File [C:/Users/DNJACK/Desktop/labs/log8235-tp2/Saved/Config/Windows/Scalability.ini]
[2022.03.13-14.58.32:331][  0]LogConfig: Setting CVar [[r.TranslucencyLightingVolumeDim:64]]
[2022.03.13-14.58.32:331][  0]LogConfig: Setting CVar [[r.RefractionQuality:2]]
[2022.03.13-14.58.32:331][  0]LogConfig: Setting CVar [[r.SSR.Quality:3]]
[2022.03.13-14.58.32:331][  0]LogConfig: Setting CVar [[r.SSR.HalfResSceneColor:0]]
[2022.03.13-14.58.32:331][  0]LogConfig: Setting CVar [[r.SceneColorFormat:4]]
[2022.03.13-14.58.32:331][  0]LogConfig: Setting CVar [[r.DetailMode:2]]
[2022.03.13-14.58.32:331][  0]LogConfig: Setting CVar [[r.TranslucencyVolumeBlur:1]]
[2022.03.13-14.58.32:331][  0]LogConfig: Setting CVar [[r.MaterialQualityLevel:1 ; High quality]]
[2022.03.13-14.58.32:331][  0]LogConfig: Setting CVar [[r.SSS.Scale:1]]
[2022.03.13-14.58.32:331][  0]LogConfig: Setting CVar [[r.SSS.SampleSet:2]]
[2022.03.13-14.58.32:331][  0]LogConfig: Setting CVar [[r.SSS.Quality:1]]
[2022.03.13-14.58.32:331][  0]LogConfig: Setting CVar [[r.SSS.HalfRes:0]]
[2022.03.13-14.58.32:331][  0]LogConfig: Setting CVar [[r.SSGI.Quality:3]]
[2022.03.13-14.58.32:331][  0]LogConfig: Setting CVar [[r.EmitterSpawnRateScale:1.0]]
[2022.03.13-14.58.32:331][  0]LogConfig: Setting CVar [[r.ParticleLightQuality:2]]
[2022.03.13-14.58.32:331][  0]LogConfig: Setting CVar [[r.SkyAtmosphere.AerialPerspectiveLUT.FastApplyOnOpaque:1 ; Always have FastSkyLUT 1 in this case to avoid wrong sky]]
[2022.03.13-14.58.32:331][  0]LogConfig: Setting CVar [[r.SkyAtmosphere.AerialPerspectiveLUT.SampleCountPerSlice:1]]
[2022.03.13-14.58.32:331][  0]LogConfig: Setting CVar [[r.SkyAtmosphere.AerialPerspectiveLUT.DepthResolution:16.0]]
[2022.03.13-14.58.32:331][  0]LogConfig: Setting CVar [[r.SkyAtmosphere.FastSkyLUT:1]]
[2022.03.13-14.58.32:331][  0]LogConfig: Setting CVar [[r.SkyAtmosphere.FastSkyLUT.SampleCountMin:4.0]]
[2022.03.13-14.58.32:331][  0]LogConfig: Setting CVar [[r.SkyAtmosphere.FastSkyLUT.SampleCountMax:32.0]]
[2022.03.13-14.58.32:331][  0]LogConfig: Setting CVar [[r.SkyAtmosphere.SampleCountMin:4.0]]
[2022.03.13-14.58.32:331][  0]LogConfig: Setting CVar [[r.SkyAtmosphere.SampleCountMax:32.0]]
[2022.03.13-14.58.32:331][  0]LogConfig: Setting CVar [[r.SkyAtmosphere.TransmittanceLUT.UseSmallFormat:0]]
[2022.03.13-14.58.32:331][  0]LogConfig: Setting CVar [[r.SkyAtmosphere.TransmittanceLUT.SampleCount:10.0]]
[2022.03.13-14.58.32:331][  0]LogConfig: Setting CVar [[r.SkyAtmosphere.MultiScatteringLUT.SampleCount:15.0]]
[2022.03.13-14.58.32:331][  0]LogConfig: Applying CVar settings from Section [FoliageQuality@3] File [C:/Users/DNJACK/Desktop/labs/log8235-tp2/Saved/Config/Windows/Scalability.ini]
[2022.03.13-14.58.32:331][  0]LogConfig: Setting CVar [[foliage.DensityScale:1.0]]
[2022.03.13-14.58.32:331][  0]LogConfig: Setting CVar [[grass.DensityScale:1.0]]
[2022.03.13-14.58.32:331][  0]LogConfig: Applying CVar settings from Section [ShadingQuality@3] File [C:/Users/DNJACK/Desktop/labs/log8235-tp2/Saved/Config/Windows/Scalability.ini]
[2022.03.13-14.58.32:331][  0]LogConfig: Setting CVar [[r.HairStrands.SkyLighting.SampleCount:16]]
[2022.03.13-14.58.32:331][  0]LogConfig: Setting CVar [[r.HairStrands.SkyLighting.JitterIntegration:0]]
[2022.03.13-14.58.32:331][  0]LogConfig: Setting CVar [[r.HairStrands.SkyAO.SampleCount:16]]
[2022.03.13-14.58.32:331][  0]LogConfig: Setting CVar [[r.HairStrands.DeepShadow.SuperSampling:0]]
[2022.03.13-14.58.32:331][  0]LogConfig: Setting CVar [[r.HairStrands.VisibilityPPLL:0]]
[2022.03.13-14.58.32:331][  0]LogConfig: Setting CVar [[r.HairStrands.RasterizationScale:0.5]]
[2022.03.13-14.58.32:331][  0]LogConfig: Setting CVar [[r.HairStrands.VelocityRasterizationScale:1]]
[2022.03.13-14.58.32:331][  0]LogInit: Selected Device Profile: [Windows]
[2022.03.13-14.58.32:331][  0]LogInit: Applying CVar settings loaded from the selected device profile: [Windows]
[2022.03.13-14.58.32:331][  0]LogHAL: Display: Platform has ~ 16 GB [17129615360 / 17179869184 / 16], which maps to Larger [LargestMinGB=32, LargerMinGB=12, DefaultMinGB=8, SmallerMinGB=6, SmallestMinGB=0)
[2022.03.13-14.58.32:331][  0]LogInit: Going up to parent DeviceProfile []
[2022.03.13-14.58.32:331][  0]LogConfig: Applying CVar settings from Section [ViewDistanceQuality@3] File [C:/Users/DNJACK/Desktop/labs/log8235-tp2/Saved/Config/Windows/Scalability.ini]
[2022.03.13-14.58.32:331][  0]LogConfig: Setting CVar [[r.SkeletalMeshLODBias:0]]
[2022.03.13-14.58.32:331][  0]LogConfig: Setting CVar [[r.ViewDistanceScale:1.0]]
[2022.03.13-14.58.32:331][  0]LogConfig: Applying CVar settings from Section [AntiAliasingQuality@3] File [C:/Users/DNJACK/Desktop/labs/log8235-tp2/Saved/Config/Windows/Scalability.ini]
[2022.03.13-14.58.32:331][  0]LogConfig: Setting CVar [[r.PostProcessAAQuality:4]]
[2022.03.13-14.58.32:331][  0]LogConfig: Applying CVar settings from Section [ShadowQuality@3] File [C:/Users/DNJACK/Desktop/labs/log8235-tp2/Saved/Config/Windows/Scalability.ini]
[2022.03.13-14.58.32:331][  0]LogConfig: Setting CVar [[r.LightFunctionQuality:1]]
[2022.03.13-14.58.32:331][  0]LogConfig: Setting CVar [[r.ShadowQuality:5]]
[2022.03.13-14.58.32:331][  0]LogConfig: Setting CVar [[r.Shadow.CSM.MaxCascades:10]]
[2022.03.13-14.58.32:331][  0]LogConfig: Setting CVar [[r.Shadow.MaxResolution:2048]]
[2022.03.13-14.58.32:331][  0]LogConfig: Setting CVar [[r.Shadow.MaxCSMResolution:2048]]
[2022.03.13-14.58.32:331][  0]LogConfig: Setting CVar [[r.Shadow.RadiusThreshold:0.01]]
[2022.03.13-14.58.32:331][  0]LogConfig: Setting CVar [[r.Shadow.DistanceScale:1.0]]
[2022.03.13-14.58.32:331][  0]LogConfig: Setting CVar [[r.Shadow.CSM.TransitionScale:1.0]]
[2022.03.13-14.58.32:331][  0]LogConfig: Setting CVar [[r.Shadow.PreShadowResolutionFactor:1.0]]
[2022.03.13-14.58.32:331][  0]LogConfig: Setting CVar [[r.DistanceFieldShadowing:1]]
[2022.03.13-14.58.32:331][  0]LogConfig: Setting CVar [[r.DistanceFieldAO:1]]
[2022.03.13-14.58.32:331][  0]LogConfig: Setting CVar [[r.AOQuality:2]]
[2022.03.13-14.58.32:331][  0]LogConfig: Setting CVar [[r.VolumetricFog:1]]
[2022.03.13-14.58.32:331][  0]LogConfig: Setting CVar [[r.VolumetricFog.GridPixelSize:8]]
[2022.03.13-14.58.32:331][  0]LogConfig: Setting CVar [[r.VolumetricFog.GridSizeZ:128]]
[2022.03.13-14.58.32:331][  0]LogConfig: Setting CVar [[r.VolumetricFog.HistoryMissSupersampleCount:4]]
[2022.03.13-14.58.32:331][  0]LogConfig: Setting CVar [[r.LightMaxDrawDistanceScale:1]]
[2022.03.13-14.58.32:331][  0]LogConfig: Setting CVar [[r.CapsuleShadows:1]]
[2022.03.13-14.58.32:331][  0]LogConfig: Applying CVar settings from Section [PostProcessQuality@3] File [C:/Users/DNJACK/Desktop/labs/log8235-tp2/Saved/Config/Windows/Scalability.ini]
[2022.03.13-14.58.32:332][  0]LogConfig: Setting CVar [[r.MotionBlurQuality:4]]
[2022.03.13-14.58.32:332][  0]LogConfig: Setting CVar [[r.AmbientOcclusionMipLevelFactor:0.4]]
[2022.03.13-14.58.32:332][  0]LogConfig: Setting CVar [[r.AmbientOcclusionMaxQuality:100]]
[2022.03.13-14.58.32:332][  0]LogConfig: Setting CVar [[r.AmbientOcclusionLevels:-1]]
[2022.03.13-14.58.32:332][  0]LogConfig: Setting CVar [[r.AmbientOcclusionRadiusScale:1.0]]
[2022.03.13-14.58.32:332][  0]LogConfig: Setting CVar [[r.DepthOfFieldQuality:2]]
[2022.03.13-14.58.32:332][  0]LogConfig: Setting CVar [[r.RenderTargetPoolMin:400]]
[2022.03.13-14.58.32:332][  0]LogConfig: Setting CVar [[r.LensFlareQuality:2]]
[2022.03.13-14.58.32:332][  0]LogConfig: Setting CVar [[r.SceneColorFringeQuality:1]]
[2022.03.13-14.58.32:332][  0]LogConfig: Setting CVar [[r.EyeAdaptationQuality:2]]
[2022.03.13-14.58.32:332][  0]LogConfig: Setting CVar [[r.BloomQuality:5]]
[2022.03.13-14.58.32:332][  0]LogConfig: Setting CVar [[r.FastBlurThreshold:100]]
[2022.03.13-14.58.32:332][  0]LogConfig: Setting CVar [[r.Upscale.Quality:3]]
[2022.03.13-14.58.32:332][  0]LogConfig: Setting CVar [[r.Tonemapper.GrainQuantization:1]]
[2022.03.13-14.58.32:332][  0]LogConfig: Setting CVar [[r.LightShaftQuality:1]]
[2022.03.13-14.58.32:332][  0]LogConfig: Setting CVar [[r.Filter.SizeScale:1]]
[2022.03.13-14.58.32:332][  0]LogConfig: Setting CVar [[r.Tonemapper.Quality:5]]
[2022.03.13-14.58.32:332][  0]LogConfig: Setting CVar [[r.DOF.Gather.AccumulatorQuality:1        ; higher gathering accumulator quality]]
[2022.03.13-14.58.32:332][  0]LogConfig: Setting CVar [[r.DOF.Gather.PostfilterMethod:1          ; Median3x3 postfilering method]]
[2022.03.13-14.58.32:332][  0]LogConfig: Setting CVar [[r.DOF.Gather.EnableBokehSettings:0       ; no bokeh simulation when gathering]]
[2022.03.13-14.58.32:332][  0]LogConfig: Setting CVar [[r.DOF.Gather.RingCount:4                 ; medium number of samples when gathering]]
[2022.03.13-14.58.32:332][  0]LogConfig: Setting CVar [[r.DOF.Scatter.ForegroundCompositing:1    ; additive foreground scattering]]
[2022.03.13-14.58.32:332][  0]LogConfig: Setting CVar [[r.DOF.Scatter.BackgroundCompositing:2    ; additive background scattering]]
[2022.03.13-14.58.32:332][  0]LogConfig: Setting CVar [[r.DOF.Scatter.EnableBokehSettings:1      ; bokeh simulation when scattering]]
[2022.03.13-14.58.32:332][  0]LogConfig: Setting CVar [[r.DOF.Scatter.MaxSpriteRatio:0.1         ; only a maximum of 10% of scattered bokeh]]
[2022.03.13-14.58.32:332][  0]LogConfig: Setting CVar [[r.DOF.Recombine.Quality:1                ; cheap slight out of focus]]
[2022.03.13-14.58.32:332][  0]LogConfig: Setting CVar [[r.DOF.Recombine.EnableBokehSettings:0    ; no bokeh simulation on slight out of focus]]
[2022.03.13-14.58.32:332][  0]LogConfig: Setting CVar [[r.DOF.TemporalAAQuality:1                ; more stable temporal accumulation]]
[2022.03.13-14.58.32:332][  0]LogConfig: Setting CVar [[r.DOF.Kernel.MaxForegroundRadius:0.025]]
[2022.03.13-14.58.32:332][  0]LogConfig: Setting CVar [[r.DOF.Kernel.MaxBackgroundRadius:0.025]]
[2022.03.13-14.58.32:332][  0]LogConfig: Applying CVar settings from Section [TextureQuality@3] File [C:/Users/DNJACK/Desktop/labs/log8235-tp2/Saved/Config/Windows/Scalability.ini]
[2022.03.13-14.58.32:332][  0]LogConfig: Setting CVar [[r.Streaming.MipBias:0]]
[2022.03.13-14.58.32:332][  0]LogConfig: Setting CVar [[r.Streaming.AmortizeCPUToGPUCopy:0]]
[2022.03.13-14.58.32:332][  0]LogConfig: Setting CVar [[r.Streaming.MaxNumTexturesToStreamPerFrame:0]]
[2022.03.13-14.58.32:332][  0]LogConfig: Setting CVar [[r.Streaming.Boost:1]]
[2022.03.13-14.58.32:332][  0]LogConfig: Setting CVar [[r.MaxAnisotropy:8]]
[2022.03.13-14.58.32:332][  0]LogConfig: Setting CVar [[r.VT.MaxAnisotropy:8]]
[2022.03.13-14.58.32:332][  0]LogConfig: Setting CVar [[r.Streaming.LimitPoolSizeToVRAM:0]]
[2022.03.13-14.58.32:332][  0]LogConfig: Setting CVar [[r.Streaming.PoolSize:1000]]
[2022.03.13-14.58.32:332][  0]LogConfig: Setting CVar [[r.Streaming.MaxEffectiveScreenSize:0]]
[2022.03.13-14.58.32:332][  0]LogConfig: Applying CVar settings from Section [EffectsQuality@3] File [C:/Users/DNJACK/Desktop/labs/log8235-tp2/Saved/Config/Windows/Scalability.ini]
[2022.03.13-14.58.32:332][  0]LogConfig: Setting CVar [[r.TranslucencyLightingVolumeDim:64]]
[2022.03.13-14.58.32:332][  0]LogConfig: Setting CVar [[r.RefractionQuality:2]]
[2022.03.13-14.58.32:332][  0]LogConfig: Setting CVar [[r.SSR.Quality:3]]
[2022.03.13-14.58.32:332][  0]LogConfig: Setting CVar [[r.SSR.HalfResSceneColor:0]]
[2022.03.13-14.58.32:332][  0]LogConfig: Setting CVar [[r.SceneColorFormat:4]]
[2022.03.13-14.58.32:332][  0]LogConfig: Setting CVar [[r.DetailMode:2]]
[2022.03.13-14.58.32:332][  0]LogConfig: Setting CVar [[r.TranslucencyVolumeBlur:1]]
[2022.03.13-14.58.32:332][  0]LogConfig: Setting CVar [[r.MaterialQualityLevel:1 ; High quality]]
[2022.03.13-14.58.32:332][  0]LogConfig: Setting CVar [[r.SSS.Scale:1]]
[2022.03.13-14.58.32:332][  0]LogConfig: Setting CVar [[r.SSS.SampleSet:2]]
[2022.03.13-14.58.32:332][  0]LogConfig: Setting CVar [[r.SSS.Quality:1]]
[2022.03.13-14.58.32:332][  0]LogConfig: Setting CVar [[r.SSS.HalfRes:0]]
[2022.03.13-14.58.32:332][  0]LogConfig: Setting CVar [[r.SSGI.Quality:3]]
[2022.03.13-14.58.32:332][  0]LogConfig: Setting CVar [[r.EmitterSpawnRateScale:1.0]]
[2022.03.13-14.58.32:332][  0]LogConfig: Setting CVar [[r.ParticleLightQuality:2]]
[2022.03.13-14.58.32:332][  0]LogConfig: Setting CVar [[r.SkyAtmosphere.AerialPerspectiveLUT.FastApplyOnOpaque:1 ; Always have FastSkyLUT 1 in this case to avoid wrong sky]]
[2022.03.13-14.58.32:332][  0]LogConfig: Setting CVar [[r.SkyAtmosphere.AerialPerspectiveLUT.SampleCountPerSlice:1]]
[2022.03.13-14.58.32:332][  0]LogConfig: Setting CVar [[r.SkyAtmosphere.AerialPerspectiveLUT.DepthResolution:16.0]]
[2022.03.13-14.58.32:332][  0]LogConfig: Setting CVar [[r.SkyAtmosphere.FastSkyLUT:1]]
[2022.03.13-14.58.32:332][  0]LogConfig: Setting CVar [[r.SkyAtmosphere.FastSkyLUT.SampleCountMin:4.0]]
[2022.03.13-14.58.32:332][  0]LogConfig: Setting CVar [[r.SkyAtmosphere.FastSkyLUT.SampleCountMax:32.0]]
[2022.03.13-14.58.32:332][  0]LogConfig: Setting CVar [[r.SkyAtmosphere.SampleCountMin:4.0]]
[2022.03.13-14.58.32:332][  0]LogConfig: Setting CVar [[r.SkyAtmosphere.SampleCountMax:32.0]]
[2022.03.13-14.58.32:332][  0]LogConfig: Setting CVar [[r.SkyAtmosphere.TransmittanceLUT.UseSmallFormat:0]]
[2022.03.13-14.58.32:332][  0]LogConfig: Setting CVar [[r.SkyAtmosphere.TransmittanceLUT.SampleCount:10.0]]
[2022.03.13-14.58.32:332][  0]LogConfig: Setting CVar [[r.SkyAtmosphere.MultiScatteringLUT.SampleCount:15.0]]
[2022.03.13-14.58.32:332][  0]LogConfig: Applying CVar settings from Section [FoliageQuality@3] File [C:/Users/DNJACK/Desktop/labs/log8235-tp2/Saved/Config/Windows/Scalability.ini]
[2022.03.13-14.58.32:332][  0]LogConfig: Setting CVar [[foliage.DensityScale:1.0]]
[2022.03.13-14.58.32:332][  0]LogConfig: Setting CVar [[grass.DensityScale:1.0]]
[2022.03.13-14.58.32:332][  0]LogConfig: Applying CVar settings from Section [ShadingQuality@3] File [C:/Users/DNJACK/Desktop/labs/log8235-tp2/Saved/Config/Windows/Scalability.ini]
[2022.03.13-14.58.32:332][  0]LogConfig: Setting CVar [[r.HairStrands.SkyLighting.SampleCount:16]]
[2022.03.13-14.58.32:332][  0]LogConfig: Setting CVar [[r.HairStrands.SkyLighting.JitterIntegration:0]]
[2022.03.13-14.58.32:332][  0]LogConfig: Setting CVar [[r.HairStrands.SkyAO.SampleCount:16]]
[2022.03.13-14.58.32:332][  0]LogConfig: Setting CVar [[r.HairStrands.DeepShadow.SuperSampling:0]]
[2022.03.13-14.58.32:333][  0]LogConfig: Setting CVar [[r.HairStrands.VisibilityPPLL:0]]
[2022.03.13-14.58.32:333][  0]LogConfig: Setting CVar [[r.HairStrands.RasterizationScale:0.5]]
[2022.03.13-14.58.32:333][  0]LogConfig: Setting CVar [[r.HairStrands.VelocityRasterizationScale:1]]
[2022.03.13-14.58.32:333][  0]LogConfig: Applying CVar settings from Section [Startup] File [../../../Engine/Config/ConsoleVariables.ini]
[2022.03.13-14.58.32:333][  0]LogConfig: Setting CVar [[net.UseAdaptiveNetUpdateFrequency:0]]
[2022.03.13-14.58.32:333][  0]LogConfig: Setting CVar [[p.chaos.AllowCreatePhysxBodies:1]]
[2022.03.13-14.58.32:333][  0]LogConfig: Setting CVar [[fx.SkipVectorVMBackendOptimizations:1]]
[2022.03.13-14.58.32:333][  0]LogConfig: Applying CVar settings from Section [ConsoleVariables] File [C:/Users/DNJACK/Desktop/labs/log8235-tp2/Saved/Config/Windows/Engine.ini]
[2022.03.13-14.58.32:333][  0]LogInit: Computer: DESKTOP-J4TRBP8
[2022.03.13-14.58.32:333][  0]LogInit: User: DNJACK
[2022.03.13-14.58.32:333][  0]LogInit: CPU Page size=4096, Cores=6
[2022.03.13-14.58.32:333][  0]LogInit: High frequency timer resolution =10.000000 MHz
[2022.03.13-14.58.32:333][  0]LogMemory: Memory total: Physical=16.0GB (16GB approx)
[2022.03.13-14.58.32:333][  0]LogMemory: Platform Memory Stats for Windows
[2022.03.13-14.58.32:333][  0]LogMemory: Process Physical Memory: 114.66 MB used, 114.66 MB peak
[2022.03.13-14.58.32:333][  0]LogMemory: Process Virtual Memory: 97.10 MB used, 97.10 MB peak
[2022.03.13-14.58.32:333][  0]LogMemory: Physical Memory: 10977.45 MB used,  5358.62 MB free, 16336.07 MB total
[2022.03.13-14.58.32:333][  0]LogMemory: Virtual Memory: 5164.87 MB used,  134212560.00 MB free, 134217728.00 MB total
[2022.03.13-14.58.32:338][  0]LogWindows: WindowsPlatformFeatures enabled
[2022.03.13-14.58.32:379][  0]LogInit: Physics initialised using underlying interface: PhysX
[2022.03.13-14.58.32:380][  0]LogInit: Using OS detected language (en-US).
[2022.03.13-14.58.32:380][  0]LogInit: Using OS detected locale (en-CA).
[2022.03.13-14.58.32:382][  0]LogTextLocalizationManager: No specific localization for 'en-US' exists, so the 'en' localization will be used.
[2022.03.13-14.58.32:557][  0]LogInit: Setting process to per monitor DPI aware
[2022.03.13-14.58.32:603][  0]LogSlate: New Slate User Created.  User Index 0, Is Virtual User: 0
[2022.03.13-14.58.32:603][  0]LogSlate: Slate User Registered.  User Index 0, Is Virtual User: 0
[2022.03.13-14.58.32:745][  0]LogHMD: Failed to initialize OpenVR with code 110
[2022.03.13-14.58.32:746][  0]LogD3D11RHI: D3D11 min allowed feature level: 11_0
[2022.03.13-14.58.32:746][  0]LogD3D11RHI: D3D11 max allowed feature level: 11_0
[2022.03.13-14.58.32:746][  0]LogD3D11RHI: D3D11 adapters:
[2022.03.13-14.58.32:833][  0]LogD3D11RHI:    0. 'NVIDIA GeForce GTX 1080' (Feature Level 11_0)
[2022.03.13-14.58.32:833][  0]LogD3D11RHI:       8079/0/8168 MB DedicatedVideo/DedicatedSystem/SharedSystem, Outputs:1, VendorId:0x10de
[2022.03.13-14.58.32:836][  0]LogD3D11RHI:    1. 'Microsoft Basic Render Driver' (Feature Level 11_0)
[2022.03.13-14.58.32:836][  0]LogD3D11RHI:       0/0/8168 MB DedicatedVideo/DedicatedSystem/SharedSystem, Outputs:0, VendorId:0x1414
[2022.03.13-14.58.32:836][  0]LogD3D11RHI: Chosen D3D11 Adapter: 0
[2022.03.13-14.58.32:844][  0]LogD3D11RHI: Creating new Direct3DDevice
[2022.03.13-14.58.32:844][  0]LogD3D11RHI:     GPU DeviceId: 0x1b80 (for the marketing name, search the web for "GPU Device Id")
[2022.03.13-14.58.32:844][  0]LogWindows: EnumDisplayDevices:
[2022.03.13-14.58.32:844][  0]LogWindows:    0. 'NVIDIA GeForce GTX 1080' (P:1 D:1)
[2022.03.13-14.58.32:844][  0]LogWindows:    1. 'NVIDIA GeForce GTX 1080' (P:0 D:0)
[2022.03.13-14.58.32:844][  0]LogWindows:    2. 'NVIDIA GeForce GTX 1080' (P:0 D:0)
[2022.03.13-14.58.32:845][  0]LogWindows:    3. 'NVIDIA GeForce GTX 1080' (P:0 D:0)
[2022.03.13-14.58.32:845][  0]LogWindows: DebugString: FoundDriverCount:4 
[2022.03.13-14.58.32:845][  0]LogD3D11RHI:     Adapter Name: NVIDIA GeForce GTX 1080
[2022.03.13-14.58.32:845][  0]LogD3D11RHI:   Driver Version: 472.12 (internal:30.0.14.7212, unified:472.12)
[2022.03.13-14.58.32:845][  0]LogD3D11RHI:      Driver Date: 9-13-2021
[2022.03.13-14.58.32:845][  0]LogRHI: Texture pool is 5655 MB (70% of 8079 MB)
[2022.03.13-14.58.32:913][  0]LogD3D11RHI: RHI has support for 64 bit atomics
[2022.03.13-14.58.32:913][  0]LogD3D11RHI: Async texture creation enabled
[2022.03.13-14.58.32:913][  0]LogD3D11RHI: Array index from any shader is supported
[2022.03.13-14.58.32:930][  0]LogD3D11RHI: GPU Timing Frequency: 1000.000000 (Debug: 2 1)
[2022.03.13-14.58.33:230][  0]LogTargetPlatformManager: Display: Loaded TargetPlatform 'AllDesktop'
[2022.03.13-14.58.33:254][  0]LogTargetPlatformManager: Display: Loaded TargetPlatform 'Android'
[2022.03.13-14.58.33:254][  0]LogTargetPlatformManager: Display: Loaded TargetPlatform 'Android_ASTC'
[2022.03.13-14.58.33:254][  0]LogTargetPlatformManager: Display: Loaded TargetPlatform 'Android_DXT'
[2022.03.13-14.58.33:254][  0]LogTargetPlatformManager: Display: Loaded TargetPlatform 'Android_ETC2'
[2022.03.13-14.58.33:254][  0]LogTargetPlatformManager: Display: Loaded TargetPlatform 'AndroidClient'
[2022.03.13-14.58.33:254][  0]LogTargetPlatformManager: Display: Loaded TargetPlatform 'Android_ASTCClient'
[2022.03.13-14.58.33:254][  0]LogTargetPlatformManager: Display: Loaded TargetPlatform 'Android_DXTClient'
[2022.03.13-14.58.33:254][  0]LogTargetPlatformManager: Display: Loaded TargetPlatform 'Android_ETC2Client'
[2022.03.13-14.58.33:254][  0]LogTargetPlatformManager: Display: Loaded TargetPlatform 'Android_Multi'
[2022.03.13-14.58.33:254][  0]LogTargetPlatformManager: Display: Loaded TargetPlatform 'Android_MultiClient'
[2022.03.13-14.58.33:278][  0]LogTargetPlatformManager: Display: Loaded TargetPlatform 'IOSClient'
[2022.03.13-14.58.33:278][  0]LogTargetPlatformManager: Display: Loaded TargetPlatform 'IOS'
[2022.03.13-14.58.33:289][  0]LogTargetPlatformManager: Display: Loaded TargetPlatform 'Linux'
[2022.03.13-14.58.33:299][  0]LogTargetPlatformManager: Display: Loaded TargetPlatform 'LinuxNoEditor'
[2022.03.13-14.58.33:309][  0]LogTargetPlatformManager: Display: Loaded TargetPlatform 'LinuxClient'
[2022.03.13-14.58.33:319][  0]LogTargetPlatformManager: Display: Loaded TargetPlatform 'LinuxServer'
[2022.03.13-14.58.33:329][  0]LogTargetPlatformManager: Display: Loaded TargetPlatform 'LinuxAArch64NoEditor'
[2022.03.13-14.58.33:340][  0]LogTargetPlatformManager: Display: Loaded TargetPlatform 'LinuxAArch64Client'
[2022.03.13-14.58.33:350][  0]LogTargetPlatformManager: Display: Loaded TargetPlatform 'LinuxAArch64Server'
[2022.03.13-14.58.33:380][  0]LogTargetPlatformManager: Display: Loaded TargetPlatform 'Lumin'
[2022.03.13-14.58.33:380][  0]LogTargetPlatformManager: Display: Loaded TargetPlatform 'LuminClient'
[2022.03.13-14.58.33:398][  0]LogTargetPlatformManager: Display: Loaded TargetPlatform 'TVOSClient'
[2022.03.13-14.58.33:398][  0]LogTargetPlatformManager: Display: Loaded TargetPlatform 'TVOS'
[2022.03.13-14.58.33:408][  0]LogTargetPlatformManager: Display: Loaded TargetPlatform 'WindowsNoEditor'
[2022.03.13-14.58.33:419][  0]LogTargetPlatformManager: Display: Loaded TargetPlatform 'Windows'
[2022.03.13-14.58.33:429][  0]LogTargetPlatformManager: Display: Loaded TargetPlatform 'WindowsClient'
[2022.03.13-14.58.33:439][  0]LogTargetPlatformManager: Display: Loaded TargetPlatform 'WindowsServer'
[2022.03.13-14.58.33:439][  0]LogTargetPlatformManager: Display: Building Assets For Windows
[2022.03.13-14.58.33:446][  0]LogAudioDebug: Display: Lib vorbis DLL was dynamically loaded.
[2022.03.13-14.58.33:498][  0]LogShaderCompilers: Guid format shader working directory is -8 characters bigger than the processId version (../../../../../../Users/DNJACK/Desktop/labs/log8235-tp2/Intermediate/Shaders/WorkingDirectory/8984/).
[2022.03.13-14.58.33:498][  0]LogShaderCompilers: Cleaned the shader compiler working directory 'C:/Users/DNJACK/AppData/Local/Temp/UnrealShaderWorkingDir/61E13FAC46D0EE7D64968B84A7704C75/'.
[2022.03.13-14.58.33:499][  0]LogXGEController: Cleaning working directory: C:/Users/DNJACK/AppData/Local/Temp/UnrealXGEWorkingDir/
[2022.03.13-14.58.33:499][  0]LogXGEController: Cannot use XGE Controller as Incredibuild is not installed on this machine.
[2022.03.13-14.58.33:499][  0]LogShaderCompilers: Cannot use XGE Shader Compiler as Incredibuild is not installed on this machine.
[2022.03.13-14.58.33:499][  0]LogShaderCompilers: Display: Using Local Shader Compiler.
[2022.03.13-14.58.34:288][  0]LogDerivedDataCache: Display: Max Cache Size: 512 MB
[2022.03.13-14.58.34:337][  0]LogDerivedDataCache: Loaded boot cache 0.05s 86MB C:/Users/DNJACK/AppData/Local/UnrealEngine/4.25/DerivedDataCache/Boot.ddc.
[2022.03.13-14.58.34:337][  0]LogDerivedDataCache: Display: Loaded Boot cache: C:/Users/DNJACK/AppData/Local/UnrealEngine/4.25/DerivedDataCache/Boot.ddc
[2022.03.13-14.58.34:337][  0]LogDerivedDataCache: FDerivedDataBackendGraph:  Pak pak cache file ../../../../../../Users/DNJACK/Desktop/labs/log8235-tp2/DerivedDataCache/DDC.ddp not found, will not use a pak cache.
[2022.03.13-14.58.34:337][  0]LogDerivedDataCache: Unable to find inner node Pak for hierarchical cache Hierarchy.
[2022.03.13-14.58.34:337][  0]LogDerivedDataCache: FDerivedDataBackendGraph:  CompressedPak pak cache file ../../../../../../Users/DNJACK/Desktop/labs/log8235-tp2/DerivedDataCache/Compressed.ddp not found, will not use a pak cache.
[2022.03.13-14.58.34:337][  0]LogDerivedDataCache: Unable to find inner node CompressedPak for hierarchical cache Hierarchy.
[2022.03.13-14.58.34:348][  0]LogDerivedDataCache: Display: Pak cache opened for reading ../../../Engine/DerivedDataCache/Compressed.ddp.
[2022.03.13-14.58.34:348][  0]LogDerivedDataCache: FDerivedDataBackendGraph:  EnterprisePak pak cache file ../../../Enterprise/DerivedDataCache/Compressed.ddp not found, will not use a pak cache.
[2022.03.13-14.58.34:348][  0]LogDerivedDataCache: Unable to find inner node EnterprisePak for hierarchical cache Hierarchy.
[2022.03.13-14.58.34:349][  0]LogDerivedDataCache: Using Local data cache path C:/Users/DNJACK/AppData/Local/UnrealEngine/Common/DerivedDataCache: Writable
[2022.03.13-14.58.34:349][  0]LogDerivedDataCache: Shared data cache path not found in *engine.ini, will not use an Shared cache.
[2022.03.13-14.58.34:350][  0]LogDerivedDataCache: Unable to find inner node Shared for hierarchical cache Hierarchy.
[2022.03.13-14.58.34:402][  0]LogSlate: Using FreeType 2.10.0
[2022.03.13-14.58.34:402][  0]LogSlate: SlateFontServices - WITH_FREETYPE: 1, WITH_HARFBUZZ: 1
[2022.03.13-14.58.34:423][  0]LogAssetRegistry: FAssetRegistry took 0.0025 seconds to start up
[2022.03.13-14.58.34:660][  0]LogInit: Selected Device Profile: [Windows]
[2022.03.13-14.58.34:771][  0]LogMeshReduction: Using QuadricMeshReduction for automatic static mesh reduction
[2022.03.13-14.58.34:771][  0]LogMeshReduction: Using SimplygonMeshReduction for automatic skeletal mesh reduction
[2022.03.13-14.58.34:771][  0]LogMeshReduction: Using ProxyLODMeshReduction for automatic mesh merging
[2022.03.13-14.58.34:771][  0]LogMeshReduction: No distributed automatic mesh merging module available
[2022.03.13-14.58.34:771][  0]LogMeshMerging: No distributed automatic mesh merging module available
[2022.03.13-14.58.34:785][  0]LogNetVersion: SoftDesignTraining 1.0.0, NetCL: 13144385, EngineNetVer: 14, GameNetVer: 0 (Checksum: 3414102749)
[2022.03.13-14.58.35:186][  0]LogAISub: UAISubsystem::UAISubsystem AISubsystem (000001B371431BC0), frame # 0
[2022.03.13-14.58.35:187][  0]LogAISub: UAISubsystem::UAISubsystem AIPerceptionSystem (000001B371367740), frame # 0
[2022.03.13-14.58.35:188][  0]LogAISub: UAISubsystem::UAISubsystem EnvQueryManager (000001B3713C5E00), frame # 0
[2022.03.13-14.58.35:248][  0]LogPackageLocalizationCache: Processed 19 localized package path(s) for 1 prioritized culture(s) in 0.053617 seconds
[2022.03.13-14.58.35:253][  0]LogUObjectArray: 15917 objects as part of root set at end of initial load.
[2022.03.13-14.58.35:253][  0]LogUObjectAllocator: 3965568 out of 0 bytes used by permanent object pool.
[2022.03.13-14.58.35:253][  0]LogUObjectArray: CloseDisregardForGC: 0/0 objects in disregard for GC pool
[2022.03.13-14.58.35:579][  0]LogTcpMessaging: Initializing TcpMessaging bridge
[2022.03.13-14.58.35:584][  0]LogUdpMessaging: Initializing bridge on interface 0.0.0.0:0 to multicast group 230.0.0.1:6666.
[2022.03.13-14.58.35:795][  0]SourceControl: Source control is disabled
[2022.03.13-14.58.35:795][  0]SourceControl: Source control is disabled
[2022.03.13-14.58.35:798][  0]SourceControl: Source control is disabled
[2022.03.13-14.58.35:801][  0]SourceControl: Source control is disabled
[2022.03.13-14.58.35:808][  0]SourceControl: Source control is disabled
[2022.03.13-14.58.36:032][  0]LogAndroidPermission: UAndroidPermissionCallbackProxy::GetInstance
[2022.03.13-14.58.36:051][  0]LogAudioCaptureCore: Display: No Audio Capture implementations found. Audio input will be silent.
[2022.03.13-14.58.36:051][  0]LogAudioCaptureCore: Display: No Audio Capture implementations found. Audio input will be silent.
[2022.03.13-14.58.36:099][  0]LogOcInput: OculusInput pre-init called
[2022.03.13-14.58.36:109][  0]LogWindows: Failed to load 'OVRPlugin.dll' (GetLastError=126)
[2022.03.13-14.58.36:109][  0]LogWindows: File 'OVRPlugin.dll' does not exist
[2022.03.13-14.58.36:170][  0]LogEngine: Initializing Engine...
[2022.03.13-14.58.36:171][  0]LogHMD: Failed to initialize OpenVR with code 110
[2022.03.13-14.58.36:171][  0]LogMagicLeap: Warning: VR disabled because ZI is not enabled.  To enable, in the editor, Edit -> Project Settings -> Plugins -> Magic Leap Plugin -> Enable Zero Iteration
[2022.03.13-14.58.36:172][  0]LogStats: UGameplayTagsManager::InitializeManager -  0.000 s
[2022.03.13-14.58.36:276][  0]LogUObjectGlobals: Warning: Failed to find object 'Class /Script/SoftDesignTraining.SDT_WorldSettings'
[2022.03.13-14.58.36:277][  0]LogEngine: Error: Failed to load '/Script/SoftDesignTraining.SDT_WorldSettings', falling back to 'WorldSettings'
[2022.03.13-14.58.36:279][  0]LogInit: Initializing FReadOnlyCVARCache
[2022.03.13-14.58.36:286][  0]LogAIModule: Creating AISystem for world Untitled
[2022.03.13-14.58.36:286][  0]LogAISub: UAISubsystem::UAISubsystem EnvQueryManager (000001B378C3BC00), frame # 0
[2022.03.13-14.58.36:286][  0]LogAISub: UAISubsystem::UAISubsystem AIPerceptionSystem (000001B378C76200), frame # 0
[2022.03.13-14.58.36:302][  0]LogAudioMixer: Display: Audio Mixer Platform Settings:
[2022.03.13-14.58.36:302][  0]LogAudioMixer: Display: 	Sample Rate:						  48000
[2022.03.13-14.58.36:302][  0]LogAudioMixer: Display: 	Callback Buffer Frame Size Requested: 1024
[2022.03.13-14.58.36:302][  0]LogAudioMixer: Display: 	Callback Buffer Frame Size To Use:	  1024
[2022.03.13-14.58.36:302][  0]LogAudioMixer: Display: 	Number of buffers to queue:			  2
[2022.03.13-14.58.36:302][  0]LogAudioMixer: Display: 	Max Channels (voices):				  32
[2022.03.13-14.58.36:302][  0]LogAudioMixer: Display: 	Number of Async Source Workers:		  0
[2022.03.13-14.58.36:302][  0]LogAudio: Display: AudioDevice MaxSources: 32
[2022.03.13-14.58.36:302][  0]LogAudio: Display: Using built-in audio occlusion.
[2022.03.13-14.58.36:302][  0]LogAudioMixer: Display: Initializing audio mixer.
[2022.03.13-14.58.36:314][  0]LogAudioMixer: Display: 0: FrontLeft
[2022.03.13-14.58.36:314][  0]LogAudioMixer: Display: 1: FrontRight
[2022.03.13-14.58.36:348][  0]LogAudioMixer: Display: Using Audio Device Speakers (High Definition Audio Device)
[2022.03.13-14.58.36:349][  0]LogAudioMixer: Display: Initializing Sound Submixes...
[2022.03.13-14.58.36:351][  0]LogAudioMixer: Display: Creating Master Submix 'MasterSubmixDefault'
[2022.03.13-14.58.36:351][  0]LogAudioMixer: Display: Creating Master Submix 'MasterReverbSubmixDefault'
[2022.03.13-14.58.36:352][  0]LogAudioMixer: Display: Creating Master Submix 'MasterEQSubmixDefault'
[2022.03.13-14.58.36:353][  0]LogInit: FAudioDevice initialized.
[2022.03.13-14.58.36:353][  0]LogNetVersion: Set ProjectVersion to 1.0.0.0. Version Checksum will be recalculated on next use.
[2022.03.13-14.58.36:432][  0]LogDerivedDataCache: Saved boot cache 0.08s 81MB C:/Users/DNJACK/AppData/Local/UnrealEngine/4.25/DerivedDataCache/Boot.ddc.
[2022.03.13-14.58.36:434][  0]LogInit: Texture streaming: Enabled
[2022.03.13-14.58.36:453][  0]LogEngineSessionManager: EngineSessionManager initialized
[2022.03.13-14.58.36:453][  0]LogEditorSessionSummary: Verbose: Initializing EditorSessionSummaryWriter for editor session tracking
[2022.03.13-14.58.36:454][  0]LogEditorSessionSummary: EditorSessionSummaryWriter initialized
[2022.03.13-14.58.36:505][  0]LogInit: Transaction tracking system initialized
[2022.03.13-14.58.36:525][  0]BlueprintLog: New page: Editor Load
[2022.03.13-14.58.36:589][  0]LocalizationService: Localization service is disabled
[2022.03.13-14.58.36:730][  0]LogCook: Display: Max memory allowance for cook 16384mb min free memory 0mb
[2022.03.13-14.58.36:730][  0]LogCook: Display: Mobile HDR setting 1
[2022.03.13-14.58.36:866][  0]LogFileCache: Scanning file cache for directory 'C:/Users/DNJACK/Desktop/labs/log8235-tp2/Content/' took 0.00s
[2022.03.13-14.58.37:060][  0]SourceControl: Source control is disabled
[2022.03.13-14.58.37:060][  0]LogUnrealEdMisc: Loading editor; pre map load, took 6.121
[2022.03.13-14.58.37:060][  0]Cmd: MAP LOAD FILE="../../../../../../Users/DNJACK/Desktop/labs/log8235-tp2/Content/TopDown/Maps/TopDownExampleMap.umap" TEMPLATE=0 SHOWPROGRESS=1 FEATURELEVEL=3
[2022.03.13-14.58.37:061][  0]LightingResults: New page: Lighting Build
[2022.03.13-14.58.37:061][  0]LogWorld: UWorld::CleanupWorld for Untitled, bSessionEnded=true, bCleanupResources=true
[2022.03.13-14.58.37:061][  0]LogSlate: InvalidateAllWidgets triggered.  All widgets were invalidated
[2022.03.13-14.58.37:061][  0]MapCheck: New page: Map Check
[2022.03.13-14.58.37:061][  0]LightingResults: New page: Lighting Build
[2022.03.13-14.58.37:074][  0]LogAISub: UAISubsystem::~UAISubsystem EnvQueryManager (000001B378C3BC00), frame # 0
[2022.03.13-14.58.37:074][  0]LogAISub: UAISubsystem::~UAISubsystem AIPerceptionSystem (000001B378C76200), frame # 0
[2022.03.13-14.58.37:075][  0]LogUObjectHash: Compacting FUObjectHashTables data took   0.83ms
[2022.03.13-14.58.37:096][  0]LogBlueprint: Warning: [Compiler SDT_AnimBP] JumpStart to JumpLoop  will never be taken, please connect something to  Can Enter Transition
[2022.03.13-14.58.37:096][  0]LogBlueprint: Warning: [Compiler SDT_AnimBP] JumpEnd to noJump  will never be taken, please connect something to  Can Enter Transition
[2022.03.13-14.58.37:293][  0]LogAIModule: Creating AISystem for world TopDownExampleMap
[2022.03.13-14.58.37:293][  0]LogAISub: UAISubsystem::UAISubsystem EnvQueryManager (000001B303D49400), frame # 0
[2022.03.13-14.58.37:294][  0]LogAISub: UAISubsystem::UAISubsystem AIPerceptionSystem (000001B303DA1E40), frame # 0
[2022.03.13-14.58.37:320][  0]LogEditorServer: Finished looking for orphan Actors (0.000 secs)
[2022.03.13-14.58.37:336][  0]LogUObjectHash: Compacting FUObjectHashTables data took   0.85ms
[2022.03.13-14.58.37:337][  0]Cmd: MAP CHECKDEP NOCLEARLOG
[2022.03.13-14.58.37:337][  0]MapCheck: Map check complete: 0 Error(s), 0 Warning(s), took 0.133ms to complete.
[2022.03.13-14.58.37:337][  0]LogFileHelpers: Loading map 'TopDownExampleMap' took 0.277
[2022.03.13-14.58.37:341][  0]LogUnrealEdMisc: Total Editor Startup Time, took 6.403
[2022.03.13-14.58.37:469][  0]LogSlate: Updating window title bar state: overlay mode, drag disabled, window buttons hidden, title bar hidden
[2022.03.13-14.58.37:476][  0]LogSlate: Updating window title bar state: overlay mode, drag disabled, window buttons hidden, title bar hidden
[2022.03.13-14.58.37:484][  0]LogSlate: Updating window title bar state: overlay mode, drag disabled, window buttons hidden, title bar hidden
[2022.03.13-14.58.37:492][  0]LogSlate: Updating window title bar state: overlay mode, drag disabled, window buttons hidden, title bar hidden
[2022.03.13-14.58.37:499][  0]LogCollectionManager: Loaded 0 collections in 0.002746 seconds
[2022.03.13-14.58.37:517][  0]LogFileCache: Scanning file cache for directory 'C:/Users/DNJACK/Desktop/labs/log8235-tp2/Saved/Collections/' took 0.00s
[2022.03.13-14.58.37:517][  0]LogFileCache: Scanning file cache for directory 'C:/Users/DNJACK/Desktop/labs/log8235-tp2/Content/Developers/DNJACK/Collections/' took 0.00s
[2022.03.13-14.58.37:517][  0]LogFileCache: Scanning file cache for directory 'C:/Users/DNJACK/Desktop/labs/log8235-tp2/Content/Collections/' took 0.00s
[2022.03.13-14.58.37:517][  0]LogContentBrowser: Native class hierarchy populated in 0.0132 seconds. Added 3442 classes and 823 folders.
[2022.03.13-14.58.37:522][  0]LogContentBrowser: Native class hierarchy updated for 'WidgetCarousel' in 0.0004 seconds. Added 0 classes and 0 folders.
[2022.03.13-14.58.37:567][  0]LogContentBrowser: Native class hierarchy updated for 'AddContentDialog' in 0.0004 seconds. Added 0 classes and 0 folders.
[2022.03.13-14.58.37:568][  0]LogContentBrowser: Native class hierarchy updated for 'SceneOutliner' in 0.0003 seconds. Added 2 classes and 0 folders.
[2022.03.13-14.58.37:600][  0]LogSlate: Took 0.000166 seconds to synchronously load lazily loaded font '../../../Engine/Content/Slate/Fonts/Roboto-Regular.ttf' (155K)
[2022.03.13-14.58.37:602][  0]LogSlate: Took 0.000097 seconds to synchronously load lazily loaded font '../../../Engine/Content/Slate/Fonts/Roboto-Bold.ttf' (160K)
[2022.03.13-14.58.37:607][  0]LogSlate: Took 0.000110 seconds to synchronously load lazily loaded font '../../../Engine/Content/Editor/Slate/Fonts/FontAwesome.ttf' (139K)
[2022.03.13-14.58.37:664][  0]LogRenderer: Reallocating scene render targets to support 2384x1304 Format 10 NumSamples 1 (Frame:1).
[2022.03.13-14.58.37:771][  0]LogContentBrowser: Native class hierarchy updated for 'HierarchicalLODOutliner' in 0.0004 seconds. Added 0 classes and 0 folders.
[2022.03.13-14.58.37:771][  0]LogLoad: (Engine Initialization) Total time: 6.83 seconds
[2022.03.13-14.58.37:771][  0]LogLoad: (Engine Initialization) Total Blueprint compile time: 0.00 seconds
[2022.03.13-14.58.37:807][  0]LogAssetRegistry: Asset discovery search completed in 3.3849 seconds
[2022.03.13-14.58.37:811][  0]LogCollectionManager: Fixed up redirectors for 0 collections in 0.000002 seconds (updated 0 objects)
[2022.03.13-14.58.37:812][  0]LogContentStreaming: Texture pool size now 1000 MB
[2022.03.13-15.36.23:307][706]LogSlate: Took 0.000175 seconds to synchronously load lazily loaded font '../../../Engine/Content/Slate/Fonts/Roboto-Light.ttf' (167K)
[2022.03.13-15.36.23:324][706]LogAssetEditorSubsystem: Opening Asset editor for AnimSequence /Game/Anim/ThirdPersonJump_Start.ThirdPersonJump_Start
[2022.03.13-15.36.23:331][706]LogContentBrowser: Native class hierarchy updated for 'SkeletonEditor' in 0.0005 seconds. Added 1 classes and 2 folders.
[2022.03.13-15.36.23:491][706]LogActorComponent: RegisterComponentWithWorld: (/Engine/Transient.World_3:PersistentLevel.AnimationEditorPreviewActor_0.DebugSkelMeshComponent_0) Already registered. Aborting.
[2022.03.13-15.36.23:492][706]LogContentBrowser: Native class hierarchy updated for 'PinnedCommandList' in 0.0006 seconds. Added 1 classes and 0 folders.
[2022.03.13-15.36.23:573][706]LogSkeletalMesh: USkeletalMeshComponent::InitArticulated : Bodies already created (/Engine/Transient.World_3:PersistentLevel.AnimationEditorPreviewActor_0.DebugSkelMeshComponent_0) - call TermArticulated first.
[2022.03.13-15.36.23:962][706]LogContentBrowser: Verbose: The majority of assets in the view are of type: AnimSequence
[2022.03.13-15.36.47:972][624]LogSlate: Window 'ThirdPersonJump_Start' being destroyed
[2022.03.13-15.36.47:976][624]LogSlate: Window 'ThirdPersonJump_Start' being destroyed
[2022.03.13-15.36.47:977][624]LogWorld: UWorld::CleanupWorld for World_3, bSessionEnded=true, bCleanupResources=true
[2022.03.13-15.36.47:977][624]LogSlate: InvalidateAllWidgets triggered.  All widgets were invalidated
[2022.03.13-15.36.48:003][624]LogWorld: UWorld::CleanupWorld for World_7, bSessionEnded=true, bCleanupResources=true
[2022.03.13-15.36.48:003][624]LogSlate: InvalidateAllWidgets triggered.  All widgets were invalidated
[2022.03.13-15.36.48:077][624]LogWorld: UWorld::CleanupWorld for World_4, bSessionEnded=true, bCleanupResources=true
[2022.03.13-15.36.48:077][624]LogSlate: InvalidateAllWidgets triggered.  All widgets were invalidated
[2022.03.13-15.37.02:618][950]LogAssetEditorSubsystem: Opening Asset editor for AnimSequence /Game/Anim/ThirdPersonJump_Start.ThirdPersonJump_Start
[2022.03.13-15.37.02:623][950]LogActorComponent: RegisterComponentWithWorld: (/Engine/Transient.World_8:PersistentLevel.AnimationEditorPreviewActor_0.DebugSkelMeshComponent_0) Already registered. Aborting.
[2022.03.13-15.37.02:687][950]LogSkeletalMesh: USkeletalMeshComponent::InitArticulated : Bodies already created (/Engine/Transient.World_8:PersistentLevel.AnimationEditorPreviewActor_0.DebugSkelMeshComponent_0) - call TermArticulated first.
[2022.03.13-15.37.03:011][950]LogContentBrowser: Verbose: The majority of assets in the view are of type: AnimSequence
[2022.03.13-15.37.24:874][867]Cmd: TRANSACTION UNDO
[2022.03.13-15.37.24:874][867]LogEditorTransaction: Undo Insert Notify Track
[2022.03.13-15.37.24:972][867]LogActorComponent: RegisterComponentWithWorld: (/Engine/Transient.World_8:PersistentLevel.AnimationEditorPreviewActor_0.DebugSkelMeshComponent_0) Already registered. Aborting.
[2022.03.13-15.38.56:277][209]Cmd: OBJ SAVEPACKAGE PACKAGE="/Game/Anim/ThirdPersonJump_Start" FILE="../../../../../../Users/DNJACK/Desktop/labs/log8235-tp2/Content/Anim/ThirdPersonJump_Start.uasset" SILENT=true
[2022.03.13-15.38.56:293][209]LogSavePackage: Moving '../../../../../../Users/DNJACK/Desktop/labs/log8235-tp2/Saved/ThirdPersonJump_StartEE1C7D5E4BA2C4D524C32B8A673785A1.tmp' to '../../../../../../Users/DNJACK/Desktop/labs/log8235-tp2/Content/Anim/ThirdPersonJump_Start.uasset'
[2022.03.13-15.38.56:307][209]AssetCheck: New page: Asset Save: ThirdPersonJump_Start
[2022.03.13-15.38.56:307][209]LogContentValidation: Display: Validating AnimSequence /Game/Anim/ThirdPersonJump_Start.ThirdPersonJump_Start
[2022.03.13-15.38.59:333][384]LogAssetEditorSubsystem: Opening Asset editor for AnimBlueprint /Game/Anim/SDT_AnimBP.SDT_AnimBP
[2022.03.13-15.38.59:339][384]LogActorComponent: RegisterComponentWithWorld: (/Engine/Transient.World_12:PersistentLevel.AnimationEditorPreviewActor_0.DebugSkelMeshComponent_0) Already registered. Aborting.
[2022.03.13-15.38.59:498][384]LogContentBrowser: Native class hierarchy updated for 'BlueprintGraph' in 0.0007 seconds. Added 125 classes and 0 folders.
[2022.03.13-15.39.00:393][384]LogSkeletalMesh: USkeletalMeshComponent::InitArticulated : Bodies already created (/Engine/Transient.World_12:PersistentLevel.AnimationEditorPreviewActor_0.DebugSkelMeshComponent_0) - call TermArticulated first.
[2022.03.13-15.39.00:693][384]LogSlate: Took 0.000166 seconds to synchronously load lazily loaded font '../../../Engine/Content/Slate/Fonts/Roboto-BoldCondensed.ttf' (158K)
[2022.03.13-15.39.00:743][384]LogSlate: Took 0.001122 seconds to synchronously load lazily loaded font '../../../Engine/Content/Slate/Fonts/DroidSansMono.ttf' (77K)
[2022.03.13-15.39.00:748][384]LogContentBrowser: Verbose: The majority of assets in the view are of type: AnimSequence
[2022.03.13-15.39.00:765][385]LogSlate: Took 0.000179 seconds to synchronously load lazily loaded font '../../../Engine/Content/Slate/Fonts/Roboto-Italic.ttf' (157K)
[2022.03.13-15.39.48:916][843]LogSlate: Prevented a slow task dialog from being summoned while a context menu was open
[2022.03.13-15.41.53:224][643]Cmd: OBJ SAVEPACKAGE PACKAGE="/Game/Anim/ThirdPersonJump_Start" FILE="../../../../../../Users/DNJACK/Desktop/labs/log8235-tp2/Content/Anim/ThirdPersonJump_Start.uasset" SILENT=true
[2022.03.13-15.41.53:231][643]LogSavePackage: Moving '../../../../../../Users/DNJACK/Desktop/labs/log8235-tp2/Saved/ThirdPersonJump_StartCE0000CA4131C515BE486B9DFD98F064.tmp' to '../../../../../../Users/DNJACK/Desktop/labs/log8235-tp2/Content/Anim/ThirdPersonJump_Start.uasset'
[2022.03.13-15.41.53:248][643]AssetCheck: New page: Asset Save: ThirdPersonJump_Start
[2022.03.13-15.41.53:249][643]LogContentValidation: Display: Validating AnimSequence /Game/Anim/ThirdPersonJump_Start.ThirdPersonJump_Start
[2022.03.13-15.49.26:119][932]Cmd: OBJ SAVEPACKAGE PACKAGE="/Game/Anim/SDT_AnimBP" FILE="../../../../../../Users/DNJACK/Desktop/labs/log8235-tp2/Content/Anim/SDT_AnimBP.uasset" SILENT=true
[2022.03.13-15.49.26:153][932]LogSavePackage: Moving '../../../../../../Users/DNJACK/Desktop/labs/log8235-tp2/Saved/SDT_AnimBP5204931444D9162592DDBCABFDF3280C.tmp' to '../../../../../../Users/DNJACK/Desktop/labs/log8235-tp2/Content/Anim/SDT_AnimBP.uasset'
[2022.03.13-15.49.26:167][932]AssetCheck: New page: Asset Save: SDT_AnimBP
[2022.03.13-15.49.26:167][932]LogContentValidation: Display: Validating AnimBlueprint /Game/Anim/SDT_AnimBP.SDT_AnimBP
[2022.03.13-15.49.54:761][427]BlueprintLog: New page: Compile SDT_AnimBP
[2022.03.13-15.49.54:811][427]LogUObjectHash: Compacting FUObjectHashTables data took   2.95ms
[2022.03.13-15.50.25:854][ 13]LogAssetEditorSubsystem: Opening Asset editor for AnimSequence /Game/Anim/ThirdPersonJump_Loop.ThirdPersonJump_Loop
[2022.03.13-15.50.25:963][ 13]LogWorld: UWorld::CleanupWorld for World_10, bSessionEnded=true, bCleanupResources=true
[2022.03.13-15.50.25:963][ 13]LogSlate: InvalidateAllWidgets triggered.  All widgets were invalidated
[2022.03.13-15.51.23:352][812]LogUObjectHash: Compacting FUObjectHashTables data took   3.19ms
[2022.03.13-15.51.23:359][812]LogFileHelpers: Editor autosave (incl. sublevels) for '/Game/TopDown/Maps/TopDownExampleMap' took 0.031
[2022.03.13-15.51.23:359][812]OBJ SavePackage: Generating thumbnails for [1] asset(s) in package [/Game/Anim/ThirdPersonJump_Loop] ([1] browsable assets)...
[2022.03.13-15.51.23:372][812]OBJ SavePackage:     Rendered thumbnail for [AnimSequence /Game/Anim/ThirdPersonJump_Loop.ThirdPersonJump_Loop]
[2022.03.13-15.51.23:373][812]OBJ SavePackage: Finished generating thumbnails for package [/Game/Anim/ThirdPersonJump_Loop]
[2022.03.13-15.51.23:386][812]LogSavePackage: Moving '../../../../../../Users/DNJACK/Desktop/labs/log8235-tp2/Saved/ThirdPersonJump_Loop_Auto1963BAE4D4BC986CBAAC61B928BD03326.tmp' to '../../../../../../Users/DNJACK/Desktop/labs/log8235-tp2/Saved/Autosaves/Game/Anim/ThirdPersonJump_Loop_Auto1.uasset'
[2022.03.13-15.51.23:387][812]LogFileHelpers: Auto-saving content packages took 0.028
[2022.03.13-15.52.16:739][446]LogSlate: Prevented a slow task dialog from being summoned while a context menu was open
[2022.03.13-15.52.27:244][319]Cmd: OBJ SAVEPACKAGE PACKAGE="/Game/Anim/ThirdPersonJump_Loop" FILE="../../../../../../Users/DNJACK/Desktop/labs/log8235-tp2/Content/Anim/ThirdPersonJump_Loop.uasset" SILENT=true
[2022.03.13-15.52.27:258][319]LogSavePackage: Moving '../../../../../../Users/DNJACK/Desktop/labs/log8235-tp2/Saved/ThirdPersonJump_Loop7E8471644CBA7B821AD37F8FA53878F0.tmp' to '../../../../../../Users/DNJACK/Desktop/labs/log8235-tp2/Content/Anim/ThirdPersonJump_Loop.uasset'
[2022.03.13-15.52.27:270][319]AssetCheck: New page: Asset Save: ThirdPersonJump_Loop
[2022.03.13-15.52.27:270][319]LogContentValidation: Display: Validating AnimSequence /Game/Anim/ThirdPersonJump_Loop.ThirdPersonJump_Loop
[2022.03.13-15.52.40:900][443]Cmd: OBJ SAVEPACKAGE PACKAGE="/Game/Anim/ThirdPersonJump_Loop" FILE="../../../../../../Users/DNJACK/Desktop/labs/log8235-tp2/Content/Anim/ThirdPersonJump_Loop.uasset" SILENT=true
[2022.03.13-15.52.40:908][443]LogSavePackage: Moving '../../../../../../Users/DNJACK/Desktop/labs/log8235-tp2/Saved/ThirdPersonJump_Loop9E82237447C339805D87699F5A339AF5.tmp' to '../../../../../../Users/DNJACK/Desktop/labs/log8235-tp2/Content/Anim/ThirdPersonJump_Loop.uasset'
[2022.03.13-15.52.40:920][443]AssetCheck: New page: Asset Save: ThirdPersonJump_Loop
[2022.03.13-15.52.40:920][443]LogContentValidation: Display: Validating AnimSequence /Game/Anim/ThirdPersonJump_Loop.ThirdPersonJump_Loop
[2022.03.13-15.52.48:934][ 61]LogSlate: Window 'SDT_AnimBP' being destroyed
[2022.03.13-15.52.48:937][ 61]LogSlate: Window 'SDT_AnimBP' being destroyed
[2022.03.13-15.52.48:938][ 61]LogWorld: UWorld::CleanupWorld for World_8, bSessionEnded=true, bCleanupResources=true
[2022.03.13-15.52.48:938][ 61]LogSlate: InvalidateAllWidgets triggered.  All widgets were invalidated
[2022.03.13-15.52.48:967][ 61]LogWorld: UWorld::CleanupWorld for World_14, bSessionEnded=true, bCleanupResources=true
[2022.03.13-15.52.48:967][ 61]LogSlate: InvalidateAllWidgets triggered.  All widgets were invalidated
[2022.03.13-15.52.49:062][ 61]LogWorld: UWorld::CleanupWorld for World_9, bSessionEnded=true, bCleanupResources=true
[2022.03.13-15.52.49:062][ 61]LogSlate: InvalidateAllWidgets triggered.  All widgets were invalidated
[2022.03.13-15.52.49:099][ 61]LogWorld: UWorld::CleanupWorld for World_12, bSessionEnded=true, bCleanupResources=true
[2022.03.13-15.52.49:099][ 61]LogSlate: InvalidateAllWidgets triggered.  All widgets were invalidated
[2022.03.13-15.52.49:102][ 61]LogWorld: UWorld::CleanupWorld for World_11, bSessionEnded=true, bCleanupResources=true
[2022.03.13-15.52.49:103][ 61]LogSlate: InvalidateAllWidgets triggered.  All widgets were invalidated
[2022.03.13-15.52.49:212][ 61]LogWorld: UWorld::CleanupWorld for World_13, bSessionEnded=true, bCleanupResources=true
[2022.03.13-15.52.49:212][ 61]LogSlate: InvalidateAllWidgets triggered.  All widgets were invalidated
[2022.03.13-15.56.47:190][995]LogAssetEditorSubsystem: Opening Asset editor for AnimBlueprint /Game/Anim/SDT_AnimBP.SDT_AnimBP
[2022.03.13-15.56.47:198][995]LogActorComponent: RegisterComponentWithWorld: (/Engine/Transient.World_16:PersistentLevel.AnimationEditorPreviewActor_0.DebugSkelMeshComponent_0) Already registered. Aborting.
[2022.03.13-15.56.47:553][995]LogSkeletalMesh: USkeletalMeshComponent::InitArticulated : Bodies already created (/Engine/Transient.World_16:PersistentLevel.AnimationEditorPreviewActor_0.DebugSkelMeshComponent_0) - call TermArticulated first.
[2022.03.13-15.56.47:844][995]LogContentBrowser: Verbose: The majority of assets in the view are of type: AnimSequence
[2022.03.13-16.01.40:050][328]LogUObjectHash: Compacting FUObjectHashTables data took   2.58ms
[2022.03.13-16.01.40:058][328]LogFileHelpers: Editor autosave (incl. sublevels) for '/Game/TopDown/Maps/TopDownExampleMap' took 0.037
[2022.03.13-16.01.40:058][328]OBJ SavePackage: Generating thumbnails for [1] asset(s) in package [/Game/Anim/SDT_AnimBP] ([1] browsable assets)...
[2022.03.13-16.01.40:079][328]OBJ SavePackage:     Rendered thumbnail for [AnimBlueprint /Game/Anim/SDT_AnimBP.SDT_AnimBP]
[2022.03.13-16.01.40:080][328]OBJ SavePackage: Finished generating thumbnails for package [/Game/Anim/SDT_AnimBP]
[2022.03.13-16.01.40:080][328]Cmd: OBJ SAVEPACKAGE PACKAGE="/Game/Anim/SDT_AnimBP" FILE="../../../../../../Users/DNJACK/Desktop/labs/log8235-tp2/Saved/Autosaves/Game/Anim/SDT_AnimBP_Auto2.uasset" SILENT=false AUTOSAVING=true
[2022.03.13-16.01.40:114][328]LogSavePackage: Moving '../../../../../../Users/DNJACK/Desktop/labs/log8235-tp2/Saved/SDT_AnimBP_Auto2A47B65BD48BB2C4C0FDAA8975E62F398.tmp' to '../../../../../../Users/DNJACK/Desktop/labs/log8235-tp2/Saved/Autosaves/Game/Anim/SDT_AnimBP_Auto2.uasset'
[2022.03.13-16.01.40:116][328]LogFileHelpers: Auto-saving content packages took 0.058
[2022.03.13-16.14.31:530][368]Candidate modules for hot reload:
[2022.03.13-16.14.31:530][368]  SoftDesignTraining
[2022.03.13-16.14.31:530][368]Launching UnrealBuildTool... [C:/Program Files/Epic Games/UE_4.25/Engine/Binaries/DotNET/UnrealBuildTool.exe  -ModuleWithSuffix=SoftDesignTraining,4442 SoftDesignTrainingEditor Win64 Development -Project="C:/Users/DNJACK/Desktop/labs/log8235-tp2/SoftDesignTraining.uproject" "C:/Users/DNJACK/Desktop/labs/log8235-tp2/SoftDesignTraining.uproject"  -IgnoreJunk]
[2022.03.13-16.14.31:534][368]Warning: Starting HotReload took  0.0s.
[2022.03.13-16.15.22:987][716]CompilerResultsLog: New page: Compilation - Mar. 13, 2022, 8:15:22 a.m.
[2022.03.13-16.15.22:988][716]CompilerResultsLog: Using 'git status' to determine working set for adaptive non-unity build (C:\Users\DNJACK\Desktop\labs\log8235-tp2).
[2022.03.13-16.15.22:988][716]CompilerResultsLog: Parsing headers for SoftDesignTrainingEditor
[2022.03.13-16.15.22:988][716]CompilerResultsLog:   Running UnrealHeaderTool "C:\Users\DNJACK\Desktop\labs\log8235-tp2\SoftDesignTraining.uproject" "C:\Users\DNJACK\Desktop\labs\log8235-tp2\Intermediate\Build\Win64\SoftDesignTrainingEditor\Development\SoftDesignTrainingEditor.uhtmanifest" -LogCmds="loginit warning, logexit warning, logdatabase error" -Unattended -WarningsAsErrors -abslog="C:\Users\DNJACK\AppData\Local\UnrealBuildTool\Log_UHT.txt" -installed
[2022.03.13-16.15.22:988][716]CompilerResultsLog: Reflection code generated for SoftDesignTrainingEditor in 29.5978088 seconds
[2022.03.13-16.15.22:988][716]CompilerResultsLog: Building SoftDesignTrainingEditor...
[2022.03.13-16.15.22:988][716]CompilerResultsLog: Using Visual Studio 2019 14.29.30138 toolchain (C:\Program Files (x86)\Microsoft Visual Studio\2019\Community\VC\Tools\MSVC\14.29.30133) and Windows 10.0.18362.0 SDK (C:\Program Files (x86)\Windows Kits\10).
[2022.03.13-16.15.22:988][716]CompilerResultsLog: Building 10 actions with 12 processes...
[2022.03.13-16.15.22:988][716]CompilerResultsLog:   [1/10] SoftDesignTraining.init.gen.cpp
[2022.03.13-16.15.22:988][716]CompilerResultsLog:   [2/10] SDTAIController.gen.cpp
[2022.03.13-16.15.22:988][716]CompilerResultsLog:   [3/10] SDTPathFollowingComponent.cpp
[2022.03.13-16.15.22:988][716]CompilerResultsLog:   [4/10] SDTAnimNotify_JumpStart.cpp
[2022.03.13-16.15.22:988][716]CompilerResultsLog:   [5/10] SDTAnimNotify_JumpEnd.cpp
[2022.03.13-16.15.22:988][716]CompilerResultsLog:   [6/10] SoftDesignTrainingCharacter.cpp
[2022.03.13-16.15.22:988][716]CompilerResultsLog:   [7/10] SDTAIController.cpp
[2022.03.13-16.15.22:988][716]CompilerResultsLog:   [8/10] UE4Editor-SoftDesignTraining-4442.lib
[2022.03.13-16.15.22:988][716]CompilerResultsLog:      Creating library C:\Users\DNJACK\Desktop\labs\log8235-tp2\Intermediate\Build\Win64\UE4Editor\Development\SoftDesignTraining\UE4Editor-SoftDesignTraining-4442.lib and object C:\Users\DNJACK\Desktop\labs\log8235-tp2\Intermediate\Build\Win64\UE4Editor\Development\SoftDesignTraining\UE4Editor-SoftDesignTraining-4442.exp
[2022.03.13-16.15.22:988][716]CompilerResultsLog:   [9/10] UE4Editor-SoftDesignTraining-4442.dll
[2022.03.13-16.15.22:988][716]CompilerResultsLog:      Creating library C:\Users\DNJACK\Desktop\labs\log8235-tp2\Intermediate\Build\Win64\UE4Editor\Development\SoftDesignTraining\UE4Editor-SoftDesignTraining-4442.suppressed.lib and object C:\Users\DNJACK\Desktop\labs\log8235-tp2\Intermediate\Build\Win64\UE4Editor\Development\SoftDesignTraining\UE4Editor-SoftDesignTraining-4442.suppressed.exp
[2022.03.13-16.15.22:988][716]CompilerResultsLog:   [10/10] SoftDesignTrainingEditor.target
[2022.03.13-16.15.22:988][716]CompilerResultsLog: Total time in Parallel executor: 20.53 seconds
[2022.03.13-16.15.22:988][716]CompilerResultsLog: Total execution time: 51.25 seconds
[2022.03.13-16.15.22:988][716]LogMainFrame: MainFrame: Module compiling took 51.465 seconds
[2022.03.13-16.15.23:058][716]LogClass: Could not find existing class SDTAIController in package /Script/SoftDesignTraining for HotReload, assuming new class
[2022.03.13-16.15.23:084][716]LogHotReload: Re-instancing SDTAIController after hot-reload.
[2022.03.13-16.15.23:117][716]LogContentBrowser: Native class hierarchy updated for 'SoftDesignTraining' in 0.0006 seconds. Added 15 classes and 2 folders.
[2022.03.13-16.15.23:120][716]Display: HotReload successful (1 functions remapped  0 scriptstructs remapped)
[2022.03.13-16.15.23:226][716]LogContentBrowser: Native class hierarchy populated in 0.0130 seconds. Added 3443 classes and 825 folders.
[2022.03.13-16.15.23:228][716]Display: HotReload took 51.7s.
[2022.03.13-16.17.29:820][ 95]Cmd: OBJ SAVEPACKAGE PACKAGE="/Game/Anim/SDT_AnimBP" FILE="../../../../../../Users/DNJACK/Desktop/labs/log8235-tp2/Content/Anim/SDT_AnimBP.uasset" SILENT=true
[2022.03.13-16.17.29:860][ 95]LogSavePackage: Moving '../../../../../../Users/DNJACK/Desktop/labs/log8235-tp2/Saved/SDT_AnimBP120B6154433E5D1151C0039C4B33272A.tmp' to '../../../../../../Users/DNJACK/Desktop/labs/log8235-tp2/Content/Anim/SDT_AnimBP.uasset'
[2022.03.13-16.17.29:875][ 95]AssetCheck: New page: Asset Save: SDT_AnimBP
[2022.03.13-16.17.29:875][ 95]LogContentValidation: Display: Validating AnimBlueprint /Game/Anim/SDT_AnimBP.SDT_AnimBP
[2022.03.13-16.17.32:176][271]BlueprintLog: New page: Compile SDT_AnimBP
[2022.03.13-16.17.32:270][271]LogUObjectHash: Compacting FUObjectHashTables data took   4.35ms
[2022.03.13-16.17.41:735][ 84]LogSlate: Window 'SDT_AnimBP' being destroyed
[2022.03.13-16.17.41:740][ 84]LogSlate: Window 'SDT_AnimBP' being destroyed
[2022.03.13-16.17.41:769][ 84]LogWorld: UWorld::CleanupWorld for World_16, bSessionEnded=true, bCleanupResources=true
[2022.03.13-16.17.41:769][ 84]LogSlate: InvalidateAllWidgets triggered.  All widgets were invalidated
[2022.03.13-16.17.41:774][ 84]LogWorld: UWorld::CleanupWorld for World_15, bSessionEnded=true, bCleanupResources=true
[2022.03.13-16.17.41:774][ 84]LogSlate: InvalidateAllWidgets triggered.  All widgets were invalidated
[2022.03.13-16.17.41:907][ 84]LogWorld: UWorld::CleanupWorld for World_17, bSessionEnded=true, bCleanupResources=true
[2022.03.13-16.17.41:907][ 84]LogSlate: InvalidateAllWidgets triggered.  All widgets were invalidated
[2022.03.13-16.17.43:604][283]LogTemp: Repeating last play command: Selected Viewport
[2022.03.13-16.17.43:627][283]LogPlayLevel: PlayLevel: No blueprints needed recompiling
[2022.03.13-16.17.43:628][283]PIE: New page: PIE session: TopDownExampleMap (Mar. 13, 2022, 8:17:43 a.m.)
[2022.03.13-16.17.43:634][283]LogOnline: OSS: Creating online subsystem instance for: NULL
[2022.03.13-16.17.43:636][283]LogOnline: OSS: TryLoadSubsystemAndSetDefault: Loaded subsystem for module [NULL]
[2022.03.13-16.17.43:637][283]LogPlayLevel: Creating play world package: /Game/TopDown/Maps/UEDPIE_0_TopDownExampleMap
[2022.03.13-16.17.43:702][283]LogPlayLevel: PIE: StaticDuplicateObject took: (0.064843s)
[2022.03.13-16.17.43:704][283]LogAIModule: Creating AISystem for world TopDownExampleMap
[2022.03.13-16.17.43:704][283]LogAISub: UAISubsystem::UAISubsystem EnvQueryManager (000001B3E7D81600), frame # 116283
[2022.03.13-16.17.43:704][283]LogAISub: UAISubsystem::UAISubsystem AIPerceptionSystem (000001B3D90CE0C0), frame # 116283
[2022.03.13-16.17.43:705][283]LogPlayLevel: PIE: World Init took: (0.002044s)
[2022.03.13-16.17.43:705][283]LogPlayLevel: PIE: Created PIE world by copying editor world from /Game/TopDown/Maps/TopDownExampleMap.TopDownExampleMap to /Game/TopDown/Maps/UEDPIE_0_TopDownExampleMap.TopDownExampleMap (0.067901s)
[2022.03.13-16.17.43:771][283]LogUObjectHash: Compacting FUObjectHashTables data took   3.78ms
[2022.03.13-16.17.43:777][283]LogAudioMixer: Display: Audio Mixer Platform Settings:
[2022.03.13-16.17.43:777][283]LogAudioMixer: Display: 	Sample Rate:						  48000
[2022.03.13-16.17.43:777][283]LogAudioMixer: Display: 	Callback Buffer Frame Size Requested: 1024
[2022.03.13-16.17.43:777][283]LogAudioMixer: Display: 	Callback Buffer Frame Size To Use:	  1024
[2022.03.13-16.17.43:777][283]LogAudioMixer: Display: 	Number of buffers to queue:			  2
[2022.03.13-16.17.43:777][283]LogAudioMixer: Display: 	Max Channels (voices):				  32
[2022.03.13-16.17.43:777][283]LogAudioMixer: Display: 	Number of Async Source Workers:		  0
[2022.03.13-16.17.43:777][283]LogAudio: Display: AudioDevice MaxSources: 32
[2022.03.13-16.17.43:778][283]LogAudio: Display: Using built-in audio occlusion.
[2022.03.13-16.17.43:778][283]LogAudioMixer: Display: Initializing audio mixer.
[2022.03.13-16.17.43:784][283]LogAudioMixer: Display: 0: FrontLeft
[2022.03.13-16.17.43:784][283]LogAudioMixer: Display: 1: FrontRight
[2022.03.13-16.17.43:805][283]LogAudioMixer: Display: Using Audio Device Speakers (High Definition Audio Device)
[2022.03.13-16.17.43:805][283]LogAudioMixer: Display: Initializing Sound Submixes...
[2022.03.13-16.17.43:805][283]LogAudioMixer: Display: Creating Master Submix 'MasterSubmixDefault'
[2022.03.13-16.17.43:805][283]LogAudioMixer: Display: Creating Master Submix 'MasterReverbSubmixDefault'
[2022.03.13-16.17.43:806][283]LogAudioMixer: Display: Creating Master Submix 'MasterEQSubmixDefault'
[2022.03.13-16.17.43:820][283]LogInit: FAudioDevice initialized.
[2022.03.13-16.17.43:838][283]LogLoad: Game class is 'SoftDesignTrainingGameMode'
[2022.03.13-16.17.43:844][283]LogWorld: Bringing World /Game/TopDown/Maps/UEDPIE_0_TopDownExampleMap.TopDownExampleMap up for play (max tick rate 0) at 2022.03.13-12.17.43
[2022.03.13-16.17.43:858][283]LogWorld: Bringing up level for play took: 0.018564
[2022.03.13-16.17.43:859][283]LogOnline: OSS: Creating online subsystem instance for: :Context_19
[2022.03.13-16.17.43:921][283]LogContentBrowser: Native class hierarchy updated for 'MovieSceneCapture' in 0.0006 seconds. Added 20 classes and 0 folders.
[2022.03.13-16.17.43:921][283]LogGameMode: Display: Match State Changed from EnteringMap to WaitingToStart
[2022.03.13-16.17.43:921][283]LogGameState: Match State Changed from EnteringMap to WaitingToStart
[2022.03.13-16.17.43:921][283]LogGameMode: Display: Match State Changed from WaitingToStart to InProgress
[2022.03.13-16.17.43:929][283]LogGameState: Match State Changed from WaitingToStart to InProgress
[2022.03.13-16.17.43:929][283]PIE: Server logged in
[2022.03.13-16.17.43:932][283]PIE: Play in editor total start time 0.314 seconds.
[2022.03.13-16.18.42:356][220]LogSlate: Updating window title bar state: overlay mode, drag disabled, window buttons hidden, title bar hidden
[2022.03.13-16.18.42:356][220]LogWorld: BeginTearingDown for /Game/TopDown/Maps/UEDPIE_0_TopDownExampleMap
[2022.03.13-16.18.42:356][220]LogWorld: UWorld::CleanupWorld for TopDownExampleMap, bSessionEnded=true, bCleanupResources=true
[2022.03.13-16.18.42:357][220]LogSlate: InvalidateAllWidgets triggered.  All widgets were invalidated
[2022.03.13-16.18.42:368][220]LogPlayLevel: Display: Shutting down PIE online subsystems
[2022.03.13-16.18.42:374][220]LogSlate: InvalidateAllWidgets triggered.  All widgets were invalidated
[2022.03.13-16.18.42:414][220]LogSlate: Updating window title bar state: overlay mode, drag disabled, window buttons hidden, title bar hidden
[2022.03.13-16.18.42:442][220]LogAISub: UAISubsystem::~UAISubsystem AIPerceptionSystem (000001B3D90CE0C0), frame # 123220
[2022.03.13-16.18.42:442][220]LogAISub: UAISubsystem::~UAISubsystem EnvQueryManager (000001B3E7D81600), frame # 123220
[2022.03.13-16.18.42:501][220]LogUObjectHash: Compacting FUObjectHashTables data took   5.48ms
[2022.03.13-16.18.42:536][221]LogPlayLevel: Display: Destroying online subsystem :Context_19
